Log file open, 09/16/18 15:14:44
LogWindows: Failed to load 'aqProf.dll' (GetLastError=126)
LogWindows: File 'aqProf.dll' does not exist
LogWindows: Failed to load 'VtuneApi.dll' (GetLastError=126)
LogWindows: File 'VtuneApi.dll' does not exist
LogWindows: Failed to load 'VtuneApi32e.dll' (GetLastError=126)
LogWindows: File 'VtuneApi32e.dll' does not exist
LogInit: Display: Running engine for game: CieloKarcero
LogPlatformFile: Not using cached read wrapper
LogInit: Display: RandInit(-494134901) SRandInit(-494134901).
LogInit: Read version file with build ID '3944462'
LogInit: Overriding engine version to CL 4033788, compatible CL 3944462
LogInit: Registered custom module enumerator with build ID '3944462'
LogTaskGraph: Started task graph with 5 named threads and 11 total threads with 3 sets of task threads.
LogStats: Stats thread started at 0.416666
LogD3D11RHI: Aftermath initialized
LogICUInternationalization: Display: ICU TimeZone Detection - Raw Offset: -5:00, Platform Override: ''
LogModuleManager: Display: Found up-to-date module file ../../../Engine/Plugins/2D/Paper2D/Binaries/Win64/UE4Editor-Paper2D.dll (API version 3944462).
LogModuleManager: Display: Found up-to-date module file ../../../Engine/Plugins/2D/Paper2D/Binaries/Win64/UE4Editor-Paper2DEditor.dll (API version 3944462).
LogModuleManager: Display: Found up-to-date module file ../../../Engine/Plugins/2D/Paper2D/Binaries/Win64/UE4Editor-PaperSpriteSheetImporter.dll (API version 3944462).
LogModuleManager: Display: Found up-to-date module file ../../../Engine/Plugins/2D/Paper2D/Binaries/Win64/UE4Editor-PaperTiledImporter.dll (API version 3944462).
LogModuleManager: Display: Found up-to-date module file ../../../Engine/Plugins/2D/Paper2D/Binaries/Win64/UE4Editor-SmartSnapping.dll (API version 3944462).
LogModuleManager: Display: Found up-to-date module file ../../../Engine/Plugins/Blendables/LightPropagationVolume/Binaries/Win64/UE4Editor-LightPropagationVolumeRuntime.dll (API version 3944462).
LogModuleManager: Display: Found up-to-date module file ../../../Engine/Plugins/Blendables/LightPropagationVolume/Binaries/Win64/UE4Editor-LightPropagationVolumeEditor.dll (API version 3944462).
LogModuleManager: Display: Found up-to-date module file ../../../Engine/Plugins/Developer/CLionSourceCodeAccess/Binaries/Win64/UE4Editor-CLionSourceCodeAccess.dll (API version 3944462).
LogModuleManager: Display: Found up-to-date module file ../../../Engine/Plugins/Developer/GitSourceControl/Binaries/Win64/UE4Editor-GitSourceControl.dll (API version 3944462).
LogModuleManager: Display: Found up-to-date module file ../../../Engine/Plugins/Developer/PerforceSourceControl/Binaries/Win64/UE4Editor-PerforceSourceControl.dll (API version 3944462).
LogModuleManager: Display: Found up-to-date module file ../../../Engine/Plugins/Developer/SubversionSourceControl/Binaries/Win64/UE4Editor-SubversionSourceControl.dll (API version 3944462).
LogModuleManager: Display: Found up-to-date module file ../../../Engine/Plugins/Developer/UObjectPlugin/Binaries/Win64/UE4Editor-UObjectPlugin.dll (API version 3944462).
LogModuleManager: Display: Found up-to-date module file ../../../Engine/Plugins/Developer/VisualStudioCodeSourceCodeAccess/Binaries/Win64/UE4Editor-VisualStudioCodeSourceCodeAccess.dll (API version 3944462).
LogModuleManager: Display: Found up-to-date module file ../../../Engine/Plugins/Developer/VisualStudioSourceCodeAccess/Binaries/Win64/UE4Editor-VisualStudioSourceCodeAccess.dll (API version 3944462).
LogModuleManager: Display: Found up-to-date module file ../../../Engine/Plugins/Editor/AssetManagerEditor/Binaries/Win64/UE4Editor-AssetManagerEditor.dll (API version 3944462).
LogModuleManager: Display: Found up-to-date module file ../../../Engine/Plugins/Editor/CryptoKeys/Binaries/Win64/UE4Editor-CryptoKeys.dll (API version 3944462).
LogModuleManager: Display: Found up-to-date module file ../../../Engine/Plugins/Editor/CryptoKeys/Binaries/Win64/UE4Editor-CryptoKeysOpenSSL.dll (API version 3944462).
LogModuleManager: Display: Found up-to-date module file ../../../Engine/Plugins/Editor/DataValidation/Binaries/Win64/UE4Editor-DataValidation.dll (API version 3944462).
LogModuleManager: Display: Found up-to-date module file ../../../Engine/Plugins/Editor/FacialAnimation/Binaries/Win64/UE4Editor-FacialAnimation.dll (API version 3944462).
LogModuleManager: Display: Found up-to-date module file ../../../Engine/Plugins/Editor/FacialAnimation/Binaries/Win64/UE4Editor-FacialAnimationEditor.dll (API version 3944462).
LogModuleManager: Display: Found up-to-date module file ../../../Engine/Plugins/Editor/GameplayTagsEditor/Binaries/Win64/UE4Editor-GameplayTagsEditor.dll (API version 3944462).
LogModuleManager: Display: Found up-to-date module file ../../../Engine/Plugins/Editor/MobileLauncherProfileWizard/Binaries/Win64/UE4Editor-MobileLauncherProfileWizard.dll (API version 3944462).
LogModuleManager: Display: Found up-to-date module file ../../../Engine/Plugins/Editor/PluginBrowser/Binaries/Win64/UE4Editor-PluginBrowser.dll (API version 3944462).
LogModuleManager: Display: Found up-to-date module file ../../../Engine/Plugins/Editor/SpeedTreeImporter/Binaries/Win64/UE4Editor-SpeedTreeImporter.dll (API version 3944462).
LogModuleManager: Display: Found up-to-date module file ../../../Engine/Plugins/Enterprise/DatasmithContent/Binaries/Win64/UE4Editor-DatasmithContent.dll (API version 3944462).
LogModuleManager: Display: Found up-to-date module file ../../../Engine/Plugins/Experimental/AlembicImporter/Binaries/Win64/UE4Editor-AlembicImporter.dll (API version 3944462).
LogModuleManager: Display: Found up-to-date module file ../../../Engine/Plugins/Experimental/AlembicImporter/Binaries/Win64/UE4Editor-AlembicLibrary.dll (API version 3944462).
LogModuleManager: Display: Found up-to-date module file ../../../Engine/Plugins/Experimental/CharacterAI/Binaries/Win64/UE4Editor-CharacterAI.dll (API version 3944462).
LogModuleManager: Display: Found up-to-date module file ../../../Engine/Plugins/Experimental/HTML5Networking/Binaries/Win64/UE4Editor-HTML5Networking.dll (API version 3944462).
LogModuleManager: Display: Found up-to-date module file ../../../Engine/Plugins/Media/AndroidMedia/Binaries/Win64/UE4Editor-AndroidMediaEditor.dll (API version 3944462).
LogModuleManager: Display: Found up-to-date module file ../../../Engine/Plugins/Media/AndroidMedia/Binaries/Win64/UE4Editor-AndroidMediaFactory.dll (API version 3944462).
LogModuleManager: Display: Found up-to-date module file ../../../Engine/Plugins/Media/AvfMedia/Binaries/Win64/UE4Editor-AvfMediaEditor.dll (API version 3944462).
LogModuleManager: Display: Found up-to-date module file ../../../Engine/Plugins/Media/AvfMedia/Binaries/Win64/UE4Editor-AvfMediaFactory.dll (API version 3944462).
LogModuleManager: Display: Found up-to-date module file ../../../Engine/Plugins/Media/AvfMedia/Binaries/Win64/UE4Editor-AvfMediaFactory.dll (API version 3944462).
LogModuleManager: Display: Found up-to-date module file ../../../Engine/Plugins/Media/ImgMedia/Binaries/Win64/UE4Editor-ImgMedia.dll (API version 3944462).
LogModuleManager: Display: Found up-to-date module file ../../../Engine/Plugins/Media/ImgMedia/Binaries/Win64/UE4Editor-ImgMediaEditor.dll (API version 3944462).
LogModuleManager: Display: Found up-to-date module file ../../../Engine/Plugins/Media/ImgMedia/Binaries/Win64/UE4Editor-ImgMediaFactory.dll (API version 3944462).
LogModuleManager: Display: Found up-to-date module file ../../../Engine/Plugins/Media/ImgMedia/Binaries/Win64/UE4Editor-ImgMediaFactory.dll (API version 3944462).
LogModuleManager: Display: Found up-to-date module file ../../../Engine/Plugins/Media/ImgMedia/Binaries/Win64/UE4Editor-OpenExrWrapper.dll (API version 3944462).
LogModuleManager: Display: Found up-to-date module file ../../../Engine/Plugins/Media/LinearTimecode/Binaries/Win64/UE4Editor-LinearTimecode.dll (API version 3944462).
LogModuleManager: Display: Found up-to-date module file ../../../Engine/Plugins/Media/MediaCompositing/Binaries/Win64/UE4Editor-MediaCompositing.dll (API version 3944462).
LogModuleManager: Display: Found up-to-date module file ../../../Engine/Plugins/Media/MediaCompositing/Binaries/Win64/UE4Editor-MediaCompositingEditor.dll (API version 3944462).
LogModuleManager: Display: Found up-to-date module file ../../../Engine/Plugins/Media/MediaPlayerEditor/Binaries/Win64/UE4Editor-MediaPlayerEditor.dll (API version 3944462).
LogModuleManager: Display: Found up-to-date module file ../../../Engine/Plugins/Media/WmfMedia/Binaries/Win64/UE4Editor-WmfMedia.dll (API version 3944462).
LogModuleManager: Display: Found up-to-date module file ../../../Engine/Plugins/Media/WmfMedia/Binaries/Win64/UE4Editor-WmfMediaEditor.dll (API version 3944462).
LogModuleManager: Display: Found up-to-date module file ../../../Engine/Plugins/Media/WmfMedia/Binaries/Win64/UE4Editor-WmfMediaFactory.dll (API version 3944462).
LogModuleManager: Display: Found up-to-date module file ../../../Engine/Plugins/Media/WmfMedia/Binaries/Win64/UE4Editor-WmfMediaFactory.dll (API version 3944462).
LogModuleManager: Display: Found up-to-date module file ../../../Engine/Plugins/Messaging/TcpMessaging/Binaries/Win64/UE4Editor-TcpMessaging.dll (API version 3944462).
LogModuleManager: Display: Found up-to-date module file ../../../Engine/Plugins/Messaging/UdpMessaging/Binaries/Win64/UE4Editor-UdpMessaging.dll (API version 3944462).
LogModuleManager: Display: Found up-to-date module file ../../../Engine/Plugins/MovieScene/ActorSequence/Binaries/Win64/UE4Editor-ActorSequence.dll (API version 3944462).
LogModuleManager: Display: Found up-to-date module file ../../../Engine/Plugins/MovieScene/LevelSequenceEditor/Binaries/Win64/UE4Editor-LevelSequenceEditor.dll (API version 3944462).
LogModuleManager: Display: Found up-to-date module file ../../../Engine/Plugins/MovieScene/MatineeToLevelSequence/Binaries/Win64/UE4Editor-MatineeToLevelSequence.dll (API version 3944462).
LogModuleManager: Display: Found up-to-date module file ../../../Engine/Plugins/NetcodeUnitTest/NetcodeUnitTest/Binaries/Win64/UE4Editor-NetcodeUnitTest.dll (API version 3944462).
LogModuleManager: Display: Found up-to-date module file ../../../Engine/Plugins/NetcodeUnitTest/NUTUnrealEngine4/Binaries/Win64/UE4Editor-NUTUnrealEngine4.dll (API version 3944462).
LogModuleManager: Display: Found up-to-date module file ../../../Engine/Plugins/Online/OnlineSubsystem/Binaries/Win64/UE4Editor-OnlineSubsystem.dll (API version 3944462).
LogModuleManager: Display: Found up-to-date module file ../../../Engine/Plugins/Runtime/AndroidPermission/Binaries/Win64/UE4Editor-AndroidPermission.dll (API version 3944462).
LogModuleManager: Display: Found up-to-date module file ../../../Engine/Plugins/Online/OnlineSubsystemNull/Binaries/Win64/UE4Editor-OnlineSubsystemNull.dll (API version 3944462).
LogModuleManager: Display: Found up-to-date module file ../../../Engine/Plugins/Online/OnlineSubsystemUtils/Binaries/Win64/UE4Editor-OnlineSubsystemUtils.dll (API version 3944462).
LogModuleManager: Display: Found up-to-date module file ../../../Engine/Plugins/Online/OnlineSubsystemUtils/Binaries/Win64/UE4Editor-OnlineBlueprintSupport.dll (API version 3944462).
LogModuleManager: Display: Found up-to-date module file ../../../Engine/Plugins/Runtime/AndroidDeviceProfileSelector/Binaries/Win64/UE4Editor-AndroidDeviceProfileSelector.dll (API version 3944462).
LogModuleManager: Display: Found up-to-date module file ../../../Engine/Plugins/Runtime/AppleARKit/Binaries/Win64/UE4Editor-AppleARKit.dll (API version 3944462).
LogModuleManager: Display: Found up-to-date module file ../../../Engine/Plugins/Runtime/ProceduralMeshComponent/Binaries/Win64/UE4Editor-ProceduralMeshComponent.dll (API version 3944462).
LogModuleManager: Display: Found up-to-date module file ../../../Engine/Plugins/Runtime/ProceduralMeshComponent/Binaries/Win64/UE4Editor-ProceduralMeshComponentEditor.dll (API version 3944462).
LogModuleManager: Display: Found up-to-date module file ../../../Engine/Plugins/Animation/LiveLink/Binaries/Win64/UE4Editor-LiveLink.dll (API version 3944462).
LogModuleManager: Display: Found up-to-date module file ../../../Engine/Plugins/Animation/LiveLink/Binaries/Win64/UE4Editor-LiveLinkEditor.dll (API version 3944462).
LogModuleManager: Display: Found up-to-date module file ../../../Engine/Plugins/Runtime/ArchVisCharacter/Binaries/Win64/UE4Editor-ArchVisCharacter.dll (API version 3944462).
LogModuleManager: Display: Found up-to-date module file ../../../Engine/Plugins/Runtime/AudioCapture/Binaries/Win64/UE4Editor-AudioCapture.dll (API version 3944462).
LogModuleManager: Display: Found up-to-date module file ../../../Engine/Plugins/Runtime/AudioCapture/Binaries/Win64/UE4Editor-AudioCaptureEditor.dll (API version 3944462).
LogModuleManager: Display: Found up-to-date module file ../../../Engine/Plugins/Runtime/CableComponent/Binaries/Win64/UE4Editor-CableComponent.dll (API version 3944462).
LogModuleManager: Display: Found up-to-date module file ../../../Engine/Plugins/Runtime/CustomMeshComponent/Binaries/Win64/UE4Editor-CustomMeshComponent.dll (API version 3944462).
LogModuleManager: Display: Found up-to-date module file ../../../Engine/Plugins/Runtime/ExampleDeviceProfileSelector/Binaries/Win64/UE4Editor-ExampleDeviceProfileSelector.dll (API version 3944462).
LogModuleManager: Display: Found up-to-date module file ../../../Engine/Plugins/Runtime/ImmediatePhysics/Binaries/Win64/UE4Editor-ImmediatePhysics.dll (API version 3944462).
LogModuleManager: Display: Found up-to-date module file ../../../Engine/Plugins/Runtime/ImmediatePhysics/Binaries/Win64/UE4Editor-ImmediatePhysicsEditor.dll (API version 3944462).
LogModuleManager: Display: Found up-to-date module file ../../../Engine/Plugins/Runtime/LocationServicesBPLibrary/Binaries/Win64/UE4Editor-LocationServicesBPLibrary.dll (API version 3944462).
LogModuleManager: Display: Found up-to-date module file ../../../Engine/Plugins/Runtime/MobilePatchingUtils/Binaries/Win64/UE4Editor-MobilePatchingUtils.dll (API version 3944462).
LogModuleManager: Display: Found up-to-date module file ../../../Engine/Plugins/Runtime/Oculus/OculusVR/Binaries/Win64/UE4Editor-OculusHMD.dll (API version 3944462).
LogModuleManager: Display: Found up-to-date module file ../../../Engine/Plugins/Runtime/Oculus/OculusVR/Binaries/Win64/UE4Editor-OculusInput.dll (API version 3944462).
LogModuleManager: Display: Found up-to-date module file ../../../Engine/Plugins/Runtime/Oculus/OculusVR/Binaries/Win64/UE4Editor-OculusEditor.dll (API version 3944462).
LogModuleManager: Display: Found up-to-date module file ../../../Engine/Plugins/Runtime/PhysXVehicles/Binaries/Win64/UE4Editor-PhysXVehicles.dll (API version 3944462).
LogModuleManager: Display: Found up-to-date module file ../../../Engine/Plugins/Runtime/PhysXVehicles/Binaries/Win64/UE4Editor-PhysXVehiclesEditor.dll (API version 3944462).
LogModuleManager: Display: Found up-to-date module file ../../../Engine/Plugins/Runtime/RuntimePhysXCooking/Binaries/Win64/UE4Editor-RuntimePhysXCooking.dll (API version 3944462).
LogModuleManager: Display: Found up-to-date module file ../../../Engine/Plugins/Runtime/Steam/SteamVR/Binaries/Win64/UE4Editor-SteamVR.dll (API version 3944462).
LogModuleManager: Display: Found up-to-date module file ../../../Engine/Plugins/Runtime/Steam/SteamVR/Binaries/Win64/UE4Editor-SteamVRController.dll (API version 3944462).
LogModuleManager: Display: Found up-to-date module file ../../../Engine/Plugins/Runtime/WindowsMoviePlayer/Binaries/Win64/UE4Editor-WindowsMoviePlayer.dll (API version 3944462).
LogPluginManager: Mounting plugin Paper2D
LogPluginManager: Mounting plugin LiveLink
LogPluginManager: Mounting plugin LightPropagationVolume
LogPluginManager: Mounting plugin CLionSourceCodeAccess
LogPluginManager: Mounting plugin CodeLiteSourceCodeAccess
LogPluginManager: Mounting plugin GitSourceControl
LogPluginManager: Mounting plugin KDevelopSourceCodeAccess
LogPluginManager: Mounting plugin NullSourceCodeAccess
LogPluginManager: Mounting plugin PerforceSourceControl
LogPluginManager: Mounting plugin SubversionSourceControl
LogPluginManager: Mounting plugin UObjectPlugin
LogPluginManager: Mounting plugin VisualStudioCodeSourceCodeAccess
LogPluginManager: Mounting plugin VisualStudioSourceCodeAccess
LogPluginManager: Mounting plugin XCodeSourceCodeAccess
LogPluginManager: Mounting plugin AssetManagerEditor
LogPluginManager: Mounting plugin CryptoKeys
LogPluginManager: Mounting plugin DataValidation
LogPluginManager: Mounting plugin FacialAnimation
LogPluginManager: Mounting plugin GameplayTagsEditor
LogPluginManager: Mounting plugin MobileLauncherProfileWizard
LogPluginManager: Mounting plugin PluginBrowser
LogPluginManager: Mounting plugin SpeedTreeImporter
LogPluginManager: Mounting plugin DatasmithContent
LogPluginManager: Mounting plugin AlembicImporter
LogPluginManager: Mounting plugin CharacterAI
LogPluginManager: Mounting plugin HTML5Networking
LogPluginManager: Mounting plugin AndroidMedia
LogPluginManager: Mounting plugin AvfMedia
LogPluginManager: Mounting plugin ImgMedia
LogPluginManager: Mounting plugin LinearTimecode
LogPluginManager: Mounting plugin MediaCompositing
LogPluginManager: Mounting plugin MediaPlayerEditor
LogPluginManager: Mounting plugin WmfMedia
LogPluginManager: Mounting plugin TcpMessaging
LogPluginManager: Mounting plugin UdpMessaging
LogPluginManager: Mounting plugin ActorSequence
LogPluginManager: Mounting plugin LevelSequenceEditor
LogPluginManager: Mounting plugin MatineeToLevelSequence
LogPluginManager: Mounting plugin NetcodeUnitTest
LogPluginManager: Mounting plugin NUTUnrealEngine4
LogPluginManager: Mounting plugin OnlineSubsystemGooglePlay
LogPluginManager: Mounting plugin OnlineSubsystemIOS
LogPluginManager: Mounting plugin OnlineSubsystem
LogPluginManager: Mounting plugin OnlineSubsystemNull
LogPluginManager: Mounting plugin OnlineSubsystemUtils
LogPluginManager: Mounting plugin AndroidDeviceProfileSelector
LogPluginManager: Mounting plugin AndroidMoviePlayer
LogPluginManager: Mounting plugin AndroidPermission
LogPluginManager: Mounting plugin AppleARKit
LogPluginManager: Mounting plugin AppleMoviePlayer
LogPluginManager: Mounting plugin ArchVisCharacter
LogPluginManager: Mounting plugin AudioCapture
LogPluginManager: Mounting plugin CableComponent
LogPluginManager: Mounting plugin CustomMeshComponent
LogPluginManager: Mounting plugin ExampleDeviceProfileSelector
LogPluginManager: Mounting plugin GoogleCloudMessaging
LogPluginManager: Mounting plugin ImmediatePhysics
LogPluginManager: Mounting plugin IOSDeviceProfileSelector
LogPluginManager: Mounting plugin LinuxDeviceProfileSelector
LogPluginManager: Mounting plugin LocationServicesBPLibrary
LogPluginManager: Mounting plugin MobilePatchingUtils
LogPluginManager: Mounting plugin OculusVR
LogPluginManager: Plugin shader directory ../../../Engine/Plugins/Runtime/Oculus/OculusVR/Shaders found
LogPluginManager: Mapping shader source directory ../../../Engine/Plugins/Runtime/Oculus/OculusVR/Shaders to virtual directory /Plugin/OculusVR
LogPluginManager: Mounting plugin PhysXVehicles
LogPluginManager: Mounting plugin ProceduralMeshComponent
LogPluginManager: Mounting plugin RuntimePhysXCooking
LogPluginManager: Mounting plugin SteamVR
LogPluginManager: Mounting plugin WindowsMoviePlayer
LogStreaming: Display: Took  4.311s to configure plugins.
LogInit: Using libcurl 7.47.1
LogInit:  - built for x86_64-pc-win32
LogInit:  - supports SSL with OpenSSL/1.0.2g
LogInit:  - supports HTTP deflate (compression) using libz 1.2.8
LogInit:  - other features:
LogInit:      CURL_VERSION_SSL
LogInit:      CURL_VERSION_LIBZ
LogInit:      CURL_VERSION_IPV6
LogInit:      CURL_VERSION_ASYNCHDNS
LogInit:      CURL_VERSION_LARGEFILE
LogInit:      CURL_VERSION_IDN
LogInit:  CurlRequestOptions (configurable via config and command line):
LogInit:  - bVerifyPeer = false  - Libcurl will NOT verify peer certificate
LogInit:  - bUseHttpProxy = false  - Libcurl will NOT use HTTP proxy
LogInit:  - bDontReuseConnections = false  - Libcurl will reuse connections
LogInit:  - CertBundlePath = nullptr  - Libcurl will use whatever was configured at build time.
LogInit:  - MaxHostConnections = 16  - Libcurl will limit the number of connections to a host
LogInit:  - LocalHostAddr = Default
LogInit: WinSock: version 1.1 (2.2), MaxSocks=32767, MaxUdp=65467
LogInit: WinSock: I am DESKTOP-5OGJ61U (172.25.98.133:0)
LogInit: Build: ++UE4+Release-4.19-CL-4033788
LogInit: Engine Version: 4.19.2-4033788+++UE4+Release-4.19
LogInit: Compatible Engine Version: 4.19.0-3944462+++UE4+Release-4.19
LogInit: Net CL: 3944462
LogDevObjectVersion: Number of dev versions registered: 18
LogDevObjectVersion:   Dev-Blueprints (B0D832E4-1F89-4F0D-ACCF-7EB736FD4AA2): 10
LogDevObjectVersion:   Dev-Build (E1C64328-A22C-4D53-A36C-8E866417BD8C): 0
LogDevObjectVersion:   Dev-Core (375EC13C-06E4-48FB-B500-84F0262A717E): 2
LogDevObjectVersion:   Dev-Editor (E4B068ED-F494-42E9-A231-DA0B2E46BB41): 23
LogDevObjectVersion:   Dev-Framework (CFFC743F-43B0-4480-9391-14DF171D2073): 33
LogDevObjectVersion:   Dev-Mobile (B02B49B5-BB20-44E9-A304-32B752E40360): 2
LogDevObjectVersion:   Dev-Networking (A4E4105C-59A1-49B5-A7C5-40C4547EDFEE): 0
LogDevObjectVersion:   Dev-Online (39C831C9-5AE6-47DC-9A44-9C173E1C8E7C): 0
LogDevObjectVersion:   Dev-Physics (78F01B33-EBEA-4F98-B9B4-84EACCB95AA2): 0
LogDevObjectVersion:   Dev-Platform (6631380F-2D4D-43E0-8009-CF276956A95A): 0
LogDevObjectVersion:   Dev-Rendering (12F88B9F-8875-4AFC-A67C-D90C383ABD29): 25
LogDevObjectVersion:   Dev-Sequencer (7B5AE74C-D270-4C10-A958-57980B212A5A): 6
LogDevObjectVersion:   Dev-VR (D7296918-1DD6-4BDD-9DE2-64A83CC13884): 1
LogDevObjectVersion:   Dev-LoadTimes (C2A15278-BFE7-4AFE-6C17-90FF531DF755): 1
LogDevObjectVersion:   Private-Geometry (6EACA3D4-40EC-4CC1-B786-8BED09428FC5): 2
LogDevObjectVersion:   Dev-AnimPhys (29E575DD-E0A3-4627-9D10-D276232CDCEA): 16
LogDevObjectVersion:   Dev-ReflectionCapture (6B266CEC-1EC7-4B8F-A30B-E4D90942FC07): 1
LogDevObjectVersion:   Dev-Automation (0DF73D61-A23F-47EA-B727-89E90C41499A): 1
LogInit: Compiled (64-bit): Apr 27 2018 02:06:57
LogInit: Compiled with Visual C++: 19.00.24215.01
LogInit: Build Configuration: Development
LogInit: Branch Name: ++UE4+Release-4.19
LogInit: Command Line:  /Game/FirstPersonBP/Maps/FirstPersonExampleMap -game -PIEVIACONSOLE -ResX=1280 -ResY=720  -Multiprocess -messaging -SessionName="Play in Standalone Game" -windowed 
LogInit: Base Directory: C:/Program Files/Epic Games/UE_4.19/Engine/Binaries/Win64/
LogInit: Installed Engine Build: 1
LogStreaming: Display: Took  0.002s to delete old logs.
LogInit: Presizing for max 8388607 objects, including 0 objects not considered by GC, pre-allocating 0 bytes for permanent pool.
LogInit: Object subsystem initialized
[2018.09.16-19.14.49:623][  0]LogInit: Selected Device Profile: [Windows]
[2018.09.16-19.14.49:623][  0]LogInit: Applying CVar settings loaded from the selected device profile: [Windows]
[2018.09.16-19.14.49:640][  0]LogInit: Computer: DESKTOP-5OGJ61U
[2018.09.16-19.14.49:640][  0]LogInit: User: wesda
[2018.09.16-19.14.49:640][  0]LogInit: CPU Page size=4096, Cores=2
[2018.09.16-19.14.49:640][  0]LogInit: High frequency timer resolution =2.343749 MHz
[2018.09.16-19.14.49:641][  0]LogMemory: Memory total: Physical=19.9GB (20GB approx)
[2018.09.16-19.14.49:641][  0]LogMemory: Platform Memory Stats for Windows
[2018.09.16-19.14.49:641][  0]LogMemory: Process Physical Memory: 274.11 MB used, 274.11 MB peak
[2018.09.16-19.14.49:642][  0]LogMemory: Process Virtual Memory: 263.92 MB used, 263.92 MB peak
[2018.09.16-19.14.49:642][  0]LogMemory: Physical Memory: 11021.20 MB used,  9330.40 MB free, 20351.60 MB total
[2018.09.16-19.14.49:642][  0]LogMemory: Virtual Memory: 4776.07 MB used,  9330.40 MB free, 134217728.00 MB total
[2018.09.16-19.14.49:702][  0]LogInit: Using OS detected language (en-US).
[2018.09.16-19.14.49:702][  0]LogInit: Using OS detected locale (en-US).
[2018.09.16-19.14.49:703][  0]LogTextLocalizationManager: No localization for 'en-US' exists, so 'en' will be used for the language.
[2018.09.16-19.14.49:703][  0]LogTextLocalizationManager: No localization for 'en-US' exists, so 'en' will be used for the locale.
[2018.09.16-19.14.51:216][  0]LogStreaming: Display: Took  1.515s to EndInitTextLocalization.
[2018.09.16-19.14.51:269][  0]LogSlate: New Slate User Created.  User Index 0, Is Virtual User: 0
[2018.09.16-19.14.51:269][  0]LogSlate: Slate User Registered.  User Index 0, Is Virtual User: 0
[2018.09.16-19.14.51:275][  0]LogD3D11RHI: D3D11 adapters:
[2018.09.16-19.14.51:288][  0]LogD3D11RHI:    0. 'Intel(R) HD Graphics 520' (Feature Level 11_0)
[2018.09.16-19.14.51:288][  0]LogD3D11RHI:       128/0/10175 MB DedicatedVideo/DedicatedSystem/SharedSystem, Outputs:1, VendorId:0x8086
[2018.09.16-19.14.51:293][  0]LogD3D11RHI:    1. 'Microsoft Basic Render Driver' (Feature Level 11_0)
[2018.09.16-19.14.51:293][  0]LogD3D11RHI:       0/0/10175 MB DedicatedVideo/DedicatedSystem/SharedSystem, Outputs:0, VendorId:0x1414
[2018.09.16-19.14.51:293][  0]LogD3D11RHI: Chosen D3D11 Adapter: 0
[2018.09.16-19.14.51:304][  0]LogD3D11RHI: Creating new Direct3DDevice
[2018.09.16-19.14.51:304][  0]LogD3D11RHI:     GPU DeviceId: 0x1916 (for the marketing name, search the web for "GPU Device Id")
[2018.09.16-19.14.51:304][  0]LogWindows: EnumDisplayDevices:
[2018.09.16-19.14.51:304][  0]LogWindows:    0. 'Intel(R) HD Graphics 520' (P:1 D:1)
[2018.09.16-19.14.51:304][  0]LogWindows:    1. 'Intel(R) HD Graphics 520' (P:0 D:0)
[2018.09.16-19.14.51:305][  0]LogWindows:    2. 'Intel(R) HD Graphics 520' (P:0 D:0)
[2018.09.16-19.14.51:305][  0]LogWindows: DebugString: GetVideoDriverDetailsInvalid PrimaryIsNotTheChoosenAdapter GetVideoDriverDetailsInvalid PrimaryIsNotTheChoosenAdapter GetVideoDriverDetailsInvalid PrimaryIsNotTheChoosenAdapter FoundDriverCount:0 
[2018.09.16-19.14.51:305][  0]LogD3D11RHI:     Adapter Name: Intel(R) HD Graphics 520
[2018.09.16-19.14.51:305][  0]LogD3D11RHI:   Driver Version: Unknown (internal:Unknown, unified:Unknown)
[2018.09.16-19.14.51:305][  0]LogD3D11RHI:      Driver Date: Unknown
[2018.09.16-19.14.51:305][  0]LogRHI: Texture pool is 1523 MB (70% of 2176 MB)
[2018.09.16-19.14.51:315][  0]LogD3D11RHI: Async texture creation enabled
[2018.09.16-19.14.51:336][  0]LogD3D11RHI: GPU Timing Frequency: 12.000000 (Debug: 2 0)
[2018.09.16-19.14.51:338][  0]LogShaderCompilers: Guid format shader working directory is -22 characters bigger than the processId version (../../../../../../Users/wesda/Documents/Unreal Projects/CieloKarcero/Intermediate/Shaders/WorkingDirectory/7412/).
[2018.09.16-19.14.51:338][  0]LogShaderCompilers: Cleaned the shader compiler working directory 'C:/Users/wesda/AppData/Local/Temp/UnrealShaderWorkingDir/F5A9E4EB4846DD94EAD13F9E30A542FC/'.
[2018.09.16-19.14.51:753][  0]LogTemp: Display: Loaded TP WindowsClientTargetPlatform
[2018.09.16-19.14.51:782][  0]LogTemp: Display: Loaded TP WindowsNoEditorTargetPlatform
[2018.09.16-19.14.51:805][  0]LogTemp: Display: Loaded TP WindowsServerTargetPlatform
[2018.09.16-19.14.51:835][  0]LogTemp: Display: Loaded TP WindowsTargetPlatform
[2018.09.16-19.14.51:835][  0]LogTargetPlatformManager: Display: Building Assets For Windows
[2018.09.16-19.14.52:056][  0]LogXGEController: Cannot use XGE Controller as Incredibuild is not installed on this machine.
[2018.09.16-19.14.52:056][  0]LogShaderCompilers: Cannot use XGE Shader Compiler as Incredibuild is not installed on this machine.
[2018.09.16-19.14.52:056][  0]LogShaderCompilers: Display: Using Local Shader Compiler.
[2018.09.16-19.14.53:188][  0]LogDerivedDataCache: Display: Max Cache Size: 512 MB
[2018.09.16-19.14.53:304][  0]LogDerivedDataCache: Loaded boot cache 0.12s 74MB C:/Users/wesda/AppData/Local/UnrealEngine/4.19/DerivedDataCache/Boot.ddc.
[2018.09.16-19.14.53:305][  0]LogDerivedDataCache: Display: Loaded Boot cache: C:/Users/wesda/AppData/Local/UnrealEngine/4.19/DerivedDataCache/Boot.ddc
[2018.09.16-19.14.53:305][  0]LogDerivedDataCache: FDerivedDataBackendGraph:  Pak pak cache file ../../../../../../Users/wesda/Documents/Unreal Projects/CieloKarcero/DerivedDataCache/DDC.ddp not found, will not use a pak cache.
[2018.09.16-19.14.53:305][  0]LogDerivedDataCache: Unable to find inner node Pak for hierarchical cache Hierarchy.
[2018.09.16-19.14.53:305][  0]LogDerivedDataCache: FDerivedDataBackendGraph:  CompressedPak pak cache file ../../../../../../Users/wesda/Documents/Unreal Projects/CieloKarcero/DerivedDataCache/Compressed.ddp not found, will not use a pak cache.
[2018.09.16-19.14.53:305][  0]LogDerivedDataCache: Unable to find inner node CompressedPak for hierarchical cache Hierarchy.
[2018.09.16-19.14.53:334][  0]LogDerivedDataCache: Display: Pak cache opened for reading ../../../Engine/DerivedDataCache/Compressed.ddp.
[2018.09.16-19.14.53:347][  0]LogDerivedDataCache: Using Local data cache path C:/Users/wesda/AppData/Local/UnrealEngine/Common/DerivedDataCache: Writable
[2018.09.16-19.14.53:347][  0]LogDerivedDataCache: Shared data cache path not found in *engine.ini, will not use an Shared cache.
[2018.09.16-19.14.53:347][  0]LogDerivedDataCache: Unable to find inner node Shared for hierarchical cache Hierarchy.
[2018.09.16-19.14.53:365][  0]LogMaterial: Verifying Global Shaders for PCD3D_SM5
[2018.09.16-19.14.53:366][  0]LogSlate: Using Freetype 2.6.0
[2018.09.16-19.14.53:367][  0]LogSlate: SlateFontCache - WITH_FREETYPE: 1, WITH_HARFBUZZ: 1
[2018.09.16-19.14.53:367][  0]LogSlate: SlateFontCache - WITH_FREETYPE: 1, WITH_HARFBUZZ: 1
[2018.09.16-19.14.53:532][  0]LogAssetRegistry: FAssetRegistry took 0.0075 seconds to start up
[2018.09.16-19.14.53:864][  0]LogPackageLocalizationCache: Processed 9 localized package path(s) for 1 prioritized culture(s) in 0.015176 seconds
[2018.09.16-19.14.54:021][  0]LogInit: Selected Device Profile: [Windows]
[2018.09.16-19.14.54:229][  0]LogSimplygon: Simplygon DLL not present - disabling.
[2018.09.16-19.14.54:233][  0]LogMeshReduction: Using SimplygonSwarm for distributed automatic mesh merging
[2018.09.16-19.14.54:233][  0]LogMeshReduction: Using QuadricMeshReduction for automatic static mesh reduction
[2018.09.16-19.14.54:233][  0]LogMeshReduction: No automatic skeletal mesh reduction module available
[2018.09.16-19.14.54:233][  0]LogMeshReduction: No automatic mesh merging module available
[2018.09.16-19.14.54:233][  0]LogMeshMerging: No automatic mesh merging module available
[2018.09.16-19.14.54:284][  0]LogNetVersion: CieloKarcero , NetCL: 3944462, EngineNetVer: 2, GameNetVer: 0 (Checksum: 883089839)
[2018.09.16-19.14.55:380][  0]LogMoviePlayer: Initializing movie player
[2018.09.16-19.14.55:879][  0]LogTcpMessaging: Initializing TcpMessaging bridge
[2018.09.16-19.14.55:914][  0]LogUdpMessaging: Initializing bridge on interface 0.0.0.0:0 to multicast group 230.0.0.1:6666.
[2018.09.16-19.14.56:223][  0]SourceControl: Source control is disabled
[2018.09.16-19.14.56:223][  0]SourceControl: Source control is disabled
[2018.09.16-19.14.56:247][  0]SourceControl: Source control is disabled
[2018.09.16-19.14.56:717][  0]LogAndroidPermission: UAndroidPermissionCallbackProxy::GetInstance
[2018.09.16-19.14.56:909][  0]LogOcInput: OculusInput pre-init called
[2018.09.16-19.14.56:967][  0]LogUObjectArray: 40124 objects as part of root set at end of initial load.
[2018.09.16-19.14.56:967][  0]LogUObjectAllocator: 8364200 out of 0 bytes used by permanent object pool.
[2018.09.16-19.14.56:967][  0]LogUObjectArray: CloseDisregardForGC: 0/0 objects in disregard for GC pool
[2018.09.16-19.14.57:031][  0]LogEngine: Initializing Engine...
[2018.09.16-19.14.57:032][  0]LogHMD: Failed to initialize OpenVR with code 110
[2018.09.16-19.14.57:046][  0]LogStats: UGameplayTagsManager::ConstructGameplayTagTree: Construct from data asset -  0.000 s
[2018.09.16-19.14.57:047][  0]LogStats: UGameplayTagsManager::ConstructGameplayTagTree: GameplayTagTreeChangedEvent.Broadcast -  0.000 s
[2018.09.16-19.14.57:313][  0]LogInit: XAudio2 using 'Speaker/HP (Realtek High Definition Audio)' : 2 channels at 48 kHz using 32 bits per sample (channel mask 0x3)
[2018.09.16-19.14.57:350][  0]LogInit: FAudioDevice initialized.
[2018.09.16-19.14.57:384][  0]LogInit: Texture streaming: Enabled
[2018.09.16-19.14.57:867][  0]LogInit: Display: Game Engine Initialized.
[2018.09.16-19.14.57:867][  0]LogGameplayTags: Display: UGameplayTagsManager::DoneAddingNativeTags. DelegateIsBound: 0
[2018.09.16-19.14.57:867][  0]LogStats: UGameplayTagsManager::ConstructGameplayTagTree: Construct from data asset -  0.000 s
[2018.09.16-19.14.57:867][  0]LogStats: UGameplayTagsManager::ConstructGameplayTagTree: GameplayTagTreeChangedEvent.Broadcast -  0.000 s
[2018.09.16-19.14.58:001][  0]LogInit: Display: Starting Game.
[2018.09.16-19.14.58:001][  0]LogNet: Browse: /Game/FirstPersonBP/Maps/FirstPersonExampleMap?Name=Player
[2018.09.16-19.14.58:002][  0]LogLoad: LoadMap: /Game/FirstPersonBP/Maps/FirstPersonExampleMap?Name=Player
[2018.09.16-19.14.58:276][  0]LogUObjectGlobals: Created PersistentFrame Addr=0x000002445c37c800, Size=1040, Default__RoomGen_BP_C Function /Game/Blueprints/RoomGen_BP.RoomGen_BP_C:ExecuteUbergraph_RoomGen_BP
[2018.09.16-19.14.58:428][  0]LogUObjectGlobals: Created PersistentFrame Addr=0x0000024468485f00, Size=328, Default__Interactible_BP_C Function /Game/BP/Interactible_BP.Interactible_BP_C:ExecuteUbergraph_Interactible_BP
[2018.09.16-19.14.58:441][  0]LogUObjectGlobals: Created PersistentFrame Addr=0x000002447674d600, Size=1504, Default__FP_Char_Test_BP_C Function /Game/FirstPersonBP/Blueprints/FP_Char_Test_BP.FP_Char_Test_BP_C:ExecuteUbergraph_FP_Char_Test_BP
[2018.09.16-19.14.58:443][  0]LogUObjectGlobals: Created PersistentFrame Addr=0x00000244684995c0, Size=32, Default__Holdable_BP_C Function /Game/BP/Holdable_BP.Holdable_BP_C:ExecuteUbergraph_Holdable_BP
[2018.09.16-19.14.58:443][  0]LogUObjectGlobals: Created PersistentFrame Addr=0x0000024468449780, Size=328, Default__Holdable_BP_C Function /Game/BP/Interactible_BP.Interactible_BP_C:ExecuteUbergraph_Interactible_BP
[2018.09.16-19.14.58:477][  0]LogUObjectGlobals: Created PersistentFrame Addr=0x000002446842ec00, Size=72, Default__FirstPerson_AnimBP_C Function /Game/FirstPerson/Animations/FirstPerson_AnimBP.FirstPerson_AnimBP_C:ExecuteUbergraph_FirstPerson_AnimBP
[2018.09.16-19.14.58:711][  0]LogUObjectGlobals: Created PersistentFrame Addr=0x00000244683ed600, Size=400, Default__Inventory_BP_C Function /Game/BP/Inventory_BP.Inventory_BP_C:ExecuteUbergraph_Inventory_BP
[2018.09.16-19.14.58:714][  0]LogUObjectGlobals: Created PersistentFrame Addr=0x0000024477ae5bb0, Size=104, Default__Item_BP_C Function /Game/BP/Item_BP.Item_BP_C:ExecuteUbergraph_Item_BP
[2018.09.16-19.14.58:714][  0]LogUObjectGlobals: Created PersistentFrame Addr=0x0000024473b0bae0, Size=32, Default__Item_BP_C Function /Game/BP/Holdable_BP.Holdable_BP_C:ExecuteUbergraph_Holdable_BP
[2018.09.16-19.14.58:714][  0]LogUObjectGlobals: Created PersistentFrame Addr=0x000002447401a680, Size=328, Default__Item_BP_C Function /Game/BP/Interactible_BP.Interactible_BP_C:ExecuteUbergraph_Interactible_BP
[2018.09.16-19.14.58:751][  0]LogUObjectGlobals: Created PersistentFrame Addr=0x000002447403f880, Size=192, Default__Note_Widget_C Function /Game/UI/Inventory/Widgets/Note_Widget.Note_Widget_C:ExecuteUbergraph_Note_Widget
[2018.09.16-19.14.58:758][  0]LogLinker: Warning: Can't find file '/Game/Materials/Papers/Textures/arch20_document_01'
[2018.09.16-19.14.58:758][  0]LogUObjectGlobals: Warning: Failed to load '/Game/Materials/Papers/Textures/arch20_document_01': Can't find file '/Game/Materials/Papers/Textures/arch20_document_01'
[2018.09.16-19.14.58:758][  0]LogLinker: Warning: Can't find file for asset '/Game/Materials/Papers/Textures/arch20_document_01' while loading NULL.
[2018.09.16-19.14.58:758][  0]LogUObjectGlobals: Warning: Failed to load '/Game/Materials/Papers/Textures/arch20_document_01': Can't find file for asset '/Game/Materials/Papers/Textures/arch20_document_01' while loading NULL.
[2018.09.16-19.14.58:759][  0]LogLinker: Warning: Can't find file '/Game/Materials/Papers/Textures/arch20_document_01'
[2018.09.16-19.14.58:759][  0]LoadErrors: Failed to load /Game/Materials/Papers/Textures/arch20_document_01.arch20_document_01 Referenced by NoteImage
[2018.09.16-19.14.58:759][  0]LogUObjectGlobals: Warning: Failed to load '/Game/Materials/Papers/Textures/arch20_document_01': Can't find file '/Game/Materials/Papers/Textures/arch20_document_01'
[2018.09.16-19.14.58:759][  0]LogLinker: Warning: Can't find file for asset '/Game/Materials/Papers/Textures/arch20_document_01' while loading NULL.
[2018.09.16-19.14.58:759][  0]LoadErrors: Failed to load /Game/Materials/Papers/Textures/arch20_document_01.arch20_document_01 Referenced by NoteImage
[2018.09.16-19.14.58:759][  0]LogUObjectGlobals: Warning: Failed to load '/Game/Materials/Papers/Textures/arch20_document_01': Can't find file for asset '/Game/Materials/Papers/Textures/arch20_document_01' while loading NULL.
[2018.09.16-19.14.58:762][  0]LogLinker: Warning: Can't find file '/Game/Materials/Papers/Textures/arch20_document_01'
[2018.09.16-19.14.58:762][  0]LoadErrors: Failed to load /Game/Materials/Papers/Textures/arch20_document_01.arch20_document_01 Referenced by Master_NoteList_DT
[2018.09.16-19.14.58:762][  0]LogUObjectGlobals: Warning: Failed to load '/Game/Materials/Papers/Textures/arch20_document_01': Can't find file '/Game/Materials/Papers/Textures/arch20_document_01'
[2018.09.16-19.14.58:762][  0]LogLinker: Warning: Can't find file for asset '/Game/Materials/Papers/Textures/arch20_document_01' while loading NULL.
[2018.09.16-19.14.58:762][  0]LoadErrors: Failed to load /Game/Materials/Papers/Textures/arch20_document_01.arch20_document_01 Referenced by Master_NoteList_DT
[2018.09.16-19.14.58:762][  0]LogUObjectGlobals: Warning: Failed to load '/Game/Materials/Papers/Textures/arch20_document_01': Can't find file for asset '/Game/Materials/Papers/Textures/arch20_document_01' while loading NULL.
[2018.09.16-19.14.58:762][  0]LogLinker: Warning: Can't find file '/Game/Materials/Papers/Textures/arch20_document_02'
[2018.09.16-19.14.58:763][  0]LoadErrors: Failed to load /Game/Materials/Papers/Textures/arch20_document_02.arch20_document_02 Referenced by Master_NoteList_DT
[2018.09.16-19.14.58:764][  0]LogUObjectGlobals: Warning: Failed to load '/Game/Materials/Papers/Textures/arch20_document_02': Can't find file '/Game/Materials/Papers/Textures/arch20_document_02'
[2018.09.16-19.14.58:764][  0]LogLinker: Warning: Can't find file for asset '/Game/Materials/Papers/Textures/arch20_document_02' while loading NULL.
[2018.09.16-19.14.58:764][  0]LoadErrors: Failed to load /Game/Materials/Papers/Textures/arch20_document_02.arch20_document_02 Referenced by Master_NoteList_DT
[2018.09.16-19.14.58:764][  0]LogUObjectGlobals: Warning: Failed to load '/Game/Materials/Papers/Textures/arch20_document_02': Can't find file for asset '/Game/Materials/Papers/Textures/arch20_document_02' while loading NULL.
[2018.09.16-19.14.58:767][  0]LogUObjectGlobals: Created PersistentFrame Addr=0x0000024473ede640, Size=12, Default__Weapon_BP_C Function /Game/BP/Weapon_BP.Weapon_BP_C:ExecuteUbergraph_Weapon_BP
[2018.09.16-19.14.58:767][  0]LogUObjectGlobals: Created PersistentFrame Addr=0x0000024477fc5210, Size=104, Default__Weapon_BP_C Function /Game/BP/Item_BP.Item_BP_C:ExecuteUbergraph_Item_BP
[2018.09.16-19.14.58:767][  0]LogUObjectGlobals: Created PersistentFrame Addr=0x0000024473b0a5a0, Size=32, Default__Weapon_BP_C Function /Game/BP/Holdable_BP.Holdable_BP_C:ExecuteUbergraph_Holdable_BP
[2018.09.16-19.14.58:767][  0]LogUObjectGlobals: Created PersistentFrame Addr=0x0000024473f55000, Size=328, Default__Weapon_BP_C Function /Game/BP/Interactible_BP.Interactible_BP_C:ExecuteUbergraph_Interactible_BP
[2018.09.16-19.14.58:769][  0]LogUObjectGlobals: Created PersistentFrame Addr=0x0000024473b0a080, Size=32, Default__Holdable_BP_C Function /Game/BP/Holdable_BP.Holdable_BP_C:ExecuteUbergraph_Holdable_BP
[2018.09.16-19.14.58:769][  0]LogUObjectGlobals: Created PersistentFrame Addr=0x0000024473f54280, Size=328, Default__Holdable_BP_C Function /Game/BP/Interactible_BP.Interactible_BP_C:ExecuteUbergraph_Interactible_BP
[2018.09.16-19.14.58:771][  0]LogLinker: Warning: Can't find file '/Game/Meshes/Artifacts/Ancient_Vase/Ancient_Vase'
[2018.09.16-19.14.58:771][  0]LogUObjectGlobals: Warning: Failed to load '/Game/Meshes/Artifacts/Ancient_Vase/Ancient_Vase': Can't find file '/Game/Meshes/Artifacts/Ancient_Vase/Ancient_Vase'
[2018.09.16-19.14.58:772][  0]LogLinker: Warning: Can't find file for asset '/Game/Meshes/Artifacts/Ancient_Vase/Ancient_Vase' while loading NULL.
[2018.09.16-19.14.58:772][  0]LogUObjectGlobals: Warning: Failed to load '/Game/Meshes/Artifacts/Ancient_Vase/Ancient_Vase': Can't find file for asset '/Game/Meshes/Artifacts/Ancient_Vase/Ancient_Vase' while loading NULL.
[2018.09.16-19.14.58:772][  0]LogLinker: Warning: Can't find file '/Game/Meshes/Artifacts/Ancient_Vase/Ancient_Vase'
[2018.09.16-19.14.58:772][  0]LoadErrors: Failed to load /Game/Meshes/Artifacts/Ancient_Vase/Ancient_Vase.Ancient_Vase Referenced by Default__Holdable_BP_C
[2018.09.16-19.14.58:772][  0]LogUObjectGlobals: Warning: Failed to load '/Game/Meshes/Artifacts/Ancient_Vase/Ancient_Vase': Can't find file '/Game/Meshes/Artifacts/Ancient_Vase/Ancient_Vase'
[2018.09.16-19.14.58:772][  0]LogLinker: Warning: Can't find file for asset '/Game/Meshes/Artifacts/Ancient_Vase/Ancient_Vase' while loading NULL.
[2018.09.16-19.14.58:772][  0]LoadErrors: Failed to load /Game/Meshes/Artifacts/Ancient_Vase/Ancient_Vase.Ancient_Vase Referenced by Default__Holdable_BP_C
[2018.09.16-19.14.58:772][  0]LogUObjectGlobals: Warning: Failed to load '/Game/Meshes/Artifacts/Ancient_Vase/Ancient_Vase': Can't find file for asset '/Game/Meshes/Artifacts/Ancient_Vase/Ancient_Vase' while loading NULL.
[2018.09.16-19.14.58:772][  0]LogUObjectGlobals: Created PersistentFrame Addr=0x0000024477fc52f0, Size=104, Default__Item_BP_C Function /Game/BP/Item_BP.Item_BP_C:ExecuteUbergraph_Item_BP
[2018.09.16-19.14.58:772][  0]LogUObjectGlobals: Created PersistentFrame Addr=0x0000024473b09460, Size=32, Default__Item_BP_C Function /Game/BP/Holdable_BP.Holdable_BP_C:ExecuteUbergraph_Holdable_BP
[2018.09.16-19.14.58:773][  0]LogUObjectGlobals: Created PersistentFrame Addr=0x0000024445aee800, Size=328, Default__Item_BP_C Function /Game/BP/Interactible_BP.Interactible_BP_C:ExecuteUbergraph_Interactible_BP
[2018.09.16-19.14.58:778][  0]LogUObjectGlobals: Created PersistentFrame Addr=0x000002446f95afc0, Size=136, Default__Hotkey_Widget_C Function /Game/UI/Inventory/Widgets/Hotkey_Widget.Hotkey_Widget_C:ExecuteUbergraph_Hotkey_Widget
[2018.09.16-19.14.58:781][  0]LogUObjectGlobals: Created PersistentFrame Addr=0x0000024473f65ec0, Size=400, Default__Hotkey_Slot_Widget_C Function /Game/UI/Inventory/Widgets/Hotkey_Slot_Widget.Hotkey_Slot_Widget_C:ExecuteUbergraph_Hotkey_Slot_Widget
[2018.09.16-19.14.58:786][  0]LogUObjectGlobals: Created PersistentFrame Addr=0x0000024473fc9580, Size=288, Default__Inventory_Slot_Widget_C Function /Game/UI/Inventory/Widgets/Inventory_Slot_Widget.Inventory_Slot_Widget_C:ExecuteUbergraph_Inventory_Slot_Widget
[2018.09.16-19.14.58:791][  0]LogUObjectGlobals: Created PersistentFrame Addr=0x000002446850dcc8, Size=4, Default__Detail_Widget_C Function /Game/UI/Inventory/Widgets/Detail_Widget.Detail_Widget_C:ExecuteUbergraph_Detail_Widget
[2018.09.16-19.14.58:799][  0]LogUObjectGlobals: Created PersistentFrame Addr=0x0000024468fcdb20, Size=136, Default__Dragged_Item_Widget_C Function /Game/UI/Inventory/Widgets/Dragged_Item_Widget.Dragged_Item_Widget_C:ExecuteUbergraph_Dragged_Item_Widget
[2018.09.16-19.14.58:808][  0]LogUObjectGlobals: Created PersistentFrame Addr=0x000002447403dcc0, Size=192, Default__Inventory_Widget_C Function /Game/UI/Inventory/Widgets/Inventory_Widget.Inventory_Widget_C:ExecuteUbergraph_Inventory_Widget
[2018.09.16-19.14.58:813][  0]LogUObjectGlobals: Created PersistentFrame Addr=0x0000024473edc5a0, Size=12, Default__Action_Menu_Widget_C Function /Game/UI/Inventory/Widgets/Action_Menu_Widget.Action_Menu_Widget_C:ExecuteUbergraph_Action_Menu_Widget
[2018.09.16-19.14.58:832][  0]LogUObjectGlobals: Created PersistentFrame Addr=0x000002446850da28, Size=4, Default__Main_Inventory_Widget_C Function /Game/UI/Inventory/Widgets/Main_Inventory_Widget.Main_Inventory_Widget_C:ExecuteUbergraph_Main_Inventory_Widget
[2018.09.16-19.14.58:836][  0]LogUObjectGlobals: Created PersistentFrame Addr=0x00000244716e51a0, Size=208, Default__Crafting_Menu_Widget_C Function /Game/UI/Inventory/Widgets/Crafting_Menu_Widget.Crafting_Menu_Widget_C:ExecuteUbergraph_Crafting_Menu_Widget
[2018.09.16-19.14.58:839][  0]LogUObjectGlobals: Created PersistentFrame Addr=0x000002446850da00, Size=4, Default__Craftable_Item_Widget_C Function /Game/UI/Inventory/Widgets/Craftable_Item_Widget.Craftable_Item_Widget_C:ExecuteUbergraph_Craftable_Item_Widget
[2018.09.16-19.14.58:854][  0]LogUObjectGlobals: Created PersistentFrame Addr=0x000002440244dd00, Size=432, Default__Discard_Widget_C Function /Game/UI/Inventory/Widgets/Discard_Widget.Discard_Widget_C:ExecuteUbergraph_Discard_Widget
[2018.09.16-19.14.58:886][  0]LogUObjectGlobals: Created PersistentFrame Addr=0x0000024402450400, Size=272, Default__Obtained_Item_Widget_C Function /Game/UI/Inventory/Widgets/Obtained_Item_Widget.Obtained_Item_Widget_C:ExecuteUbergraph_Obtained_Item_Widget
[2018.09.16-19.14.58:927][  0]LogLinker: Warning: Can't find file '/Game/Meshes/Food/Apple1'
[2018.09.16-19.14.58:927][  0]LogUObjectGlobals: Warning: Failed to load '/Game/Meshes/Food/Apple1': Can't find file '/Game/Meshes/Food/Apple1'
[2018.09.16-19.14.58:927][  0]LogLinker: Warning: Can't find file for asset '/Game/Meshes/Food/Apple1' while loading NULL.
[2018.09.16-19.14.58:927][  0]LogUObjectGlobals: Warning: Failed to load '/Game/Meshes/Food/Apple1': Can't find file for asset '/Game/Meshes/Food/Apple1' while loading NULL.
[2018.09.16-19.14.58:928][  0]LogLinker: Warning: Can't find file '/Game/Meshes/Food/Apple1'
[2018.09.16-19.14.58:928][  0]LoadErrors: Failed to load /Game/Meshes/Food/Apple1.Apple1 Referenced by Default__Item_BP_C
[2018.09.16-19.14.58:928][  0]LogUObjectGlobals: Warning: Failed to load '/Game/Meshes/Food/Apple1': Can't find file '/Game/Meshes/Food/Apple1'
[2018.09.16-19.14.58:928][  0]LogLinker: Warning: Can't find file for asset '/Game/Meshes/Food/Apple1' while loading NULL.
[2018.09.16-19.14.58:928][  0]LoadErrors: Failed to load /Game/Meshes/Food/Apple1.Apple1 Referenced by Default__Item_BP_C
[2018.09.16-19.14.58:928][  0]LogUObjectGlobals: Warning: Failed to load '/Game/Meshes/Food/Apple1': Can't find file for asset '/Game/Meshes/Food/Apple1' while loading NULL.
[2018.09.16-19.14.58:928][  0]LogUObjectGlobals: Created PersistentFrame Addr=0x0000024402f82640, Size=12, Default__Weapon_BP_C Function /Game/BP/Weapon_BP.Weapon_BP_C:ExecuteUbergraph_Weapon_BP
[2018.09.16-19.14.58:928][  0]LogUObjectGlobals: Created PersistentFrame Addr=0x00000244023eda60, Size=104, Default__Weapon_BP_C Function /Game/BP/Item_BP.Item_BP_C:ExecuteUbergraph_Item_BP
[2018.09.16-19.14.58:928][  0]LogUObjectGlobals: Created PersistentFrame Addr=0x0000024402f5d2e0, Size=32, Default__Weapon_BP_C Function /Game/BP/Holdable_BP.Holdable_BP_C:ExecuteUbergraph_Holdable_BP
[2018.09.16-19.14.58:928][  0]LogUObjectGlobals: Created PersistentFrame Addr=0x0000024402f2f400, Size=328, Default__Weapon_BP_C Function /Game/BP/Interactible_BP.Interactible_BP_C:ExecuteUbergraph_Interactible_BP
[2018.09.16-19.14.58:931][  0]LogLinker: Warning: Can't find file '/Game/Meshes/Weapons/Gun_Pistol'
[2018.09.16-19.14.58:931][  0]LogUObjectGlobals: Warning: Failed to load '/Game/Meshes/Weapons/Gun_Pistol': Can't find file '/Game/Meshes/Weapons/Gun_Pistol'
[2018.09.16-19.14.58:931][  0]LogLinker: Warning: Can't find file for asset '/Game/Meshes/Weapons/Gun_Pistol' while loading NULL.
[2018.09.16-19.14.58:931][  0]LogUObjectGlobals: Warning: Failed to load '/Game/Meshes/Weapons/Gun_Pistol': Can't find file for asset '/Game/Meshes/Weapons/Gun_Pistol' while loading NULL.
[2018.09.16-19.14.58:931][  0]LogLinker: Warning: Can't find file '/Game/Meshes/Weapons/Gun_Pistol'
[2018.09.16-19.14.58:931][  0]LoadErrors: Failed to load /Game/Meshes/Weapons/Gun_Pistol.Gun_Pistol Referenced by Default__Weapon_BP_C
[2018.09.16-19.14.58:931][  0]LogUObjectGlobals: Warning: Failed to load '/Game/Meshes/Weapons/Gun_Pistol': Can't find file '/Game/Meshes/Weapons/Gun_Pistol'
[2018.09.16-19.14.58:932][  0]LogLinker: Warning: Can't find file for asset '/Game/Meshes/Weapons/Gun_Pistol' while loading NULL.
[2018.09.16-19.14.58:932][  0]LoadErrors: Failed to load /Game/Meshes/Weapons/Gun_Pistol.Gun_Pistol Referenced by Default__Weapon_BP_C
[2018.09.16-19.14.58:932][  0]LogUObjectGlobals: Warning: Failed to load '/Game/Meshes/Weapons/Gun_Pistol': Can't find file for asset '/Game/Meshes/Weapons/Gun_Pistol' while loading NULL.
[2018.09.16-19.14.59:011][  0]LogUObjectGlobals: Created PersistentFrame Addr=0x0000024402d7bc00, Size=256, Default__FirstPersonProjectile_C Function /Game/FirstPersonBP/Blueprints/FirstPersonProjectile.FirstPersonProjectile_C:ExecuteUbergraph_FirstPersonProjectile
[2018.09.16-19.14.59:043][  0]LogUObjectGlobals: Created PersistentFrame Addr=0x0000024402f337e8, Size=52, Default__FirstPersonHUD_C Function /Game/FirstPersonBP/Blueprints/FirstPersonHUD.FirstPersonHUD_C:ExecuteUbergraph_FirstPersonHUD
[2018.09.16-19.14.59:216][  0]LogUObjectGlobals: Destroyed PersistentFrame Addr=0x000002446842ec00, Size=72
[2018.09.16-19.14.59:216][  0]LogUObjectGlobals: Created PersistentFrame Addr=0x0000024403343240, Size=72, Default__FirstPerson_AnimBP_C Function /Engine/Transient.REINST_FirstPerson_AnimBP_C_0:ExecuteUbergraph_FirstPerson_AnimBP
[2018.09.16-19.14.59:217][  0]LogUObjectGlobals: Destroyed PersistentFrame Addr=0x0000024402d7bc00, Size=256
[2018.09.16-19.14.59:217][  0]LogUObjectGlobals: Created PersistentFrame Addr=0x0000024402b2c300, Size=256, Default__FirstPersonProjectile_C Function /Engine/Transient.REINST_FirstPersonProjectile_C_5:ExecuteUbergraph_FirstPersonProjectile
[2018.09.16-19.14.59:217][  0]LogUObjectGlobals: Destroyed PersistentFrame Addr=0x0000024468485f00, Size=328
[2018.09.16-19.14.59:217][  0]LogUObjectGlobals: Created PersistentFrame Addr=0x0000024402b6b580, Size=328, Default__Interactible_BP_C Function /Engine/Transient.REINST_Interactible_BP_C_6:ExecuteUbergraph_Interactible_BP
[2018.09.16-19.14.59:220][  0]LogUObjectGlobals: Destroyed PersistentFrame Addr=0x00000244683ed600, Size=400
[2018.09.16-19.14.59:220][  0]LogUObjectGlobals: Created PersistentFrame Addr=0x0000024402814480, Size=400, Default__Inventory_BP_C Function /Engine/Transient.REINST_Inventory_BP_C_7:ExecuteUbergraph_Inventory_BP
[2018.09.16-19.14.59:225][  0]LogUObjectGlobals: Destroyed PersistentFrame Addr=0x000002445c37c800, Size=1040
[2018.09.16-19.14.59:225][  0]LogUObjectGlobals: Created PersistentFrame Addr=0x00000244032cb900, Size=1040, Default__RoomGen_BP_C Function /Engine/Transient.REINST_RoomGen_BP_C_10:ExecuteUbergraph_RoomGen_BP
[2018.09.16-19.14.59:226][  0]LogUObjectGlobals: Destroyed PersistentFrame Addr=0x0000024402f337e8, Size=52
[2018.09.16-19.14.59:226][  0]LogUObjectGlobals: Created PersistentFrame Addr=0x00000244028ff3c0, Size=52, Default__FirstPersonHUD_C Function /Engine/Transient.REINST_FirstPersonHUD_C_12:ExecuteUbergraph_FirstPersonHUD
[2018.09.16-19.14.59:226][  0]LogUObjectGlobals: Destroyed PersistentFrame Addr=0x0000024473b0a080, Size=32
[2018.09.16-19.14.59:226][  0]LogUObjectGlobals: Destroyed PersistentFrame Addr=0x0000024473f54280, Size=328
[2018.09.16-19.14.59:226][  0]LogUObjectGlobals: Created PersistentFrame Addr=0x0000024403398240, Size=32, Default__Holdable_BP_C Function /Engine/Transient.REINST_Holdable_BP_C_13:ExecuteUbergraph_Holdable_BP
[2018.09.16-19.14.59:226][  0]LogUObjectGlobals: Created PersistentFrame Addr=0x00000244777a8580, Size=328, Default__Holdable_BP_C Function /Engine/Transient.REINST_Interactible_BP_C_6:ExecuteUbergraph_Interactible_BP
[2018.09.16-19.14.59:227][  0]LogUObjectGlobals: Destroyed PersistentFrame Addr=0x0000024473edc5a0, Size=12
[2018.09.16-19.14.59:227][  0]LogUObjectGlobals: Created PersistentFrame Addr=0x0000024403455010, Size=12, Default__Action_Menu_Widget_C Function /Engine/Transient.REINST_Action_Menu_Widget_C_0:ExecuteUbergraph_Action_Menu_Widget
[2018.09.16-19.14.59:227][  0]LogUObjectGlobals: Destroyed PersistentFrame Addr=0x000002446850da00, Size=4
[2018.09.16-19.14.59:227][  0]LogUObjectGlobals: Created PersistentFrame Addr=0x00000244033cb630, Size=4, Default__Craftable_Item_Widget_C Function /Engine/Transient.REINST_Craftable_Item_Widget_C_1:ExecuteUbergraph_Craftable_Item_Widget
[2018.09.16-19.14.59:227][  0]LogUObjectGlobals: Destroyed PersistentFrame Addr=0x00000244716e51a0, Size=208
[2018.09.16-19.14.59:227][  0]LogUObjectGlobals: Created PersistentFrame Addr=0x00000244032be5c0, Size=208, Default__Crafting_Menu_Widget_C Function /Engine/Transient.REINST_Crafting_Menu_Widget_C_2:ExecuteUbergraph_Crafting_Menu_Widget
[2018.09.16-19.14.59:228][  0]LogUObjectGlobals: Destroyed PersistentFrame Addr=0x000002446850dcc8, Size=4
[2018.09.16-19.14.59:228][  0]LogUObjectGlobals: Created PersistentFrame Addr=0x00000244033cb620, Size=4, Default__Detail_Widget_C Function /Engine/Transient.REINST_Detail_Widget_C_3:ExecuteUbergraph_Detail_Widget
[2018.09.16-19.14.59:228][  0]LogUObjectGlobals: Destroyed PersistentFrame Addr=0x000002440244dd00, Size=432
[2018.09.16-19.14.59:228][  0]LogUObjectGlobals: Created PersistentFrame Addr=0x00000244032c7580, Size=432, Default__Discard_Widget_C Function /Engine/Transient.REINST_Discard_Widget_C_4:ExecuteUbergraph_Discard_Widget
[2018.09.16-19.14.59:228][  0]LogUObjectGlobals: Destroyed PersistentFrame Addr=0x0000024468fcdb20, Size=136
[2018.09.16-19.14.59:228][  0]LogUObjectGlobals: Created PersistentFrame Addr=0x000002440329dd00, Size=136, Default__Dragged_Item_Widget_C Function /Engine/Transient.REINST_Dragged_Item_Widget_C_5:ExecuteUbergraph_Dragged_Item_Widget
[2018.09.16-19.14.59:231][  0]LogUObjectGlobals: Destroyed PersistentFrame Addr=0x000002447674d600, Size=1504
[2018.09.16-19.14.59:231][  0]LogUObjectGlobals: Created PersistentFrame Addr=0x000002440328ab00, Size=1504, Default__FP_Char_Test_BP_C Function /Engine/Transient.REINST_FP_Char_Test_BP_C_15:ExecuteUbergraph_FP_Char_Test_BP
[2018.09.16-19.14.59:231][  0]LogUObjectGlobals: Destroyed PersistentFrame Addr=0x0000024473f65ec0, Size=400
[2018.09.16-19.14.59:231][  0]LogUObjectGlobals: Created PersistentFrame Addr=0x00000244032c57c0, Size=400, Default__Hotkey_Slot_Widget_C Function /Engine/Transient.REINST_Hotkey_Slot_Widget_C_6:ExecuteUbergraph_Hotkey_Slot_Widget
[2018.09.16-19.14.59:231][  0]LogUObjectGlobals: Destroyed PersistentFrame Addr=0x000002446f95afc0, Size=136
[2018.09.16-19.14.59:231][  0]LogUObjectGlobals: Created PersistentFrame Addr=0x0000024403280cc0, Size=136, Default__Hotkey_Widget_C Function /Engine/Transient.REINST_Hotkey_Widget_C_7:ExecuteUbergraph_Hotkey_Widget
[2018.09.16-19.14.59:232][  0]LogUObjectGlobals: Destroyed PersistentFrame Addr=0x0000024473fc9580, Size=288
[2018.09.16-19.14.59:232][  0]LogUObjectGlobals: Created PersistentFrame Addr=0x000002440340a200, Size=288, Default__Inventory_Slot_Widget_C Function /Engine/Transient.REINST_Inventory_Slot_Widget_C_8:ExecuteUbergraph_Inventory_Slot_Widget
[2018.09.16-19.14.59:232][  0]LogUObjectGlobals: Destroyed PersistentFrame Addr=0x000002447403dcc0, Size=192
[2018.09.16-19.14.59:233][  0]LogUObjectGlobals: Created PersistentFrame Addr=0x00000244033c6980, Size=192, Default__Inventory_Widget_C Function /Engine/Transient.REINST_Inventory_Widget_C_9:ExecuteUbergraph_Inventory_Widget
[2018.09.16-19.14.59:233][  0]LogUObjectGlobals: Destroyed PersistentFrame Addr=0x0000024477fc52f0, Size=104
[2018.09.16-19.14.59:233][  0]LogUObjectGlobals: Destroyed PersistentFrame Addr=0x0000024473b09460, Size=32
[2018.09.16-19.14.59:233][  0]LogUObjectGlobals: Destroyed PersistentFrame Addr=0x0000024445aee800, Size=328
[2018.09.16-19.14.59:233][  0]LogUObjectGlobals: Created PersistentFrame Addr=0x0000024403363190, Size=104, Default__Item_BP_C Function /Engine/Transient.REINST_Item_BP_C_16:ExecuteUbergraph_Item_BP
[2018.09.16-19.14.59:233][  0]LogUObjectGlobals: Created PersistentFrame Addr=0x0000024403398100, Size=32, Default__Item_BP_C Function /Engine/Transient.REINST_Holdable_BP_C_13:ExecuteUbergraph_Holdable_BP
[2018.09.16-19.14.59:233][  0]LogUObjectGlobals: Created PersistentFrame Addr=0x0000024403279900, Size=328, Default__Item_BP_C Function /Engine/Transient.REINST_Interactible_BP_C_6:ExecuteUbergraph_Interactible_BP
[2018.09.16-19.14.59:233][  0]LogUObjectGlobals: Destroyed PersistentFrame Addr=0x000002446850da28, Size=4
[2018.09.16-19.14.59:233][  0]LogUObjectGlobals: Created PersistentFrame Addr=0x00000244033cb5e0, Size=4, Default__Main_Inventory_Widget_C Function /Engine/Transient.REINST_Main_Inventory_Widget_C_10:ExecuteUbergraph_Main_Inventory_Widget
[2018.09.16-19.14.59:234][  0]LogUObjectGlobals: Destroyed PersistentFrame Addr=0x000002447403f880, Size=192
[2018.09.16-19.14.59:234][  0]LogUObjectGlobals: Created PersistentFrame Addr=0x00000244033c6380, Size=192, Default__Note_Widget_C Function /Engine/Transient.REINST_Note_Widget_C_11:ExecuteUbergraph_Note_Widget
[2018.09.16-19.14.59:234][  0]LogUObjectGlobals: Destroyed PersistentFrame Addr=0x0000024402450400, Size=272
[2018.09.16-19.14.59:234][  0]LogUObjectGlobals: Created PersistentFrame Addr=0x0000024403409800, Size=272, Default__Obtained_Item_Widget_C Function /Engine/Transient.REINST_Obtained_Item_Widget_C_12:ExecuteUbergraph_Obtained_Item_Widget
[2018.09.16-19.14.59:235][  0]LogUObjectGlobals: Destroyed PersistentFrame Addr=0x0000024402f82640, Size=12
[2018.09.16-19.14.59:235][  0]LogUObjectGlobals: Destroyed PersistentFrame Addr=0x00000244023eda60, Size=104
[2018.09.16-19.14.59:235][  0]LogUObjectGlobals: Destroyed PersistentFrame Addr=0x0000024402f5d2e0, Size=32
[2018.09.16-19.14.59:235][  0]LogUObjectGlobals: Destroyed PersistentFrame Addr=0x0000024402f2f400, Size=328
[2018.09.16-19.14.59:235][  0]LogUObjectGlobals: Created PersistentFrame Addr=0x0000024403454ef0, Size=12, Default__Weapon_BP_C Function /Engine/Transient.REINST_Weapon_BP_C_17:ExecuteUbergraph_Weapon_BP
[2018.09.16-19.14.59:235][  0]LogUObjectGlobals: Created PersistentFrame Addr=0x0000024403363040, Size=104, Default__Weapon_BP_C Function /Engine/Transient.REINST_Item_BP_C_16:ExecuteUbergraph_Item_BP
[2018.09.16-19.14.59:235][  0]LogUObjectGlobals: Created PersistentFrame Addr=0x0000024403257ee0, Size=32, Default__Weapon_BP_C Function /Engine/Transient.REINST_Holdable_BP_C_13:ExecuteUbergraph_Holdable_BP
[2018.09.16-19.14.59:235][  0]LogUObjectGlobals: Created PersistentFrame Addr=0x000002440325df00, Size=328, Default__Weapon_BP_C Function /Engine/Transient.REINST_Interactible_BP_C_6:ExecuteUbergraph_Interactible_BP
[2018.09.16-19.14.59:595][  0]LogUObjectGlobals: Created PersistentFrame Addr=0x00000244042abf40, Size=64, Default__FirstPerson_AnimBP_C Function /Game/FirstPerson/Animations/FirstPerson_AnimBP.FirstPerson_AnimBP_C:ExecuteUbergraph_FirstPerson_AnimBP
[2018.09.16-19.14.59:596][  0]LogUObjectGlobals: Created PersistentFrame Addr=0x000002440427f700, Size=256, Default__FirstPersonProjectile_C Function /Game/FirstPersonBP/Blueprints/FirstPersonProjectile.FirstPersonProjectile_C:ExecuteUbergraph_FirstPersonProjectile
[2018.09.16-19.14.59:598][  0]LogUObjectGlobals: Created PersistentFrame Addr=0x0000024404276680, Size=328, Default__Interactible_BP_C Function /Game/BP/Interactible_BP.Interactible_BP_C:ExecuteUbergraph_Interactible_BP
[2018.09.16-19.14.59:616][  0]LogUObjectGlobals: Created PersistentFrame Addr=0x00000244042fab00, Size=400, Default__Inventory_BP_C Function /Game/BP/Inventory_BP.Inventory_BP_C:ExecuteUbergraph_Inventory_BP
[2018.09.16-19.14.59:652][  0]LogUObjectGlobals: Created PersistentFrame Addr=0x0000024404f1eb00, Size=1040, Default__RoomGen_BP_C Function /Game/Blueprints/RoomGen_BP.RoomGen_BP_C:ExecuteUbergraph_RoomGen_BP
[2018.09.16-19.14.59:655][  0]LogUObjectGlobals: Created PersistentFrame Addr=0x0000024404eeada0, Size=52, Default__FirstPersonHUD_C Function /Game/FirstPersonBP/Blueprints/FirstPersonHUD.FirstPersonHUD_C:ExecuteUbergraph_FirstPersonHUD
[2018.09.16-19.14.59:656][  0]LogUObjectGlobals: Created PersistentFrame Addr=0x0000024404edf380, Size=32, Default__Holdable_BP_C Function /Game/BP/Holdable_BP.Holdable_BP_C:ExecuteUbergraph_Holdable_BP
[2018.09.16-19.14.59:656][  0]LogUObjectGlobals: Created PersistentFrame Addr=0x0000024404ef6380, Size=328, Default__Holdable_BP_C Function /Game/BP/Interactible_BP.Interactible_BP_C:ExecuteUbergraph_Interactible_BP
[2018.09.16-19.14.59:658][  0]LogUObjectGlobals: Created PersistentFrame Addr=0x00000244040cda40, Size=12, Default__Action_Menu_Widget_C Function /Game/UI/Inventory/Widgets/Action_Menu_Widget.Action_Menu_Widget_C:ExecuteUbergraph_Action_Menu_Widget
[2018.09.16-19.14.59:660][  0]LogUObjectGlobals: Created PersistentFrame Addr=0x000002440429e4c8, Size=4, Default__Craftable_Item_Widget_C Function /Game/UI/Inventory/Widgets/Craftable_Item_Widget.Craftable_Item_Widget_C:ExecuteUbergraph_Craftable_Item_Widget
[2018.09.16-19.14.59:663][  0]LogUObjectGlobals: Created PersistentFrame Addr=0x00000244042ecc60, Size=208, Default__Crafting_Menu_Widget_C Function /Game/UI/Inventory/Widgets/Crafting_Menu_Widget.Crafting_Menu_Widget_C:ExecuteUbergraph_Crafting_Menu_Widget
[2018.09.16-19.14.59:666][  0]LogUObjectGlobals: Created PersistentFrame Addr=0x000002440429e080, Size=4, Default__Detail_Widget_C Function /Game/UI/Inventory/Widgets/Detail_Widget.Detail_Widget_C:ExecuteUbergraph_Detail_Widget
[2018.09.16-19.14.59:669][  0]LogUObjectGlobals: Created PersistentFrame Addr=0x00000244042f8800, Size=432, Default__Discard_Widget_C Function /Game/UI/Inventory/Widgets/Discard_Widget.Discard_Widget_C:ExecuteUbergraph_Discard_Widget
[2018.09.16-19.14.59:670][  0]LogUObjectGlobals: Created PersistentFrame Addr=0x0000024404e42020, Size=136, Default__Dragged_Item_Widget_C Function /Game/UI/Inventory/Widgets/Dragged_Item_Widget.Dragged_Item_Widget_C:ExecuteUbergraph_Dragged_Item_Widget
[2018.09.16-19.14.59:678][  0]LogUObjectGlobals: Created PersistentFrame Addr=0x0000024404dc8100, Size=1488, Default__FP_Char_Test_BP_C Function /Game/FirstPersonBP/Blueprints/FP_Char_Test_BP.FP_Char_Test_BP_C:ExecuteUbergraph_FP_Char_Test_BP
[2018.09.16-19.14.59:682][  0]LogUObjectGlobals: Created PersistentFrame Addr=0x0000024404d2fe40, Size=400, Default__Hotkey_Slot_Widget_C Function /Game/UI/Inventory/Widgets/Hotkey_Slot_Widget.Hotkey_Slot_Widget_C:ExecuteUbergraph_Hotkey_Slot_Widget
[2018.09.16-19.14.59:683][  0]LogUObjectGlobals: Created PersistentFrame Addr=0x0000024404d539c0, Size=136, Default__Hotkey_Widget_C Function /Game/UI/Inventory/Widgets/Hotkey_Widget.Hotkey_Widget_C:ExecuteUbergraph_Hotkey_Widget
[2018.09.16-19.14.59:686][  0]LogUObjectGlobals: Created PersistentFrame Addr=0x00000244043996c0, Size=288, Default__Inventory_Slot_Widget_C Function /Game/UI/Inventory/Widgets/Inventory_Slot_Widget.Inventory_Slot_Widget_C:ExecuteUbergraph_Inventory_Slot_Widget
[2018.09.16-19.14.59:691][  0]LogUObjectGlobals: Created PersistentFrame Addr=0x0000024404d21300, Size=192, Default__Inventory_Widget_C Function /Game/UI/Inventory/Widgets/Inventory_Widget.Inventory_Widget_C:ExecuteUbergraph_Inventory_Widget
[2018.09.16-19.14.59:694][  0]LogUObjectGlobals: Created PersistentFrame Addr=0x0000024404ca48e0, Size=104, Default__Item_BP_C Function /Game/BP/Item_BP.Item_BP_C:ExecuteUbergraph_Item_BP
[2018.09.16-19.14.59:694][  0]LogUObjectGlobals: Created PersistentFrame Addr=0x0000024404cb3860, Size=32, Default__Item_BP_C Function /Game/BP/Holdable_BP.Holdable_BP_C:ExecuteUbergraph_Holdable_BP
[2018.09.16-19.14.59:694][  0]LogUObjectGlobals: Created PersistentFrame Addr=0x0000024404cfe080, Size=328, Default__Item_BP_C Function /Game/BP/Interactible_BP.Interactible_BP_C:ExecuteUbergraph_Interactible_BP
[2018.09.16-19.14.59:698][  0]LogUObjectGlobals: Created PersistentFrame Addr=0x000002440429d108, Size=4, Default__Main_Inventory_Widget_C Function /Game/UI/Inventory/Widgets/Main_Inventory_Widget.Main_Inventory_Widget_C:ExecuteUbergraph_Main_Inventory_Widget
[2018.09.16-19.14.59:699][  0]LogUObjectGlobals: Created PersistentFrame Addr=0x0000024404cb4d00, Size=192, Default__Note_Widget_C Function /Game/UI/Inventory/Widgets/Note_Widget.Note_Widget_C:ExecuteUbergraph_Note_Widget
[2018.09.16-19.14.59:701][  0]LogUObjectGlobals: Created PersistentFrame Addr=0x0000024404398e00, Size=272, Default__Obtained_Item_Widget_C Function /Game/UI/Inventory/Widgets/Obtained_Item_Widget.Obtained_Item_Widget_C:ExecuteUbergraph_Obtained_Item_Widget
[2018.09.16-19.14.59:703][  0]LogUObjectGlobals: Created PersistentFrame Addr=0x0000024404c7bce0, Size=12, Default__Weapon_BP_C Function /Game/BP/Weapon_BP.Weapon_BP_C:ExecuteUbergraph_Weapon_BP
[2018.09.16-19.14.59:703][  0]LogUObjectGlobals: Created PersistentFrame Addr=0x0000024404c35e50, Size=104, Default__Weapon_BP_C Function /Game/BP/Item_BP.Item_BP_C:ExecuteUbergraph_Item_BP
[2018.09.16-19.14.59:703][  0]LogUObjectGlobals: Created PersistentFrame Addr=0x0000024404cb0fa0, Size=32, Default__Weapon_BP_C Function /Game/BP/Holdable_BP.Holdable_BP_C:ExecuteUbergraph_Holdable_BP
[2018.09.16-19.14.59:703][  0]LogUObjectGlobals: Created PersistentFrame Addr=0x0000024404c4f280, Size=328, Default__Weapon_BP_C Function /Game/BP/Interactible_BP.Interactible_BP_C:ExecuteUbergraph_Interactible_BP
[2018.09.16-19.15.00:209][  0]LogSkeletalMesh: Skeletal Mesh found in DDC [4.815362ms] /Game/FirstPerson/FPWeapon/Mesh/SK_FPGun.SK_FPGun
[2018.09.16-19.15.00:223][  0]LogSkeletalMesh: Skeletal Mesh found in DDC [11.702191ms] /Game/Characters/BobSegman/Bob_Segman.Bob_Segman
[2018.09.16-19.15.00:251][  0]LogSkeletalMesh: Skeletal Mesh found in DDC [7.704323ms] /Game/FirstPerson/Character/Mesh/SK_Mannequin_Arms.SK_Mannequin_Arms
[2018.09.16-19.15.00:350][  0]LogAIModule: Creating AISystem for world FirstPersonExampleMap
[2018.09.16-19.15.00:350][  0]LogLoad: Game class is 'FirstPersonGameMode_C'
[2018.09.16-19.15.00:359][  0]LogWorld: Bringing World /Game/FirstPersonBP/Maps/FirstPersonExampleMap.FirstPersonExampleMap up for play (max tick rate 0) at 2018.09.16-15.15.00
[2018.09.16-19.15.00:359][  0]LogWorld: Bringing up level for play took: 0.008181
[2018.09.16-19.15.00:434][  0]LogStreaming: Warning: Failed to read file '../../../../../../Users/wesda/Documents/Unreal Projects/CieloKarcero/Saved/SaveGames/InventorySave.sav' error.
[2018.09.16-19.15.00:434][  0]LogLoad: Took 2.432450 seconds to LoadMap(/Game/FirstPersonBP/Maps/FirstPersonExampleMap)
[2018.09.16-19.15.00:578][  0]LogLoad: (Engine Initialization) Total time: 19.09 seconds
[2018.09.16-19.15.00:578][  0]LogLoad: (Engine Initialization) Total Blueprint compile time: 0.00 seconds
[2018.09.16-19.15.00:629][  0]LogRenderer: Reallocating scene render targets to support 1280x720 Format 10 NumSamples 1 (Frame:1).
[2018.09.16-19.15.01:540][  0]LogWindowsTextInputMethodSystem: Display: IME system now deactivated.
[2018.09.16-19.15.01:543][  0]LogContentStreaming: Texture pool size now 1000 MB
[2018.09.16-19.15.10:682][201]LogBlueprintUserMessages: [RoomGen_BP_66] 20210
[2018.09.16-19.15.10:682][201]LogBlueprintUserMessages: [RoomGen_BP_66] 8.946831
[2018.09.16-19.15.14:235][265]LogBlueprintUserMessages: [RoomGen_BP_66] Hello2
[2018.09.16-19.15.18:521][318]LogBlueprintUserMessages: [RoomGen_BP_66] Hello2
[2018.09.16-19.15.19:526][332]LogSlate: FSceneViewport::OnFocusLost() reason 0
[2018.09.16-19.15.23:626][400]LogBlueprintUserMessages: [RoomGen_BP_66] 1373609
[2018.09.16-19.15.23:626][400]LogBlueprintUserMessages: [RoomGen_BP_66] 21.891996
[2018.09.16-19.16.02:828][283]LogUObjectGlobals: Destroyed PersistentFrame Addr=0x00000244032cb900, Size=1040
[2018.09.16-19.16.02:861][284]LogUObjectGlobals: Destroyed PersistentFrame Addr=0x0000024402b6b580, Size=328
[2018.09.16-19.16.02:861][284]LogUObjectGlobals: Destroyed PersistentFrame Addr=0x000002440328ab00, Size=1504
[2018.09.16-19.16.02:861][284]LogUObjectGlobals: Destroyed PersistentFrame Addr=0x0000024403398240, Size=32
[2018.09.16-19.16.02:861][284]LogUObjectGlobals: Destroyed PersistentFrame Addr=0x00000244777a8580, Size=328
[2018.09.16-19.16.02:861][284]LogUObjectGlobals: Destroyed PersistentFrame Addr=0x0000024403343240, Size=72
[2018.09.16-19.16.02:861][284]LogUObjectGlobals: Destroyed PersistentFrame Addr=0x0000024402814480, Size=400
[2018.09.16-19.16.02:861][284]LogUObjectGlobals: Destroyed PersistentFrame Addr=0x0000024403363190, Size=104
[2018.09.16-19.16.02:861][284]LogUObjectGlobals: Destroyed PersistentFrame Addr=0x0000024403398100, Size=32
[2018.09.16-19.16.02:861][284]LogUObjectGlobals: Destroyed PersistentFrame Addr=0x0000024403279900, Size=328
[2018.09.16-19.16.02:861][284]LogUObjectGlobals: Destroyed PersistentFrame Addr=0x00000244033c6380, Size=192
[2018.09.16-19.16.02:862][284]LogUObjectGlobals: Destroyed PersistentFrame Addr=0x0000024403454ef0, Size=12
[2018.09.16-19.16.02:862][284]LogUObjectGlobals: Destroyed PersistentFrame Addr=0x0000024403363040, Size=104
[2018.09.16-19.16.02:862][284]LogUObjectGlobals: Destroyed PersistentFrame Addr=0x0000024403257ee0, Size=32
[2018.09.16-19.16.02:862][284]LogUObjectGlobals: Destroyed PersistentFrame Addr=0x000002440325df00, Size=328
[2018.09.16-19.16.02:862][284]LogUObjectGlobals: Destroyed PersistentFrame Addr=0x0000024403280cc0, Size=136
[2018.09.16-19.16.02:862][284]LogUObjectGlobals: Destroyed PersistentFrame Addr=0x00000244032c57c0, Size=400
[2018.09.16-19.16.02:862][284]LogUObjectGlobals: Destroyed PersistentFrame Addr=0x000002440340a200, Size=288
[2018.09.16-19.16.02:863][284]LogUObjectGlobals: Destroyed PersistentFrame Addr=0x00000244033cb620, Size=4
[2018.09.16-19.16.02:863][284]LogUObjectGlobals: Destroyed PersistentFrame Addr=0x000002440329dd00, Size=136
[2018.09.16-19.16.02:863][284]LogUObjectGlobals: Destroyed PersistentFrame Addr=0x00000244033c6980, Size=192
[2018.09.16-19.16.02:863][284]LogUObjectGlobals: Destroyed PersistentFrame Addr=0x0000024403455010, Size=12
[2018.09.16-19.16.02:863][284]LogUObjectGlobals: Destroyed PersistentFrame Addr=0x00000244033cb5e0, Size=4
[2018.09.16-19.16.02:863][284]LogUObjectGlobals: Destroyed PersistentFrame Addr=0x00000244032be5c0, Size=208
[2018.09.16-19.16.03:034][285]LogUObjectGlobals: Destroyed PersistentFrame Addr=0x00000244033cb630, Size=4
[2018.09.16-19.16.03:034][285]LogUObjectGlobals: Destroyed PersistentFrame Addr=0x00000244032c7580, Size=432
[2018.09.16-19.16.03:034][285]LogUObjectGlobals: Destroyed PersistentFrame Addr=0x0000024403409800, Size=272
[2018.09.16-19.16.03:034][285]LogUObjectGlobals: Destroyed PersistentFrame Addr=0x0000024402b2c300, Size=256
[2018.09.16-19.16.03:034][285]LogUObjectGlobals: Destroyed PersistentFrame Addr=0x00000244028ff3c0, Size=52
[2018.09.16-19.16.04:692][298]LogSlate: Window 'CieloKarcero (64-bit, PCD3D_SM5) ' being destroyed
[2018.09.16-19.16.04:693][298]LogWindowsTextInputMethodSystem: Display: IME system now deactivated.
[2018.09.16-19.16.04:704][299]LogEngine: All Windows Closed
[2018.09.16-19.16.04:704][299]LogWindows: FPlatformMisc::RequestExit(0)
[2018.09.16-19.16.05:089][300]LogSlate: Slate User Destroyed.  User Index 0, Is Virtual User: 0
[2018.09.16-19.16.05:089][300]LogExit: Preparing to exit.
[2018.09.16-19.16.05:089][300]LogMoviePlayer: Shutting down movie player
[2018.09.16-19.16.06:043][300]LogExit: Game engine shut down
[2018.09.16-19.16.06:048][300]LogUObjectGlobals: Destroyed PersistentFrame Addr=0x00000244042abf40, Size=64
[2018.09.16-19.16.06:048][300]LogUObjectGlobals: Destroyed PersistentFrame Addr=0x000002440427f700, Size=256
[2018.09.16-19.16.06:048][300]LogUObjectGlobals: Destroyed PersistentFrame Addr=0x0000024404276680, Size=328
[2018.09.16-19.16.06:048][300]LogUObjectGlobals: Destroyed PersistentFrame Addr=0x00000244042fab00, Size=400
[2018.09.16-19.16.06:048][300]LogUObjectGlobals: Destroyed PersistentFrame Addr=0x0000024404f1eb00, Size=1040
[2018.09.16-19.16.06:048][300]LogUObjectGlobals: Destroyed PersistentFrame Addr=0x0000024404eeada0, Size=52
[2018.09.16-19.16.06:048][300]LogUObjectGlobals: Destroyed PersistentFrame Addr=0x0000024404edf380, Size=32
[2018.09.16-19.16.06:048][300]LogUObjectGlobals: Destroyed PersistentFrame Addr=0x0000024404ef6380, Size=328
[2018.09.16-19.16.06:048][300]LogUObjectGlobals: Destroyed PersistentFrame Addr=0x00000244040cda40, Size=12
[2018.09.16-19.16.06:048][300]LogUObjectGlobals: Destroyed PersistentFrame Addr=0x000002440429e4c8, Size=4
[2018.09.16-19.16.06:048][300]LogUObjectGlobals: Destroyed PersistentFrame Addr=0x00000244042ecc60, Size=208
[2018.09.16-19.16.06:048][300]LogUObjectGlobals: Destroyed PersistentFrame Addr=0x000002440429e080, Size=4
[2018.09.16-19.16.06:048][300]LogUObjectGlobals: Destroyed PersistentFrame Addr=0x00000244042f8800, Size=432
[2018.09.16-19.16.06:048][300]LogUObjectGlobals: Destroyed PersistentFrame Addr=0x0000024404e42020, Size=136
[2018.09.16-19.16.06:048][300]LogUObjectGlobals: Destroyed PersistentFrame Addr=0x0000024404dc8100, Size=1488
[2018.09.16-19.16.06:048][300]LogUObjectGlobals: Destroyed PersistentFrame Addr=0x0000024404d2fe40, Size=400
[2018.09.16-19.16.06:048][300]LogUObjectGlobals: Destroyed PersistentFrame Addr=0x0000024404d539c0, Size=136
[2018.09.16-19.16.06:048][300]LogUObjectGlobals: Destroyed PersistentFrame Addr=0x00000244043996c0, Size=288
[2018.09.16-19.16.06:048][300]LogUObjectGlobals: Destroyed PersistentFrame Addr=0x0000024404d21300, Size=192
[2018.09.16-19.16.06:048][300]LogUObjectGlobals: Destroyed PersistentFrame Addr=0x0000024404ca48e0, Size=104
[2018.09.16-19.16.06:048][300]LogUObjectGlobals: Destroyed PersistentFrame Addr=0x0000024404cb3860, Size=32
[2018.09.16-19.16.06:048][300]LogUObjectGlobals: Destroyed PersistentFrame Addr=0x0000024404cfe080, Size=328
[2018.09.16-19.16.06:049][300]LogUObjectGlobals: Destroyed PersistentFrame Addr=0x000002440429d108, Size=4
[2018.09.16-19.16.06:049][300]LogUObjectGlobals: Destroyed PersistentFrame Addr=0x0000024404cb4d00, Size=192
[2018.09.16-19.16.06:049][300]LogUObjectGlobals: Destroyed PersistentFrame Addr=0x0000024404398e00, Size=272
[2018.09.16-19.16.06:049][300]LogUObjectGlobals: Destroyed PersistentFrame Addr=0x0000024404c7bce0, Size=12
[2018.09.16-19.16.06:049][300]LogUObjectGlobals: Destroyed PersistentFrame Addr=0x0000024404c35e50, Size=104
[2018.09.16-19.16.06:049][300]LogUObjectGlobals: Destroyed PersistentFrame Addr=0x0000024404cb0fa0, Size=32
[2018.09.16-19.16.06:049][300]LogUObjectGlobals: Destroyed PersistentFrame Addr=0x0000024404c4f280, Size=328
[2018.09.16-19.16.06:194][300]LogExit: Object subsystem successfully closed.
[2018.09.16-19.16.06:215][300]LogShaderCompilers: Display: Shaders left to compile 0
[2018.09.16-19.16.06:220][300]LogD3D11RHI: Shutdown
[2018.09.16-19.16.06:220][300]LogD3D11RHI: CleanupD3DDevice
[2018.09.16-19.16.06:239][300]LogD3D11RHI: ~FD3D11DynamicRHI
[2018.09.16-19.16.06:261][300]LogModuleManager: Shutting down and abandoning module SequenceRecorderSections (332)
[2018.09.16-19.16.06:262][300]LogModuleManager: Shutting down and abandoning module SequenceRecorder (330)
[2018.09.16-19.16.06:262][300]LogModuleManager: Shutting down and abandoning module AutomationController (328)
[2018.09.16-19.16.06:262][300]LogModuleManager: Shutting down and abandoning module AutomationWorker (326)
[2018.09.16-19.16.06:262][300]LogModuleManager: Shutting down and abandoning module AIModule (324)
[2018.09.16-19.16.06:262][300]LogModuleManager: Shutting down and abandoning module GameplayDebugger (323)
[2018.09.16-19.16.06:262][300]LogModuleManager: Shutting down and abandoning module AITestSuite (321)
[2018.09.16-19.16.06:262][300]LogModuleManager: Shutting down and abandoning module WmfMediaFactory (318)
[2018.09.16-19.16.06:262][300]LogModuleManager: Shutting down and abandoning module OpenExrWrapper (316)
[2018.09.16-19.16.06:262][300]LogModuleManager: Shutting down and abandoning module ImgMediaFactory (314)
[2018.09.16-19.16.06:262][300]LogModuleManager: Shutting down and abandoning module AvfMediaFactory (312)
[2018.09.16-19.16.06:262][300]LogModuleManager: Shutting down and abandoning module CharacterAI (310)
[2018.09.16-19.16.06:262][300]LogModuleManager: Shutting down and abandoning module SessionServices (308)
[2018.09.16-19.16.06:262][300]LogModuleManager: Shutting down and abandoning module MovieSceneCapture (306)
[2018.09.16-19.16.06:262][300]LogModuleManager: Shutting down and abandoning module MovieSceneTracks (304)
[2018.09.16-19.16.06:262][300]LogModuleManager: Shutting down and abandoning module MovieScene (302)
[2018.09.16-19.16.06:263][300]LogModuleManager: Shutting down and abandoning module GeometryCache (300)
[2018.09.16-19.16.06:263][300]LogModuleManager: Shutting down and abandoning module GeometryCacheEd (299)
[2018.09.16-19.16.06:263][300]LogModuleManager: Shutting down and abandoning module StreamingPauseRendering (296)
[2018.09.16-19.16.06:263][300]LogModuleManager: Shutting down and abandoning module PortalServices (294)
[2018.09.16-19.16.06:263][300]LogModuleManager: Shutting down and abandoning module PortalRpc (292)
[2018.09.16-19.16.06:263][300]LogModuleManager: Shutting down and abandoning module MessagingRpc (290)
[2018.09.16-19.16.06:263][300]LogModuleManager: Shutting down and abandoning module ProfilerService (288)
[2018.09.16-19.16.06:358][300]LogModuleManager: Shutting down and abandoning module TaskGraph (286)
[2018.09.16-19.16.06:358][300]LogModuleManager: Shutting down and abandoning module SteamVRController (284)
[2018.09.16-19.16.06:358][300]LogModuleManager: Shutting down and abandoning module ProceduralMeshComponent (282)
[2018.09.16-19.16.06:358][300]LogModuleManager: Shutting down and abandoning module OculusInput (280)
[2018.09.16-19.16.06:358][300]LogModuleManager: Shutting down and abandoning module MobilePatchingUtils (278)
[2018.09.16-19.16.06:358][300]LogModuleManager: Shutting down and abandoning module CustomMeshComponent (276)
[2018.09.16-19.16.06:359][300]LogModuleManager: Shutting down and abandoning module CableComponent (274)
[2018.09.16-19.16.06:359][300]LogModuleManager: Shutting down and abandoning module AudioCapture (272)
[2018.09.16-19.16.06:359][300]LogModuleManager: Shutting down and abandoning module ArchVisCharacter (270)
[2018.09.16-19.16.06:359][300]LogModuleManager: Shutting down and abandoning module AndroidPermission (268)
[2018.09.16-19.16.06:359][300]LogModuleManager: Shutting down and abandoning module NUTUnrealEngine4 (264)
[2018.09.16-19.16.06:359][300]LogModuleManager: Shutting down and abandoning module NetcodeUnitTest (262)
[2018.09.16-19.16.06:359][300]LogModuleManager: Shutting down and abandoning module MediaCompositing (260)
[2018.09.16-19.16.06:359][300]LogModuleManager: Shutting down and abandoning module LinearTimecode (258)
[2018.09.16-19.16.06:359][300]LogModuleManager: Shutting down and abandoning module ImgMedia (256)
[2018.09.16-19.16.06:362][300]LogModuleManager: Shutting down and abandoning module HTML5Networking (254)
[2018.09.16-19.16.06:362][300]LogModuleManager: Shutting down and abandoning module DatasmithContent (252)
[2018.09.16-19.16.06:362][300]LogModuleManager: Shutting down and abandoning module CryptoKeysOpenSSL (250)
[2018.09.16-19.16.06:362][300]LogModuleManager: Shutting down and abandoning module CryptoKeys (248)
[2018.09.16-19.16.06:362][300]LogModuleManager: Shutting down and abandoning module VisualStudioSourceCodeAccess (246)
[2018.09.16-19.16.06:362][300]LogModuleManager: Shutting down and abandoning module HotReload (245)
[2018.09.16-19.16.06:363][300]LogModuleManager: Shutting down and abandoning module DirectoryWatcher (244)
[2018.09.16-19.16.06:363][300]LogModuleManager: Shutting down and abandoning module VisualStudioCodeSourceCodeAccess (240)
[2018.09.16-19.16.06:363][300]LogModuleManager: Shutting down and abandoning module UObjectPlugin (238)
[2018.09.16-19.16.06:363][300]LogModuleManager: Shutting down and abandoning module SubversionSourceControl (236)
[2018.09.16-19.16.06:363][300]LogModuleManager: Shutting down and abandoning module PerforceSourceControl (234)
[2018.09.16-19.16.06:363][300]LogModuleManager: Shutting down and abandoning module SourceControl (233)
[2018.09.16-19.16.06:363][300]LogModuleManager: Shutting down and abandoning module CLionSourceCodeAccess (230)
[2018.09.16-19.16.06:363][300]LogModuleManager: Shutting down and abandoning module RuntimePhysXCooking (228)
[2018.09.16-19.16.06:363][300]LogModuleManager: Shutting down and abandoning module PhysXVehiclesEditor (226)
[2018.09.16-19.16.06:363][300]LogModuleManager: Shutting down and abandoning module PhysXVehicles (224)
[2018.09.16-19.16.06:363][300]LogModuleManager: Shutting down and abandoning module LocationServicesBPLibrary (222)
[2018.09.16-19.16.06:363][300]LogModuleManager: Shutting down and abandoning module ImmediatePhysicsEditor (220)
[2018.09.16-19.16.06:363][300]LogModuleManager: Shutting down and abandoning module ImmediatePhysics (218)
[2018.09.16-19.16.06:363][300]LogModuleManager: Shutting down and abandoning module ActorSequence (216)
[2018.09.16-19.16.06:363][300]LogModuleManager: Shutting down and abandoning module UdpMessaging (214)
[2018.09.16-19.16.06:465][300]LogModuleManager: Shutting down and abandoning module TcpMessaging (212)
[2018.09.16-19.16.06:924][300]LogModuleManager: Shutting down and abandoning module GameplayTagsEditor (210)
[2018.09.16-19.16.06:925][300]LogModuleManager: Shutting down and abandoning module FacialAnimation (208)
[2018.09.16-19.16.06:925][300]LogModuleManager: Shutting down and abandoning module DataValidation (206)
[2018.09.16-19.16.06:925][300]LogModuleManager: Shutting down and abandoning module AssetManagerEditor (204)
[2018.09.16-19.16.06:925][300]LogModuleManager: Shutting down and abandoning module TreeMap (203)
[2018.09.16-19.16.06:925][300]LogModuleManager: Shutting down and abandoning module LightPropagationVolumeRuntime (200)
[2018.09.16-19.16.06:926][300]LogModuleManager: Shutting down and abandoning module LiveLink (198)
[2018.09.16-19.16.07:751][300]LogModuleManager: Shutting down and abandoning module Paper2D (196)
[2018.09.16-19.16.07:751][300]LogModuleManager: Shutting down and abandoning module PIEPreviewDeviceProfileSelector (194)
[2018.09.16-19.16.07:751][300]LogModuleManager: Shutting down and abandoning module WindowsMoviePlayer (192)
[2018.09.16-19.16.07:751][300]LogModuleManager: Shutting down and abandoning module WmfMedia (190)
[2018.09.16-19.16.07:757][300]LogModuleManager: Shutting down and abandoning module Media (189)
[2018.09.16-19.16.07:764][300]LogModuleManager: Shutting down and abandoning module PacketHandler (186)
[2018.09.16-19.16.07:764][300]LogModuleManager: Shutting down and abandoning module ClothingSystemEditor (184)
[2018.09.16-19.16.07:764][300]LogModuleManager: Shutting down and abandoning module ClothingSystemRuntime (182)
[2018.09.16-19.16.07:764][300]LogModuleManager: Shutting down and abandoning module MediaAssets (180)
[2018.09.16-19.16.07:764][300]LogModuleManager: Shutting down and abandoning module Overlay (178)
[2018.09.16-19.16.07:764][300]LogModuleManager: Shutting down and abandoning module OverlayEditor (177)
[2018.09.16-19.16.07:765][300]LogModuleManager: Shutting down and abandoning module VREditor (174)
[2018.09.16-19.16.07:765][300]LogModuleManager: Shutting down and abandoning module StringTableEditor (172)
[2018.09.16-19.16.07:765][300]LogModuleManager: Shutting down and abandoning module GameplayTasksEditor (170)
[2018.09.16-19.16.07:765][300]LogModuleManager: Shutting down and abandoning module BehaviorTreeEditor (168)
[2018.09.16-19.16.07:765][300]LogModuleManager: Shutting down and abandoning module FunctionalTesting (166)
[2018.09.16-19.16.07:766][300]LogModuleManager: Shutting down and abandoning module CollisionAnalyzer (164)
[2018.09.16-19.16.07:766][300]LogModuleManager: Shutting down and abandoning module WorkspaceMenuStructure (163)
[2018.09.16-19.16.07:766][300]LogModuleManager: Shutting down and abandoning module UMG (160)
[2018.09.16-19.16.07:766][300]LogModuleManager: Shutting down and abandoning module UMGEditor (159)
[2018.09.16-19.16.07:766][300]LogModuleManager: Shutting down and abandoning module Sequencer (158)
[2018.09.16-19.16.07:767][300]LogModuleManager: Shutting down and abandoning module MessageLog (155)
[2018.09.16-19.16.07:767][300]LogModuleManager: Shutting down and abandoning module SlateReflector (150)
[2018.09.16-19.16.07:767][300]LogModuleManager: Shutting down and abandoning module Slate (148)
[2018.09.16-19.16.07:767][300]LogModuleManager: Shutting down and abandoning module EditorStyle (146)
[2018.09.16-19.16.07:774][300]LogModuleManager: Shutting down and abandoning module MRMesh (144)
[2018.09.16-19.16.07:774][300]LogModuleManager: Shutting down and abandoning module Messaging (142)
[2018.09.16-19.16.07:774][300]LogModuleManager: Shutting down and abandoning module SourceCodeAccess (140)
[2018.09.16-19.16.07:775][300]LogModuleManager: Shutting down and abandoning module HeadMountedDisplay (138)
[2018.09.16-19.16.07:775][300]LogModuleManager: Shutting down and abandoning module XAudio2 (136)
[2018.09.16-19.16.07:775][300]LogModuleManager: Shutting down and abandoning module Networking (134)
[2018.09.16-19.16.07:776][300]LogModuleManager: Shutting down and abandoning module Core (132)
[2018.09.16-19.16.07:776][300]LogModuleManager: Shutting down and abandoning module LevelSequence (130)
[2018.09.16-19.16.07:776][300]LogModuleManager: Shutting down and abandoning module KismetCompiler (128)
[2018.09.16-19.16.07:776][300]LogModuleManager: Shutting down and abandoning module MeshUtilities (126)
[2018.09.16-19.16.07:776][300]LogModuleManager: Shutting down and abandoning module MeshMergeUtilities (125)
[2018.09.16-19.16.07:776][300]LogModuleManager: Shutting down and abandoning module MeshReductionInterface (124)
[2018.09.16-19.16.07:777][300]LogModuleManager: Shutting down and abandoning module SimplygonSwarm (123)
[2018.09.16-19.16.07:777][300]LogModuleManager: Shutting down and abandoning module SimplygonMeshReduction (121)
[2018.09.16-19.16.07:777][300]LogModuleManager: Shutting down and abandoning module QuadricMeshReduction (119)
[2018.09.16-19.16.07:777][300]LogModuleManager: Shutting down and abandoning module MaterialBaking (115)
[2018.09.16-19.16.07:777][300]LogModuleManager: Shutting down and abandoning module DerivedDataCache (110)
[2018.09.16-19.16.07:972][300]LogDerivedDataCache: Shutdown
[2018.09.16-19.16.07:972][300]LogModuleManager: Shutting down and abandoning module XGEController (108)
[2018.09.16-19.16.07:972][300]LogModuleManager: Shutting down and abandoning module TargetPlatform (106)
[2018.09.16-19.16.07:972][300]LogModuleManager: Shutting down and abandoning module VulkanShaderFormat (105)
[2018.09.16-19.16.07:972][300]LogModuleManager: Shutting down and abandoning module ShaderFormatVectorVM (103)
[2018.09.16-19.16.07:972][300]LogModuleManager: Shutting down and abandoning module ShaderFormatOpenGL (101)
[2018.09.16-19.16.07:972][300]LogModuleManager: Shutting down and abandoning module ShaderFormatD3D (99)
[2018.09.16-19.16.07:972][300]LogModuleManager: Shutting down and abandoning module MetalShaderFormat (97)
[2018.09.16-19.16.07:972][300]LogModuleManager: Shutting down and abandoning module TextureFormatUncompressed (95)
[2018.09.16-19.16.07:972][300]LogModuleManager: Shutting down and abandoning module TextureFormatPVR (93)
[2018.09.16-19.16.07:972][300]LogModuleManager: Shutting down and abandoning module TextureFormatDXT (91)
[2018.09.16-19.16.07:972][300]LogModuleManager: Shutting down and abandoning module TextureFormatIntelISPCTexComp (89)
[2018.09.16-19.16.07:973][300]LogModuleManager: Shutting down and abandoning module TextureFormatASTC (87)
[2018.09.16-19.16.07:973][300]LogModuleManager: Shutting down and abandoning module ImageWrapper (86)
[2018.09.16-19.16.07:973][300]LogModuleManager: Shutting down and abandoning module TextureFormatAndroid (83)
[2018.09.16-19.16.07:973][300]LogModuleManager: Shutting down and abandoning module AudioFormatOpus (81)
[2018.09.16-19.16.07:973][300]LogModuleManager: Shutting down and abandoning module AudioFormatOgg (79)
[2018.09.16-19.16.07:973][300]LogModuleManager: Shutting down and abandoning module AudioFormatADPCM (77)
[2018.09.16-19.16.07:973][300]LogModuleManager: Shutting down and abandoning module WindowsTargetPlatform (75)
[2018.09.16-19.16.07:973][300]LogModuleManager: Shutting down and abandoning module WindowsServerTargetPlatform (73)
[2018.09.16-19.16.07:973][300]LogModuleManager: Shutting down and abandoning module WindowsNoEditorTargetPlatform (71)
[2018.09.16-19.16.07:973][300]LogModuleManager: Shutting down and abandoning module WindowsClientTargetPlatform (69)
[2018.09.16-19.16.07:973][300]LogModuleManager: Shutting down and abandoning module InputCore (66)
[2018.09.16-19.16.07:973][300]LogModuleManager: Shutting down and abandoning module Settings (64)
[2018.09.16-19.16.07:973][300]LogModuleManager: Shutting down and abandoning module PhysXCooking (62)
[2018.09.16-19.16.07:974][300]LogModuleManager: Shutting down and abandoning module SteamVR (60)
[2018.09.16-19.16.07:974][300]LogModuleManager: Shutting down and abandoning module OculusHMD (58)
[2018.09.16-19.16.07:974][300]LogModuleManager: Shutting down and abandoning module ExampleDeviceProfileSelector (56)
[2018.09.16-19.16.07:974][300]LogModuleManager: Shutting down and abandoning module AppleARKit (54)
[2018.09.16-19.16.07:974][300]LogModuleManager: Shutting down and abandoning module AugmentedReality (51)
[2018.09.16-19.16.07:974][300]LogModuleManager: Shutting down and abandoning module OnlineBlueprintSupport (48)
[2018.09.16-19.16.07:974][300]LogModuleManager: Shutting down and abandoning module OnlineSubsystem (44)
[2018.09.16-19.16.07:974][300]LogModuleManager: Shutting down and abandoning module XMPP (43)
[2018.09.16-19.16.07:975][300]LogModuleManager: Shutting down and abandoning module HTTP (41)
[2018.09.16-19.16.08:012][300]LogModuleManager: Shutting down and abandoning module SSL (40)
[2018.09.16-19.16.08:019][300]LogModuleManager: Shutting down and abandoning module AnimationModifiers (36)
[2018.09.16-19.16.08:019][300]LogModuleManager: Shutting down and abandoning module PropertyEditor (35)
[2018.09.16-19.16.08:019][300]LogModuleManager: Shutting down and abandoning module AudioEditor (32)
[2018.09.16-19.16.08:020][300]LogModuleManager: Shutting down and abandoning module TextureCompressor (30)
[2018.09.16-19.16.08:024][300]LogModuleManager: Shutting down and abandoning module ShaderCore (28)
[2018.09.16-19.16.08:024][300]LogModuleManager: Shutting down and abandoning module Landscape (26)
[2018.09.16-19.16.08:024][300]LogModuleManager: Shutting down and abandoning module SlateRHIRenderer (24)
[2018.09.16-19.16.08:026][300]LogModuleManager: Shutting down and abandoning module OpenGLDrv (22)
[2018.09.16-19.16.08:027][300]LogModuleManager: Shutting down and abandoning module D3D11RHI (20)
[2018.09.16-19.16.08:027][300]LogModuleManager: Shutting down and abandoning module AnimGraphRuntime (18)
[2018.09.16-19.16.08:027][300]LogModuleManager: Shutting down and abandoning module Renderer (16)
[2018.09.16-19.16.08:027][300]LogModuleManager: Shutting down and abandoning module Engine (14)
[2018.09.16-19.16.08:027][300]LogModuleManager: Shutting down and abandoning module CoreUObject (12)
[2018.09.16-19.16.08:027][300]LogModuleManager: Shutting down and abandoning module NetworkFile (10)
[2018.09.16-19.16.08:028][300]LogModuleManager: Shutting down and abandoning module CookedIterativeFile (8)
[2018.09.16-19.16.08:028][300]LogModuleManager: Shutting down and abandoning module StreamingFile (6)
[2018.09.16-19.16.08:028][300]LogModuleManager: Shutting down and abandoning module SandboxFile (4)
[2018.09.16-19.16.08:028][300]LogModuleManager: Shutting down and abandoning module PakFile (2)
[2018.09.16-19.16.08:038][300]LogExit: Exiting.
[2018.09.16-19.16.08:045][300]Log file closed, 09/16/18 15:16:08
