Log file open, 11/04/18 15:39:45
LogWindows: Failed to load 'aqProf.dll' (GetLastError=126)
LogWindows: File 'aqProf.dll' does not exist
LogWindows: Failed to load 'VtuneApi.dll' (GetLastError=126)
LogWindows: File 'VtuneApi.dll' does not exist
LogWindows: Failed to load 'VtuneApi32e.dll' (GetLastError=126)
LogWindows: File 'VtuneApi32e.dll' does not exist
LogInit: Display: Running engine for game: CieloKarcero
LogPlatformFile: Not using cached read wrapper
LogInit: Display: RandInit(1108429300) SRandInit(1108429300).
LogInit: Read version file with build ID '3944462'
LogInit: Overriding engine version to CL 4033788, compatible CL 3944462
LogInit: Registered custom module enumerator with build ID '3944462'
LogTaskGraph: Started task graph with 5 named threads and 11 total threads with 3 sets of task threads.
LogStats: Stats thread started at 0.234311
LogD3D11RHI: Aftermath initialized
LogICUInternationalization: Display: ICU TimeZone Detection - Raw Offset: -5:00, Platform Override: ''
LogModuleManager: Display: Found up-to-date module file ../../../Engine/Plugins/2D/Paper2D/Binaries/Win64/UE4Editor-Paper2D.dll (API version 3944462).
LogModuleManager: Display: Found up-to-date module file ../../../Engine/Plugins/2D/Paper2D/Binaries/Win64/UE4Editor-Paper2DEditor.dll (API version 3944462).
LogModuleManager: Display: Found up-to-date module file ../../../Engine/Plugins/2D/Paper2D/Binaries/Win64/UE4Editor-PaperSpriteSheetImporter.dll (API version 3944462).
LogModuleManager: Display: Found up-to-date module file ../../../Engine/Plugins/2D/Paper2D/Binaries/Win64/UE4Editor-PaperTiledImporter.dll (API version 3944462).
LogModuleManager: Display: Found up-to-date module file ../../../Engine/Plugins/2D/Paper2D/Binaries/Win64/UE4Editor-SmartSnapping.dll (API version 3944462).
LogModuleManager: Display: Found up-to-date module file ../../../Engine/Plugins/Blendables/LightPropagationVolume/Binaries/Win64/UE4Editor-LightPropagationVolumeRuntime.dll (API version 3944462).
LogModuleManager: Display: Found up-to-date module file ../../../Engine/Plugins/Blendables/LightPropagationVolume/Binaries/Win64/UE4Editor-LightPropagationVolumeEditor.dll (API version 3944462).
LogModuleManager: Display: Found up-to-date module file ../../../Engine/Plugins/Developer/CLionSourceCodeAccess/Binaries/Win64/UE4Editor-CLionSourceCodeAccess.dll (API version 3944462).
LogModuleManager: Display: Found up-to-date module file ../../../Engine/Plugins/Developer/GitSourceControl/Binaries/Win64/UE4Editor-GitSourceControl.dll (API version 3944462).
LogModuleManager: Display: Found up-to-date module file ../../../Engine/Plugins/Developer/PerforceSourceControl/Binaries/Win64/UE4Editor-PerforceSourceControl.dll (API version 3944462).
LogModuleManager: Display: Found up-to-date module file ../../../Engine/Plugins/Developer/SubversionSourceControl/Binaries/Win64/UE4Editor-SubversionSourceControl.dll (API version 3944462).
LogModuleManager: Display: Found up-to-date module file ../../../Engine/Plugins/Developer/UObjectPlugin/Binaries/Win64/UE4Editor-UObjectPlugin.dll (API version 3944462).
LogModuleManager: Display: Found up-to-date module file ../../../Engine/Plugins/Developer/VisualStudioCodeSourceCodeAccess/Binaries/Win64/UE4Editor-VisualStudioCodeSourceCodeAccess.dll (API version 3944462).
LogModuleManager: Display: Found up-to-date module file ../../../Engine/Plugins/Developer/VisualStudioSourceCodeAccess/Binaries/Win64/UE4Editor-VisualStudioSourceCodeAccess.dll (API version 3944462).
LogModuleManager: Display: Found up-to-date module file ../../../Engine/Plugins/Editor/AssetManagerEditor/Binaries/Win64/UE4Editor-AssetManagerEditor.dll (API version 3944462).
LogModuleManager: Display: Found up-to-date module file ../../../Engine/Plugins/Editor/CryptoKeys/Binaries/Win64/UE4Editor-CryptoKeys.dll (API version 3944462).
LogModuleManager: Display: Found up-to-date module file ../../../Engine/Plugins/Editor/CryptoKeys/Binaries/Win64/UE4Editor-CryptoKeysOpenSSL.dll (API version 3944462).
LogModuleManager: Display: Found up-to-date module file ../../../Engine/Plugins/Editor/DataValidation/Binaries/Win64/UE4Editor-DataValidation.dll (API version 3944462).
LogModuleManager: Display: Found up-to-date module file ../../../Engine/Plugins/Editor/FacialAnimation/Binaries/Win64/UE4Editor-FacialAnimation.dll (API version 3944462).
LogModuleManager: Display: Found up-to-date module file ../../../Engine/Plugins/Editor/FacialAnimation/Binaries/Win64/UE4Editor-FacialAnimationEditor.dll (API version 3944462).
LogModuleManager: Display: Found up-to-date module file ../../../Engine/Plugins/Editor/GameplayTagsEditor/Binaries/Win64/UE4Editor-GameplayTagsEditor.dll (API version 3944462).
LogModuleManager: Display: Found up-to-date module file ../../../Engine/Plugins/Editor/MobileLauncherProfileWizard/Binaries/Win64/UE4Editor-MobileLauncherProfileWizard.dll (API version 3944462).
LogModuleManager: Display: Found up-to-date module file ../../../Engine/Plugins/Editor/PluginBrowser/Binaries/Win64/UE4Editor-PluginBrowser.dll (API version 3944462).
LogModuleManager: Display: Found up-to-date module file ../../../Engine/Plugins/Editor/SpeedTreeImporter/Binaries/Win64/UE4Editor-SpeedTreeImporter.dll (API version 3944462).
LogModuleManager: Display: Found up-to-date module file ../../../Engine/Plugins/Enterprise/DatasmithContent/Binaries/Win64/UE4Editor-DatasmithContent.dll (API version 3944462).
LogModuleManager: Display: Found up-to-date module file ../../../Engine/Plugins/Experimental/AlembicImporter/Binaries/Win64/UE4Editor-AlembicImporter.dll (API version 3944462).
LogModuleManager: Display: Found up-to-date module file ../../../Engine/Plugins/Experimental/AlembicImporter/Binaries/Win64/UE4Editor-AlembicLibrary.dll (API version 3944462).
LogModuleManager: Display: Found up-to-date module file ../../../Engine/Plugins/Experimental/CharacterAI/Binaries/Win64/UE4Editor-CharacterAI.dll (API version 3944462).
LogModuleManager: Display: Found up-to-date module file ../../../Engine/Plugins/Experimental/HTML5Networking/Binaries/Win64/UE4Editor-HTML5Networking.dll (API version 3944462).
LogModuleManager: Display: Found up-to-date module file ../../../Engine/Plugins/Media/AndroidMedia/Binaries/Win64/UE4Editor-AndroidMediaEditor.dll (API version 3944462).
LogModuleManager: Display: Found up-to-date module file ../../../Engine/Plugins/Media/AndroidMedia/Binaries/Win64/UE4Editor-AndroidMediaFactory.dll (API version 3944462).
LogModuleManager: Display: Found up-to-date module file ../../../Engine/Plugins/Media/AvfMedia/Binaries/Win64/UE4Editor-AvfMediaEditor.dll (API version 3944462).
LogModuleManager: Display: Found up-to-date module file ../../../Engine/Plugins/Media/AvfMedia/Binaries/Win64/UE4Editor-AvfMediaFactory.dll (API version 3944462).
LogModuleManager: Display: Found up-to-date module file ../../../Engine/Plugins/Media/AvfMedia/Binaries/Win64/UE4Editor-AvfMediaFactory.dll (API version 3944462).
LogModuleManager: Display: Found up-to-date module file ../../../Engine/Plugins/Media/ImgMedia/Binaries/Win64/UE4Editor-ImgMedia.dll (API version 3944462).
LogModuleManager: Display: Found up-to-date module file ../../../Engine/Plugins/Media/ImgMedia/Binaries/Win64/UE4Editor-ImgMediaEditor.dll (API version 3944462).
LogModuleManager: Display: Found up-to-date module file ../../../Engine/Plugins/Media/ImgMedia/Binaries/Win64/UE4Editor-ImgMediaFactory.dll (API version 3944462).
LogModuleManager: Display: Found up-to-date module file ../../../Engine/Plugins/Media/ImgMedia/Binaries/Win64/UE4Editor-ImgMediaFactory.dll (API version 3944462).
LogModuleManager: Display: Found up-to-date module file ../../../Engine/Plugins/Media/ImgMedia/Binaries/Win64/UE4Editor-OpenExrWrapper.dll (API version 3944462).
LogModuleManager: Display: Found up-to-date module file ../../../Engine/Plugins/Media/LinearTimecode/Binaries/Win64/UE4Editor-LinearTimecode.dll (API version 3944462).
LogModuleManager: Display: Found up-to-date module file ../../../Engine/Plugins/Media/MediaCompositing/Binaries/Win64/UE4Editor-MediaCompositing.dll (API version 3944462).
LogModuleManager: Display: Found up-to-date module file ../../../Engine/Plugins/Media/MediaCompositing/Binaries/Win64/UE4Editor-MediaCompositingEditor.dll (API version 3944462).
LogModuleManager: Display: Found up-to-date module file ../../../Engine/Plugins/Media/MediaPlayerEditor/Binaries/Win64/UE4Editor-MediaPlayerEditor.dll (API version 3944462).
LogModuleManager: Display: Found up-to-date module file ../../../Engine/Plugins/Media/WmfMedia/Binaries/Win64/UE4Editor-WmfMedia.dll (API version 3944462).
LogModuleManager: Display: Found up-to-date module file ../../../Engine/Plugins/Media/WmfMedia/Binaries/Win64/UE4Editor-WmfMediaEditor.dll (API version 3944462).
LogModuleManager: Display: Found up-to-date module file ../../../Engine/Plugins/Media/WmfMedia/Binaries/Win64/UE4Editor-WmfMediaFactory.dll (API version 3944462).
LogModuleManager: Display: Found up-to-date module file ../../../Engine/Plugins/Media/WmfMedia/Binaries/Win64/UE4Editor-WmfMediaFactory.dll (API version 3944462).
LogModuleManager: Display: Found up-to-date module file ../../../Engine/Plugins/Messaging/TcpMessaging/Binaries/Win64/UE4Editor-TcpMessaging.dll (API version 3944462).
LogModuleManager: Display: Found up-to-date module file ../../../Engine/Plugins/Messaging/UdpMessaging/Binaries/Win64/UE4Editor-UdpMessaging.dll (API version 3944462).
LogModuleManager: Display: Found up-to-date module file ../../../Engine/Plugins/MovieScene/ActorSequence/Binaries/Win64/UE4Editor-ActorSequence.dll (API version 3944462).
LogModuleManager: Display: Found up-to-date module file ../../../Engine/Plugins/MovieScene/LevelSequenceEditor/Binaries/Win64/UE4Editor-LevelSequenceEditor.dll (API version 3944462).
LogModuleManager: Display: Found up-to-date module file ../../../Engine/Plugins/MovieScene/MatineeToLevelSequence/Binaries/Win64/UE4Editor-MatineeToLevelSequence.dll (API version 3944462).
LogModuleManager: Display: Found up-to-date module file ../../../Engine/Plugins/NetcodeUnitTest/NetcodeUnitTest/Binaries/Win64/UE4Editor-NetcodeUnitTest.dll (API version 3944462).
LogModuleManager: Display: Found up-to-date module file ../../../Engine/Plugins/NetcodeUnitTest/NUTUnrealEngine4/Binaries/Win64/UE4Editor-NUTUnrealEngine4.dll (API version 3944462).
LogModuleManager: Display: Found up-to-date module file ../../../Engine/Plugins/Online/OnlineSubsystem/Binaries/Win64/UE4Editor-OnlineSubsystem.dll (API version 3944462).
LogModuleManager: Display: Found up-to-date module file ../../../Engine/Plugins/Runtime/AndroidPermission/Binaries/Win64/UE4Editor-AndroidPermission.dll (API version 3944462).
LogModuleManager: Display: Found up-to-date module file ../../../Engine/Plugins/Online/OnlineSubsystemNull/Binaries/Win64/UE4Editor-OnlineSubsystemNull.dll (API version 3944462).
LogModuleManager: Display: Found up-to-date module file ../../../Engine/Plugins/Online/OnlineSubsystemUtils/Binaries/Win64/UE4Editor-OnlineSubsystemUtils.dll (API version 3944462).
LogModuleManager: Display: Found up-to-date module file ../../../Engine/Plugins/Online/OnlineSubsystemUtils/Binaries/Win64/UE4Editor-OnlineBlueprintSupport.dll (API version 3944462).
LogModuleManager: Display: Found up-to-date module file ../../../Engine/Plugins/Runtime/AndroidDeviceProfileSelector/Binaries/Win64/UE4Editor-AndroidDeviceProfileSelector.dll (API version 3944462).
LogModuleManager: Display: Found up-to-date module file ../../../Engine/Plugins/Runtime/AppleARKit/Binaries/Win64/UE4Editor-AppleARKit.dll (API version 3944462).
LogModuleManager: Display: Found up-to-date module file ../../../Engine/Plugins/Runtime/ProceduralMeshComponent/Binaries/Win64/UE4Editor-ProceduralMeshComponent.dll (API version 3944462).
LogModuleManager: Display: Found up-to-date module file ../../../Engine/Plugins/Runtime/ProceduralMeshComponent/Binaries/Win64/UE4Editor-ProceduralMeshComponentEditor.dll (API version 3944462).
LogModuleManager: Display: Found up-to-date module file ../../../Engine/Plugins/Animation/LiveLink/Binaries/Win64/UE4Editor-LiveLink.dll (API version 3944462).
LogModuleManager: Display: Found up-to-date module file ../../../Engine/Plugins/Animation/LiveLink/Binaries/Win64/UE4Editor-LiveLinkEditor.dll (API version 3944462).
LogModuleManager: Display: Found up-to-date module file ../../../Engine/Plugins/Runtime/ArchVisCharacter/Binaries/Win64/UE4Editor-ArchVisCharacter.dll (API version 3944462).
LogModuleManager: Display: Found up-to-date module file ../../../Engine/Plugins/Runtime/AudioCapture/Binaries/Win64/UE4Editor-AudioCapture.dll (API version 3944462).
LogModuleManager: Display: Found up-to-date module file ../../../Engine/Plugins/Runtime/AudioCapture/Binaries/Win64/UE4Editor-AudioCaptureEditor.dll (API version 3944462).
LogModuleManager: Display: Found up-to-date module file ../../../Engine/Plugins/Runtime/CableComponent/Binaries/Win64/UE4Editor-CableComponent.dll (API version 3944462).
LogModuleManager: Display: Found up-to-date module file ../../../Engine/Plugins/Runtime/CustomMeshComponent/Binaries/Win64/UE4Editor-CustomMeshComponent.dll (API version 3944462).
LogModuleManager: Display: Found up-to-date module file ../../../Engine/Plugins/Runtime/ExampleDeviceProfileSelector/Binaries/Win64/UE4Editor-ExampleDeviceProfileSelector.dll (API version 3944462).
LogModuleManager: Display: Found up-to-date module file ../../../Engine/Plugins/Runtime/ImmediatePhysics/Binaries/Win64/UE4Editor-ImmediatePhysics.dll (API version 3944462).
LogModuleManager: Display: Found up-to-date module file ../../../Engine/Plugins/Runtime/ImmediatePhysics/Binaries/Win64/UE4Editor-ImmediatePhysicsEditor.dll (API version 3944462).
LogModuleManager: Display: Found up-to-date module file ../../../Engine/Plugins/Runtime/LocationServicesBPLibrary/Binaries/Win64/UE4Editor-LocationServicesBPLibrary.dll (API version 3944462).
LogModuleManager: Display: Found up-to-date module file ../../../Engine/Plugins/Runtime/MobilePatchingUtils/Binaries/Win64/UE4Editor-MobilePatchingUtils.dll (API version 3944462).
LogModuleManager: Display: Found up-to-date module file ../../../Engine/Plugins/Runtime/Oculus/OculusVR/Binaries/Win64/UE4Editor-OculusHMD.dll (API version 3944462).
LogModuleManager: Display: Found up-to-date module file ../../../Engine/Plugins/Runtime/Oculus/OculusVR/Binaries/Win64/UE4Editor-OculusInput.dll (API version 3944462).
LogModuleManager: Display: Found up-to-date module file ../../../Engine/Plugins/Runtime/Oculus/OculusVR/Binaries/Win64/UE4Editor-OculusEditor.dll (API version 3944462).
LogModuleManager: Display: Found up-to-date module file ../../../Engine/Plugins/Runtime/PhysXVehicles/Binaries/Win64/UE4Editor-PhysXVehicles.dll (API version 3944462).
LogModuleManager: Display: Found up-to-date module file ../../../Engine/Plugins/Runtime/PhysXVehicles/Binaries/Win64/UE4Editor-PhysXVehiclesEditor.dll (API version 3944462).
LogModuleManager: Display: Found up-to-date module file ../../../Engine/Plugins/Runtime/RuntimePhysXCooking/Binaries/Win64/UE4Editor-RuntimePhysXCooking.dll (API version 3944462).
LogModuleManager: Display: Found up-to-date module file ../../../Engine/Plugins/Runtime/Steam/SteamVR/Binaries/Win64/UE4Editor-SteamVR.dll (API version 3944462).
LogModuleManager: Display: Found up-to-date module file ../../../Engine/Plugins/Runtime/Steam/SteamVR/Binaries/Win64/UE4Editor-SteamVRController.dll (API version 3944462).
LogModuleManager: Display: Found up-to-date module file ../../../Engine/Plugins/Runtime/WindowsMoviePlayer/Binaries/Win64/UE4Editor-WindowsMoviePlayer.dll (API version 3944462).
LogPluginManager: Mounting plugin Paper2D
LogPluginManager: Mounting plugin LiveLink
LogPluginManager: Mounting plugin LightPropagationVolume
LogPluginManager: Mounting plugin CLionSourceCodeAccess
LogPluginManager: Mounting plugin CodeLiteSourceCodeAccess
LogPluginManager: Mounting plugin GitSourceControl
LogPluginManager: Mounting plugin KDevelopSourceCodeAccess
LogPluginManager: Mounting plugin NullSourceCodeAccess
LogPluginManager: Mounting plugin PerforceSourceControl
LogPluginManager: Mounting plugin SubversionSourceControl
LogPluginManager: Mounting plugin UObjectPlugin
LogPluginManager: Mounting plugin VisualStudioCodeSourceCodeAccess
LogPluginManager: Mounting plugin VisualStudioSourceCodeAccess
LogPluginManager: Mounting plugin XCodeSourceCodeAccess
LogPluginManager: Mounting plugin AssetManagerEditor
LogPluginManager: Mounting plugin CryptoKeys
LogPluginManager: Mounting plugin DataValidation
LogPluginManager: Mounting plugin FacialAnimation
LogPluginManager: Mounting plugin GameplayTagsEditor
LogPluginManager: Mounting plugin MobileLauncherProfileWizard
LogPluginManager: Mounting plugin PluginBrowser
LogPluginManager: Mounting plugin SpeedTreeImporter
LogPluginManager: Mounting plugin DatasmithContent
LogPluginManager: Mounting plugin AlembicImporter
LogPluginManager: Mounting plugin CharacterAI
LogPluginManager: Mounting plugin HTML5Networking
LogPluginManager: Mounting plugin AndroidMedia
LogPluginManager: Mounting plugin AvfMedia
LogPluginManager: Mounting plugin ImgMedia
LogPluginManager: Mounting plugin LinearTimecode
LogPluginManager: Mounting plugin MediaCompositing
LogPluginManager: Mounting plugin MediaPlayerEditor
LogPluginManager: Mounting plugin WmfMedia
LogPluginManager: Mounting plugin TcpMessaging
LogPluginManager: Mounting plugin UdpMessaging
LogPluginManager: Mounting plugin ActorSequence
LogPluginManager: Mounting plugin LevelSequenceEditor
LogPluginManager: Mounting plugin MatineeToLevelSequence
LogPluginManager: Mounting plugin NetcodeUnitTest
LogPluginManager: Mounting plugin NUTUnrealEngine4
LogPluginManager: Mounting plugin OnlineSubsystemGooglePlay
LogPluginManager: Mounting plugin OnlineSubsystemIOS
LogPluginManager: Mounting plugin OnlineSubsystem
LogPluginManager: Mounting plugin OnlineSubsystemNull
LogPluginManager: Mounting plugin OnlineSubsystemUtils
LogPluginManager: Mounting plugin AndroidDeviceProfileSelector
LogPluginManager: Mounting plugin AndroidMoviePlayer
LogPluginManager: Mounting plugin AndroidPermission
LogPluginManager: Mounting plugin AppleARKit
LogPluginManager: Mounting plugin AppleMoviePlayer
LogPluginManager: Mounting plugin ArchVisCharacter
LogPluginManager: Mounting plugin AudioCapture
LogPluginManager: Mounting plugin CableComponent
LogPluginManager: Mounting plugin CustomMeshComponent
LogPluginManager: Mounting plugin ExampleDeviceProfileSelector
LogPluginManager: Mounting plugin GoogleCloudMessaging
LogPluginManager: Mounting plugin ImmediatePhysics
LogPluginManager: Mounting plugin IOSDeviceProfileSelector
LogPluginManager: Mounting plugin LinuxDeviceProfileSelector
LogPluginManager: Mounting plugin LocationServicesBPLibrary
LogPluginManager: Mounting plugin MobilePatchingUtils
LogPluginManager: Mounting plugin OculusVR
LogPluginManager: Plugin shader directory ../../../Engine/Plugins/Runtime/Oculus/OculusVR/Shaders found
LogPluginManager: Mapping shader source directory ../../../Engine/Plugins/Runtime/Oculus/OculusVR/Shaders to virtual directory /Plugin/OculusVR
LogPluginManager: Mounting plugin PhysXVehicles
LogPluginManager: Mounting plugin ProceduralMeshComponent
LogPluginManager: Mounting plugin RuntimePhysXCooking
LogPluginManager: Mounting plugin SteamVR
LogPluginManager: Mounting plugin WindowsMoviePlayer
LogStreaming: Display: Took  2.498s to configure plugins.
LogInit: Using libcurl 7.47.1
LogInit:  - built for x86_64-pc-win32
LogInit:  - supports SSL with OpenSSL/1.0.2g
LogInit:  - supports HTTP deflate (compression) using libz 1.2.8
LogInit:  - other features:
LogInit:      CURL_VERSION_SSL
LogInit:      CURL_VERSION_LIBZ
LogInit:      CURL_VERSION_IPV6
LogInit:      CURL_VERSION_ASYNCHDNS
LogInit:      CURL_VERSION_LARGEFILE
LogInit:      CURL_VERSION_IDN
LogInit:  CurlRequestOptions (configurable via config and command line):
LogInit:  - bVerifyPeer = false  - Libcurl will NOT verify peer certificate
LogInit:  - bUseHttpProxy = false  - Libcurl will NOT use HTTP proxy
LogInit:  - bDontReuseConnections = false  - Libcurl will reuse connections
LogInit:  - CertBundlePath = nullptr  - Libcurl will use whatever was configured at build time.
LogInit:  - MaxHostConnections = 16  - Libcurl will limit the number of connections to a host
LogInit:  - LocalHostAddr = Default
LogInit: WinSock: version 1.1 (2.2), MaxSocks=32767, MaxUdp=65467
LogInit: WinSock: I am DESKTOP-5OGJ61U (172.25.143.89:0)
LogInit: Build: ++UE4+Release-4.19-CL-4033788
LogInit: Engine Version: 4.19.2-4033788+++UE4+Release-4.19
LogInit: Compatible Engine Version: 4.19.0-3944462+++UE4+Release-4.19
LogInit: Net CL: 3944462
LogDevObjectVersion: Number of dev versions registered: 18
LogDevObjectVersion:   Dev-Blueprints (B0D832E4-1F89-4F0D-ACCF-7EB736FD4AA2): 10
LogDevObjectVersion:   Dev-Build (E1C64328-A22C-4D53-A36C-8E866417BD8C): 0
LogDevObjectVersion:   Dev-Core (375EC13C-06E4-48FB-B500-84F0262A717E): 2
LogDevObjectVersion:   Dev-Editor (E4B068ED-F494-42E9-A231-DA0B2E46BB41): 23
LogDevObjectVersion:   Dev-Framework (CFFC743F-43B0-4480-9391-14DF171D2073): 33
LogDevObjectVersion:   Dev-Mobile (B02B49B5-BB20-44E9-A304-32B752E40360): 2
LogDevObjectVersion:   Dev-Networking (A4E4105C-59A1-49B5-A7C5-40C4547EDFEE): 0
LogDevObjectVersion:   Dev-Online (39C831C9-5AE6-47DC-9A44-9C173E1C8E7C): 0
LogDevObjectVersion:   Dev-Physics (78F01B33-EBEA-4F98-B9B4-84EACCB95AA2): 0
LogDevObjectVersion:   Dev-Platform (6631380F-2D4D-43E0-8009-CF276956A95A): 0
LogDevObjectVersion:   Dev-Rendering (12F88B9F-8875-4AFC-A67C-D90C383ABD29): 25
LogDevObjectVersion:   Dev-Sequencer (7B5AE74C-D270-4C10-A958-57980B212A5A): 6
LogDevObjectVersion:   Dev-VR (D7296918-1DD6-4BDD-9DE2-64A83CC13884): 1
LogDevObjectVersion:   Dev-LoadTimes (C2A15278-BFE7-4AFE-6C17-90FF531DF755): 1
LogDevObjectVersion:   Private-Geometry (6EACA3D4-40EC-4CC1-B786-8BED09428FC5): 2
LogDevObjectVersion:   Dev-AnimPhys (29E575DD-E0A3-4627-9D10-D276232CDCEA): 16
LogDevObjectVersion:   Dev-ReflectionCapture (6B266CEC-1EC7-4B8F-A30B-E4D90942FC07): 1
LogDevObjectVersion:   Dev-Automation (0DF73D61-A23F-47EA-B727-89E90C41499A): 1
LogInit: Compiled (64-bit): Apr 27 2018 02:06:57
LogInit: Compiled with Visual C++: 19.00.24215.01
LogInit: Build Configuration: Development
LogInit: Branch Name: ++UE4+Release-4.19
LogInit: Command Line:  
LogInit: Base Directory: C:/Program Files/Epic Games/UE_4.19/Engine/Binaries/Win64/
LogInit: Installed Engine Build: 1
LogStreaming: Display: Took  0.001s to delete old logs.
LogInit: Presizing for max 8388607 objects, including 0 objects not considered by GC, pre-allocating 0 bytes for permanent pool.
LogInit: Object subsystem initialized
[2018.11.04-20.39.48:885][  0]LogInit: Selected Device Profile: [Windows]
[2018.11.04-20.39.48:885][  0]LogInit: Applying CVar settings loaded from the selected device profile: [Windows]
[2018.11.04-20.39.48:916][  0]LogInit: Computer: DESKTOP-5OGJ61U
[2018.11.04-20.39.48:916][  0]LogInit: User: wesda
[2018.11.04-20.39.48:916][  0]LogInit: CPU Page size=4096, Cores=2
[2018.11.04-20.39.48:916][  0]LogInit: High frequency timer resolution =2.343751 MHz
[2018.11.04-20.39.48:918][  0]LogMemory: Memory total: Physical=19.9GB (20GB approx)
[2018.11.04-20.39.48:918][  0]LogMemory: Platform Memory Stats for Windows
[2018.11.04-20.39.48:918][  0]LogMemory: Process Physical Memory: 274.76 MB used, 274.76 MB peak
[2018.11.04-20.39.48:918][  0]LogMemory: Process Virtual Memory: 270.50 MB used, 270.50 MB peak
[2018.11.04-20.39.48:918][  0]LogMemory: Physical Memory: 8144.05 MB used,  12207.55 MB free, 20351.60 MB total
[2018.11.04-20.39.48:918][  0]LogMemory: Virtual Memory: 4782.26 MB used,  12207.55 MB free, 134217728.00 MB total
[2018.11.04-20.39.48:968][  0]LogInit: Using OS detected language (en-US).
[2018.11.04-20.39.48:968][  0]LogInit: Using OS detected locale (en-US).
[2018.11.04-20.39.48:974][  0]LogTextLocalizationManager: No specific localization for 'en-US' exists, so the 'en' localization will be used.
[2018.11.04-20.39.49:874][  0]LogStreaming: Display: Took  0.905s to EndInitTextLocalization.
[2018.11.04-20.39.49:874][  0]LogInit: Setting process to per monitor DPI aware
[2018.11.04-20.39.49:956][  0]LogSlate: New Slate User Created.  User Index 0, Is Virtual User: 0
[2018.11.04-20.39.49:956][  0]LogSlate: Slate User Registered.  User Index 0, Is Virtual User: 0
[2018.11.04-20.39.50:392][  0]LogD3D11RHI: D3D11 adapters:
[2018.11.04-20.39.50:519][  0]LogD3D11RHI:    0. 'Intel(R) HD Graphics 520' (Feature Level 11_0)
[2018.11.04-20.39.50:519][  0]LogD3D11RHI:       128/0/10175 MB DedicatedVideo/DedicatedSystem/SharedSystem, Outputs:1, VendorId:0x8086
[2018.11.04-20.39.50:521][  0]LogD3D11RHI:    1. 'Microsoft Basic Render Driver' (Feature Level 11_0)
[2018.11.04-20.39.50:521][  0]LogD3D11RHI:       0/0/10175 MB DedicatedVideo/DedicatedSystem/SharedSystem, Outputs:0, VendorId:0x1414
[2018.11.04-20.39.50:521][  0]LogD3D11RHI: Chosen D3D11 Adapter: 0
[2018.11.04-20.39.50:533][  0]LogD3D11RHI: Creating new Direct3DDevice
[2018.11.04-20.39.50:533][  0]LogD3D11RHI:     GPU DeviceId: 0x1916 (for the marketing name, search the web for "GPU Device Id")
[2018.11.04-20.39.50:533][  0]LogWindows: EnumDisplayDevices:
[2018.11.04-20.39.50:533][  0]LogWindows:    0. 'Intel(R) HD Graphics 520' (P:1 D:1)
[2018.11.04-20.39.50:533][  0]LogWindows:    1. 'Intel(R) HD Graphics 520' (P:0 D:0)
[2018.11.04-20.39.50:534][  0]LogWindows:    2. 'Intel(R) HD Graphics 520' (P:0 D:0)
[2018.11.04-20.39.50:534][  0]LogWindows: DebugString: GetVideoDriverDetailsInvalid PrimaryIsNotTheChoosenAdapter GetVideoDriverDetailsInvalid PrimaryIsNotTheChoosenAdapter GetVideoDriverDetailsInvalid PrimaryIsNotTheChoosenAdapter FoundDriverCount:0 
[2018.11.04-20.39.50:534][  0]LogD3D11RHI:     Adapter Name: Intel(R) HD Graphics 520
[2018.11.04-20.39.50:534][  0]LogD3D11RHI:   Driver Version: Unknown (internal:Unknown, unified:Unknown)
[2018.11.04-20.39.50:534][  0]LogD3D11RHI:      Driver Date: Unknown
[2018.11.04-20.39.50:534][  0]LogRHI: Texture pool is 1523 MB (70% of 2176 MB)
[2018.11.04-20.39.50:639][  0]LogD3D11RHI: Async texture creation enabled
[2018.11.04-20.39.50:652][  0]LogD3D11RHI: GPU Timing Frequency: 12.000048 (Debug: 2 0)
[2018.11.04-20.39.50:654][  0]LogShaderCompilers: Guid format shader working directory is -47 characters bigger than the processId version (../../../../../../Users/wesda/Documents/Unreal Projects/fall-2018-cielo-karcero/CieloKarcero/Intermediate/Shaders/WorkingDirectory/10424/).
[2018.11.04-20.39.50:654][  0]LogShaderCompilers: Cleaned the shader compiler working directory 'C:/Users/wesda/AppData/Local/Temp/UnrealShaderWorkingDir/A6A492E348BFA22096CF5E84F5BD862E/'.
[2018.11.04-20.39.51:133][  0]LogTemp: Display: Loaded TP AllDesktopTargetPlatform
[2018.11.04-20.39.51:162][  0]LogTemp: Display: Loaded TP MacClientTargetPlatform
[2018.11.04-20.39.51:195][  0]LogTemp: Display: Loaded TP MacNoEditorTargetPlatform
[2018.11.04-20.39.51:224][  0]LogTemp: Display: Loaded TP MacServerTargetPlatform
[2018.11.04-20.39.51:254][  0]LogTemp: Display: Loaded TP MacTargetPlatform
[2018.11.04-20.39.51:281][  0]LogTemp: Display: Loaded TP WindowsClientTargetPlatform
[2018.11.04-20.39.51:315][  0]LogTemp: Display: Loaded TP WindowsNoEditorTargetPlatform
[2018.11.04-20.39.51:344][  0]LogTemp: Display: Loaded TP WindowsServerTargetPlatform
[2018.11.04-20.39.51:357][  0]LogTemp: Display: Loaded TP WindowsTargetPlatform
[2018.11.04-20.39.51:380][  0]LogTemp: Display: Loaded TP Android_ASTCTargetPlatform
[2018.11.04-20.39.51:402][  0]LogTemp: Display: Loaded TP Android_ATCTargetPlatform
[2018.11.04-20.39.51:425][  0]LogTemp: Display: Loaded TP Android_DXTTargetPlatform
[2018.11.04-20.39.51:447][  0]LogTemp: Display: Loaded TP Android_ETC1aTargetPlatform
[2018.11.04-20.39.51:474][  0]LogTemp: Display: Loaded TP Android_ETC1TargetPlatform
[2018.11.04-20.39.51:495][  0]LogTemp: Display: Loaded TP Android_ETC2TargetPlatform
[2018.11.04-20.39.51:538][  0]LogTemp: Display: Loaded TP Android_MultiTargetPlatform
[2018.11.04-20.39.51:539][  0]LogTemp: Display: Loaded TP Android_PVRTCTargetPlatform
[2018.11.04-20.39.51:560][  0]LogTemp: Display: Loaded TP AndroidTargetPlatform
[2018.11.04-20.39.51:562][  0]LogTemp: Display: Loaded TP HTML5TargetPlatform
[2018.11.04-20.39.51:616][  0]LogTemp: Display: Loaded TP IOSTargetPlatform
[2018.11.04-20.39.51:643][  0]LogTemp: Display: Loaded TP TVOSTargetPlatform
[2018.11.04-20.39.51:663][  0]LogTemp: Display: Loaded TP LinuxClientTargetPlatform
[2018.11.04-20.39.51:689][  0]LogTemp: Display: Loaded TP LinuxNoEditorTargetPlatform
[2018.11.04-20.39.51:715][  0]LogTemp: Display: Loaded TP LinuxServerTargetPlatform
[2018.11.04-20.39.51:733][  0]LogTemp: Display: Loaded TP LinuxTargetPlatform
[2018.11.04-20.39.51:733][  0]LogTargetPlatformManager: Display: Building Assets For Windows
[2018.11.04-20.39.51:948][  0]LogXGEController: Cleaning working directory: C:/Users/wesda/AppData/Local/Temp/UnrealXGEWorkingDir/
[2018.11.04-20.39.51:949][  0]LogXGEController: Cannot use XGE Controller as Incredibuild is not installed on this machine.
[2018.11.04-20.39.51:949][  0]LogShaderCompilers: Cannot use XGE Shader Compiler as Incredibuild is not installed on this machine.
[2018.11.04-20.39.51:949][  0]LogShaderCompilers: Display: Using Local Shader Compiler.
[2018.11.04-20.39.53:354][  0]LogDerivedDataCache: Display: Max Cache Size: 512 MB
[2018.11.04-20.39.53:484][  0]LogDerivedDataCache: Loaded boot cache 0.13s 74MB C:/Users/wesda/AppData/Local/UnrealEngine/4.19/DerivedDataCache/Boot.ddc.
[2018.11.04-20.39.53:484][  0]LogDerivedDataCache: Display: Loaded Boot cache: C:/Users/wesda/AppData/Local/UnrealEngine/4.19/DerivedDataCache/Boot.ddc
[2018.11.04-20.39.53:484][  0]LogDerivedDataCache: FDerivedDataBackendGraph:  Pak pak cache file ../../../../../../Users/wesda/Documents/Unreal Projects/fall-2018-cielo-karcero/CieloKarcero/DerivedDataCache/DDC.ddp not found, will not use a pak cache.
[2018.11.04-20.39.53:484][  0]LogDerivedDataCache: Unable to find inner node Pak for hierarchical cache Hierarchy.
[2018.11.04-20.39.53:484][  0]LogDerivedDataCache: FDerivedDataBackendGraph:  CompressedPak pak cache file ../../../../../../Users/wesda/Documents/Unreal Projects/fall-2018-cielo-karcero/CieloKarcero/DerivedDataCache/Compressed.ddp not found, will not use a pak cache.
[2018.11.04-20.39.53:484][  0]LogDerivedDataCache: Unable to find inner node CompressedPak for hierarchical cache Hierarchy.
[2018.11.04-20.39.53:513][  0]LogDerivedDataCache: Display: Pak cache opened for reading ../../../Engine/DerivedDataCache/Compressed.ddp.
[2018.11.04-20.39.53:526][  0]LogDerivedDataCache: Using Local data cache path C:/Users/wesda/AppData/Local/UnrealEngine/Common/DerivedDataCache: Writable
[2018.11.04-20.39.53:526][  0]LogDerivedDataCache: Shared data cache path not found in *engine.ini, will not use an Shared cache.
[2018.11.04-20.39.53:526][  0]LogDerivedDataCache: Unable to find inner node Shared for hierarchical cache Hierarchy.
[2018.11.04-20.39.53:550][  0]LogMaterial: Verifying Global Shaders for PCD3D_SM5
[2018.11.04-20.39.53:550][  0]LogSlate: Using Freetype 2.6.0
[2018.11.04-20.39.53:552][  0]LogSlate: SlateFontCache - WITH_FREETYPE: 1, WITH_HARFBUZZ: 1
[2018.11.04-20.39.53:552][  0]LogSlate: SlateFontCache - WITH_FREETYPE: 1, WITH_HARFBUZZ: 1
[2018.11.04-20.39.53:757][  0]LogAssetRegistry: FAssetRegistry took 0.0297 seconds to start up
[2018.11.04-20.39.54:404][  0]LogInit: Selected Device Profile: [Windows]
[2018.11.04-20.39.54:675][  0]LogSimplygon: Simplygon DLL not present - disabling.
[2018.11.04-20.39.54:679][  0]LogMeshReduction: Using SimplygonSwarm for distributed automatic mesh merging
[2018.11.04-20.39.54:679][  0]LogMeshReduction: Using QuadricMeshReduction for automatic static mesh reduction
[2018.11.04-20.39.54:679][  0]LogMeshReduction: No automatic skeletal mesh reduction module available
[2018.11.04-20.39.54:679][  0]LogMeshReduction: No automatic mesh merging module available
[2018.11.04-20.39.54:679][  0]LogMeshMerging: No automatic mesh merging module available
[2018.11.04-20.39.54:738][  0]LogNetVersion: CieloKarcero , NetCL: 3944462, EngineNetVer: 2, GameNetVer: 0 (Checksum: 883089839)
[2018.11.04-20.39.55:603][  0]LogPackageLocalizationCache: Processed 9 localized package path(s) for 2 prioritized culture(s) in 0.147464 seconds
[2018.11.04-20.39.55:614][  0]LogUObjectArray: 36728 objects as part of root set at end of initial load.
[2018.11.04-20.39.55:614][  0]LogUObjectAllocator: 7314304 out of 0 bytes used by permanent object pool.
[2018.11.04-20.39.55:614][  0]LogUObjectArray: CloseDisregardForGC: 0/0 objects in disregard for GC pool
[2018.11.04-20.39.58:549][  0]LogTcpMessaging: Initializing TcpMessaging bridge
[2018.11.04-20.39.58:593][  0]LogUdpMessaging: Initializing bridge on interface 0.0.0.0:0 to multicast group 230.0.0.1:6666.
[2018.11.04-20.39.59:201][  0]SourceControl: Source control is disabled
[2018.11.04-20.39.59:201][  0]SourceControl: Source control is disabled
[2018.11.04-20.39.59:239][  0]SourceControl: Source control is disabled
[2018.11.04-20.39.59:273][  0]SourceControl: Source control is disabled
[2018.11.04-20.40.00:120][  0]LogAndroidPermission: UAndroidPermissionCallbackProxy::GetInstance
[2018.11.04-20.40.00:442][  0]LogOcInput: OculusInput pre-init called
[2018.11.04-20.40.00:640][  0]LogEngine: Initializing Engine...
[2018.11.04-20.40.00:643][  0]LogHMD: Failed to initialize OpenVR with code 110
[2018.11.04-20.40.00:646][  0]LogStats: UGameplayTagsManager::ConstructGameplayTagTree: Construct from data asset -  0.000 s
[2018.11.04-20.40.00:646][  0]LogStats: UGameplayTagsManager::ConstructGameplayTagTree: GameplayTagTreeChangedEvent.Broadcast -  0.000 s
[2018.11.04-20.40.01:123][  0]LogAIModule: Creating AISystem for world Untitled
[2018.11.04-20.40.01:144][  0]LogInit: XAudio2 using 'Crestron (Intel(R) Display Audio)' : 2 channels at 48 kHz using 16 bits per sample (channel mask 0x3)
[2018.11.04-20.40.01:170][  0]LogInit: FAudioDevice initialized.
[2018.11.04-20.40.01:396][  0]LogDerivedDataCache: Saved boot cache 0.23s 74MB C:/Users/wesda/AppData/Local/UnrealEngine/4.19/DerivedDataCache/Boot.ddc.
[2018.11.04-20.40.01:433][  0]LogInit: Texture streaming: Enabled
[2018.11.04-20.40.01:467][  0]LogEngineSessionManager: EngineSessionManager initialized
[2018.11.04-20.40.01:468][  0]LogEngineSessionManager: EngineSessionManager sent abnormal shutdown report. Type=Crashed, SessionId={B245770E-4C49-B204-82EB-3E998ECC85F5}
[2018.11.04-20.40.01:494][  0]LogInit: Transaction tracking system initialized
[2018.11.04-20.40.01:540][  0]BlueprintLog: New page: Editor Load
[2018.11.04-20.40.01:682][  0]LocalizationService: Localization service is disabled
[2018.11.04-20.40.01:877][  0]LogConsoleResponse: Display: 
[2018.11.04-20.40.02:200][  0]LogCook: Display: Max memory allowance for cook 16384mb min free memory 0mb
[2018.11.04-20.40.02:200][  0]LogCook: Display: Mobile HDR setting 1
[2018.11.04-20.40.02:200][  0]LogGameplayTags: Display: UGameplayTagsManager::DoneAddingNativeTags. DelegateIsBound: 0
[2018.11.04-20.40.02:200][  0]LogStats: UGameplayTagsManager::ConstructGameplayTagTree: Construct from data asset -  0.000 s
[2018.11.04-20.40.02:200][  0]LogStats: UGameplayTagsManager::ConstructGameplayTagTree: GameplayTagTreeChangedEvent.Broadcast -  0.000 s
[2018.11.04-20.40.02:920][  0]LogFileCache: Scanning file cache for directory 'C:/Users/wesda/Documents/Unreal Projects/fall-2018-cielo-karcero/CieloKarcero/Content/' took 0.02s
[2018.11.04-20.40.02:920][  0]SourceControl: Source control is disabled
[2018.11.04-20.40.03:063][  0]LogWindowsTextInputMethodSystem: Display: IME system now deactivated.
[2018.11.04-20.40.03:066][  0]LogSlate: Took 0.000333 seconds to synchronously load lazily loaded font '../../../Engine/Content/Slate/Fonts/Roboto-Regular.ttf' (155K)
[2018.11.04-20.40.28:701][  0]LogSlate: Window 'Restore Packages' being destroyed
[2018.11.04-20.40.28:702][  0]LogWindowsTextInputMethodSystem: Display: IME system now deactivated.
[2018.11.04-20.40.28:708][  0]LogWindowsTextInputMethodSystem: Display: IME system now deactivated.
[2018.11.04-20.40.28:831][  0]LightingResults: New page: Lighting Build
[2018.11.04-20.40.28:837][  0]MapCheck: New page: Map Check
[2018.11.04-20.40.28:837][  0]LightingResults: New page: Lighting Build
[2018.11.04-20.40.29:479][  0]LogUObjectGlobals: Created PersistentFrame Addr=0x0000022e094f1d00, Size=1040, Default__RoomGen_BP_C Function /Game/Blueprints/RoomGen_BP.RoomGen_BP_C:ExecuteUbergraph_RoomGen_BP
[2018.11.04-20.40.29:826][  0]LogUObjectGlobals: Destroyed PersistentFrame Addr=0x0000022e094f1d00, Size=1040
[2018.11.04-20.40.29:826][  0]LogUObjectGlobals: Created PersistentFrame Addr=0x0000022e0954f200, Size=1040, Default__RoomGen_BP_C Function /Engine/Transient.REINST_RoomGen_BP_C_5:ExecuteUbergraph_RoomGen_BP
[2018.11.04-20.40.30:059][  0]LogUObjectGlobals: Created PersistentFrame Addr=0x0000022e1b96f200, Size=1040, Default__RoomGen_BP_C Function /Game/Blueprints/RoomGen_BP.RoomGen_BP_C:ExecuteUbergraph_RoomGen_BP
[2018.11.04-20.40.30:092][  0]LogUObjectGlobals: Created PersistentFrame Addr=0x0000022e1bb8eb00, Size=336, Default__Interactible_BP_C Function /Game/BP/Interactible_BP.Interactible_BP_C:ExecuteUbergraph_Interactible_BP
[2018.11.04-20.40.30:153][  0]LogUObjectGlobals: Created PersistentFrame Addr=0x0000022e1b9633a0, Size=88, Default__Derek_AnimBP_C Function /Game/Characters/Derek/Derek_AnimBP.Derek_AnimBP_C:ExecuteUbergraph_Derek_AnimBP
[2018.11.04-20.40.30:210][  0]LogUObjectGlobals: Created PersistentFrame Addr=0x0000022e1bad5580, Size=72, Default__FirstPerson_AnimBP_C Function /Game/FirstPerson/Animations/FirstPerson_AnimBP.FirstPerson_AnimBP_C:ExecuteUbergraph_FirstPerson_AnimBP
[2018.11.04-20.40.30:257][  0]LogUObjectGlobals: Created PersistentFrame Addr=0x0000022e1bb855e0, Size=32, Default__Holdable_BP_C Function /Game/BP/Holdable_BP.Holdable_BP_C:ExecuteUbergraph_Holdable_BP
[2018.11.04-20.40.30:257][  0]LogUObjectGlobals: Created PersistentFrame Addr=0x0000022e119fc700, Size=336, Default__Holdable_BP_C Function /Game/BP/Interactible_BP.Interactible_BP_C:ExecuteUbergraph_Interactible_BP
[2018.11.04-20.40.30:270][  0]LogUObjectGlobals: Created PersistentFrame Addr=0x0000022e1b9a1600, Size=1552, Default__FP_Char_Test_BP_C Function /Game/FirstPersonBP/Blueprints/FP_Char_Test_BP.FP_Char_Test_BP_C:ExecuteUbergraph_FP_Char_Test_BP
[2018.11.04-20.40.30:573][  0]LogUObjectGlobals: Created PersistentFrame Addr=0x0000022e1bab4200, Size=472, Default__Inventory_BP_C Function /Game/BP/Inventory_BP.Inventory_BP_C:ExecuteUbergraph_Inventory_BP
[2018.11.04-20.40.30:593][  0]LogUObjectGlobals: Created PersistentFrame Addr=0x0000022e119d3680, Size=128, Default__Item_BP_C Function /Game/BP/Item_BP.Item_BP_C:ExecuteUbergraph_Item_BP
[2018.11.04-20.40.30:593][  0]LogUObjectGlobals: Created PersistentFrame Addr=0x0000022e1bb844a0, Size=32, Default__Item_BP_C Function /Game/BP/Holdable_BP.Holdable_BP_C:ExecuteUbergraph_Holdable_BP
[2018.11.04-20.40.30:593][  0]LogUObjectGlobals: Created PersistentFrame Addr=0x0000022e11acd600, Size=336, Default__Item_BP_C Function /Game/BP/Interactible_BP.Interactible_BP_C:ExecuteUbergraph_Interactible_BP
[2018.11.04-20.40.30:676][  0]LogLinker: Warning: Can't find file '/Game/Materials/Papers/Textures/arch20_document_01'
[2018.11.04-20.40.30:676][  0]LogLinker: Warning: Can't find file for asset '/Game/Materials/Papers/Textures/arch20_document_01' while loading ../../../../../../Users/wesda/Documents/Unreal Projects/fall-2018-cielo-karcero/CieloKarcero/Content/BP/Master_NoteList_DT.uasset.
[2018.11.04-20.40.30:676][  0]LoadErrors: Error: /Game/BP/Master_NoteList_DT : Can't find file for asset. /Game/Materials/Papers/Textures/arch20_document_01
[2018.11.04-20.40.30:676][  0]LogLinker: Warning: Can't find file '/Game/Materials/Papers/Textures/arch20_document_02'
[2018.11.04-20.40.30:677][  0]LogLinker: Warning: Can't find file for asset '/Game/Materials/Papers/Textures/arch20_document_02' while loading ../../../../../../Users/wesda/Documents/Unreal Projects/fall-2018-cielo-karcero/CieloKarcero/Content/BP/Master_NoteList_DT.uasset.
[2018.11.04-20.40.30:677][  0]LoadErrors: Error: /Game/BP/Master_NoteList_DT : Can't find file for asset. /Game/Materials/Papers/Textures/arch20_document_02
[2018.11.04-20.40.30:677][  0]LogLinker: Warning: Can't find file '/Game/Materials/Papers/Textures/arch20_document_01'
[2018.11.04-20.40.30:677][  0]LogLinker: Warning: Can't find file for asset '/Game/Materials/Papers/Textures/arch20_document_01' while loading ../../../../../../Users/wesda/Documents/Unreal Projects/fall-2018-cielo-karcero/CieloKarcero/Content/BP/Master_NoteList_DT.uasset.
[2018.11.04-20.40.30:677][  0]LoadErrors: Error: /Game/BP/Master_NoteList_DT : Can't find file for asset. /Game/Materials/Papers/Textures/arch20_document_01
[2018.11.04-20.40.30:679][  0]LogLinker: Warning: Can't find file '/Game/Materials/Papers/Textures/arch20_document_02'
[2018.11.04-20.40.30:679][  0]LogLinker: Warning: Can't find file for asset '/Game/Materials/Papers/Textures/arch20_document_02' while loading ../../../../../../Users/wesda/Documents/Unreal Projects/fall-2018-cielo-karcero/CieloKarcero/Content/BP/Master_NoteList_DT.uasset.
[2018.11.04-20.40.30:679][  0]LoadErrors: Error: /Game/BP/Master_NoteList_DT : Can't find file for asset. /Game/Materials/Papers/Textures/arch20_document_02
[2018.11.04-20.40.30:693][  0]LogUObjectGlobals: Created PersistentFrame Addr=0x0000022e1b9956c0, Size=192, Default__Note_Widget_C Function /Game/UI/Inventory/Widgets/Note_Widget.Note_Widget_C:ExecuteUbergraph_Note_Widget
[2018.11.04-20.40.30:865][  0]LogLinker: Warning: Can't find file '/Game/Materials/Papers/Textures/arch20_document_01'
[2018.11.04-20.40.30:865][  0]LoadErrors: Failed to load /Game/Materials/Papers/Textures/arch20_document_01.arch20_document_01 Referenced by Master_NoteList_DT
[2018.11.04-20.40.30:866][  0]LogLinker: Warning: Can't find file for asset '/Game/Materials/Papers/Textures/arch20_document_01' while loading ../../../../../../Users/wesda/Documents/Unreal Projects/fall-2018-cielo-karcero/CieloKarcero/Content/BP/Item_BP.uasset.
[2018.11.04-20.40.30:866][  0]LoadErrors: Failed to load /Game/Materials/Papers/Textures/arch20_document_01.arch20_document_01 Referenced by Master_NoteList_DT
[2018.11.04-20.40.30:866][  0]LoadErrors: Error: /Game/BP/Item_BP : Can't find file for asset. /Game/Materials/Papers/Textures/arch20_document_01
[2018.11.04-20.40.30:867][  0]LogLinker: Warning: Can't find file '/Game/Materials/Papers/Textures/arch20_document_02'
[2018.11.04-20.40.30:867][  0]LoadErrors: Failed to load /Game/Materials/Papers/Textures/arch20_document_02.arch20_document_02 Referenced by Master_NoteList_DT
[2018.11.04-20.40.30:868][  0]LogLinker: Warning: Can't find file for asset '/Game/Materials/Papers/Textures/arch20_document_02' while loading ../../../../../../Users/wesda/Documents/Unreal Projects/fall-2018-cielo-karcero/CieloKarcero/Content/BP/Item_BP.uasset.
[2018.11.04-20.40.30:868][  0]LoadErrors: Failed to load /Game/Materials/Papers/Textures/arch20_document_02.arch20_document_02 Referenced by Master_NoteList_DT
[2018.11.04-20.40.30:868][  0]LoadErrors: Error: /Game/BP/Item_BP : Can't find file for asset. /Game/Materials/Papers/Textures/arch20_document_02
[2018.11.04-20.40.30:878][  0]LogUObjectGlobals: Created PersistentFrame Addr=0x0000022e1b5e33b0, Size=16, Default__Weapon_BP_C Function /Game/BP/Weapon_BP.Weapon_BP_C:ExecuteUbergraph_Weapon_BP
[2018.11.04-20.40.30:878][  0]LogUObjectGlobals: Created PersistentFrame Addr=0x0000022e1b5d9f80, Size=128, Default__Weapon_BP_C Function /Game/BP/Item_BP.Item_BP_C:ExecuteUbergraph_Item_BP
[2018.11.04-20.40.30:878][  0]LogUObjectGlobals: Created PersistentFrame Addr=0x0000022e1bc84e00, Size=32, Default__Weapon_BP_C Function /Game/BP/Holdable_BP.Holdable_BP_C:ExecuteUbergraph_Holdable_BP
[2018.11.04-20.40.30:878][  0]LogUObjectGlobals: Created PersistentFrame Addr=0x0000022e1b5c6680, Size=336, Default__Weapon_BP_C Function /Game/BP/Interactible_BP.Interactible_BP_C:ExecuteUbergraph_Interactible_BP
[2018.11.04-20.40.30:896][  0]LogUObjectGlobals: Created PersistentFrame Addr=0x0000022e1b5bb9c0, Size=296, Default__Inventory_Slot_Widget_C Function /Game/UI/Inventory/Widgets/Inventory_Slot_Widget.Inventory_Slot_Widget_C:ExecuteUbergraph_Inventory_Slot_Widget
[2018.11.04-20.40.30:910][  0]LogUObjectGlobals: Created PersistentFrame Addr=0x0000022e7a1cc230, Size=4, Default__Detail_Widget_C Function /Game/UI/Inventory/Widgets/Detail_Widget.Detail_Widget_C:ExecuteUbergraph_Detail_Widget
[2018.11.04-20.40.30:924][  0]LogUObjectGlobals: Created PersistentFrame Addr=0x0000022e1b216b60, Size=136, Default__Dragged_Item_Widget_C Function /Game/UI/Inventory/Widgets/Dragged_Item_Widget.Dragged_Item_Widget_C:ExecuteUbergraph_Dragged_Item_Widget
[2018.11.04-20.40.30:959][  0]LogUObjectGlobals: Created PersistentFrame Addr=0x0000022e1b2217c0, Size=400, Default__Hotkey_Slot_Widget_C Function /Game/UI/Inventory/Widgets/Hotkey_Slot_Widget.Hotkey_Slot_Widget_C:ExecuteUbergraph_Hotkey_Slot_Widget
[2018.11.04-20.40.30:961][  0]LogUObjectGlobals: Created PersistentFrame Addr=0x0000022e1b1caa20, Size=136, Default__Hotkey_Widget_C Function /Game/UI/Inventory/Widgets/Hotkey_Widget.Hotkey_Widget_C:ExecuteUbergraph_Hotkey_Widget
[2018.11.04-20.40.31:022][  0]LogUObjectGlobals: Created PersistentFrame Addr=0x0000022e1bbd1780, Size=192, Default__Inventory_Widget_C Function /Game/UI/Inventory/Widgets/Inventory_Widget.Inventory_Widget_C:ExecuteUbergraph_Inventory_Widget
[2018.11.04-20.40.31:025][  0]LogUObjectGlobals: Created PersistentFrame Addr=0x0000022e1b5e0bb0, Size=12, Default__Action_Menu_Widget_C Function /Game/UI/Inventory/Widgets/Action_Menu_Widget.Action_Menu_Widget_C:ExecuteUbergraph_Action_Menu_Widget
[2018.11.04-20.40.31:045][  0]LogUObjectGlobals: Created PersistentFrame Addr=0x0000022e7a1cd8c0, Size=4, Default__Main_Inventory_Widget_C Function /Game/UI/Inventory/Widgets/Main_Inventory_Widget.Main_Inventory_Widget_C:ExecuteUbergraph_Main_Inventory_Widget
[2018.11.04-20.40.31:071][  0]LogUObjectGlobals: Created PersistentFrame Addr=0x0000022e1b15bba0, Size=208, Default__Crafting_Menu_Widget_C Function /Game/UI/Inventory/Widgets/Crafting_Menu_Widget.Crafting_Menu_Widget_C:ExecuteUbergraph_Crafting_Menu_Widget
[2018.11.04-20.40.31:089][  0]LogUObjectGlobals: Created PersistentFrame Addr=0x0000022e7a1cc740, Size=4, Default__Craftable_Item_Widget_C Function /Game/UI/Inventory/Widgets/Craftable_Item_Widget.Craftable_Item_Widget_C:ExecuteUbergraph_Craftable_Item_Widget
[2018.11.04-20.40.31:105][  0]LogUObjectGlobals: Created PersistentFrame Addr=0x0000022e1ae2b200, Size=432, Default__Discard_Widget_C Function /Game/UI/Inventory/Widgets/Discard_Widget.Discard_Widget_C:ExecuteUbergraph_Discard_Widget
[2018.11.04-20.40.31:174][  0]LogUObjectGlobals: Created PersistentFrame Addr=0x0000022e1ae22340, Size=272, Default__Obtained_Item_Widget_C Function /Game/UI/Inventory/Widgets/Obtained_Item_Widget.Obtained_Item_Widget_C:ExecuteUbergraph_Obtained_Item_Widget
[2018.11.04-20.40.31:296][  0]LogUObjectGlobals: Created PersistentFrame Addr=0x0000022e1ac68160, Size=32, Default__Holdable_BP_C Function /Game/BP/Holdable_BP.Holdable_BP_C:ExecuteUbergraph_Holdable_BP
[2018.11.04-20.40.31:296][  0]LogUObjectGlobals: Created PersistentFrame Addr=0x0000022e1ac2e980, Size=336, Default__Holdable_BP_C Function /Game/BP/Interactible_BP.Interactible_BP_C:ExecuteUbergraph_Interactible_BP
[2018.11.04-20.40.31:300][  0]LogUObjectGlobals: Created PersistentFrame Addr=0x0000022e1ac33d00, Size=128, Default__Item_BP_C Function /Game/BP/Item_BP.Item_BP_C:ExecuteUbergraph_Item_BP
[2018.11.04-20.40.31:300][  0]LogUObjectGlobals: Created PersistentFrame Addr=0x0000022e1ac1ffc0, Size=32, Default__Item_BP_C Function /Game/BP/Holdable_BP.Holdable_BP_C:ExecuteUbergraph_Holdable_BP
[2018.11.04-20.40.31:300][  0]LogUObjectGlobals: Created PersistentFrame Addr=0x0000022e1ac18700, Size=336, Default__Item_BP_C Function /Game/BP/Interactible_BP.Interactible_BP_C:ExecuteUbergraph_Interactible_BP
[2018.11.04-20.40.31:309][  0]LogUObjectGlobals: Created PersistentFrame Addr=0x0000022e1ac98da0, Size=16, Default__Weapon_BP_C Function /Game/BP/Weapon_BP.Weapon_BP_C:ExecuteUbergraph_Weapon_BP
[2018.11.04-20.40.31:309][  0]LogUObjectGlobals: Created PersistentFrame Addr=0x0000022e1ac33b00, Size=128, Default__Weapon_BP_C Function /Game/BP/Item_BP.Item_BP_C:ExecuteUbergraph_Item_BP
[2018.11.04-20.40.31:309][  0]LogUObjectGlobals: Created PersistentFrame Addr=0x0000022e1ac1ecc0, Size=32, Default__Weapon_BP_C Function /Game/BP/Holdable_BP.Holdable_BP_C:ExecuteUbergraph_Holdable_BP
[2018.11.04-20.40.31:309][  0]LogUObjectGlobals: Created PersistentFrame Addr=0x0000022e1ac12e00, Size=336, Default__Weapon_BP_C Function /Game/BP/Interactible_BP.Interactible_BP_C:ExecuteUbergraph_Interactible_BP
[2018.11.04-20.40.31:480][  0]LogUObjectGlobals: Created PersistentFrame Addr=0x0000022e1abdd600, Size=256, Default__FirstPersonProjectile_C Function /Game/FirstPersonBP/Blueprints/FirstPersonProjectile.FirstPersonProjectile_C:ExecuteUbergraph_FirstPersonProjectile
[2018.11.04-20.40.31:795][  0]LogUObjectGlobals: Destroyed PersistentFrame Addr=0x0000022e1b9633a0, Size=88
[2018.11.04-20.40.31:795][  0]LogUObjectGlobals: Created PersistentFrame Addr=0x0000022e02d4ab60, Size=88, Default__Derek_AnimBP_C Function /Engine/Transient.REINST_Derek_AnimBP_C_0:ExecuteUbergraph_Derek_AnimBP
[2018.11.04-20.40.31:795][  0]LogUObjectGlobals: Destroyed PersistentFrame Addr=0x0000022e1bad5580, Size=72
[2018.11.04-20.40.31:795][  0]LogUObjectGlobals: Created PersistentFrame Addr=0x0000022e02dca250, Size=72, Default__FirstPerson_AnimBP_C Function /Engine/Transient.REINST_FirstPerson_AnimBP_C_1:ExecuteUbergraph_FirstPerson_AnimBP
[2018.11.04-20.40.31:796][  0]LogUObjectGlobals: Destroyed PersistentFrame Addr=0x0000022e1abdd600, Size=256
[2018.11.04-20.40.31:796][  0]LogUObjectGlobals: Created PersistentFrame Addr=0x0000022e1a768c00, Size=256, Default__FirstPersonProjectile_C Function /Engine/Transient.REINST_FirstPersonProjectile_C_9:ExecuteUbergraph_FirstPersonProjectile
[2018.11.04-20.40.31:797][  0]LogUObjectGlobals: Destroyed PersistentFrame Addr=0x0000022e1bb8eb00, Size=336
[2018.11.04-20.40.31:797][  0]LogUObjectGlobals: Created PersistentFrame Addr=0x0000022e0328f580, Size=336, Default__Interactible_BP_C Function /Engine/Transient.REINST_Interactible_BP_C_10:ExecuteUbergraph_Interactible_BP
[2018.11.04-20.40.31:801][  0]LogUObjectGlobals: Destroyed PersistentFrame Addr=0x0000022e1bab4200, Size=472
[2018.11.04-20.40.31:801][  0]LogUObjectGlobals: Created PersistentFrame Addr=0x0000022e6ba95800, Size=472, Default__Inventory_BP_C Function /Engine/Transient.REINST_Inventory_BP_C_11:ExecuteUbergraph_Inventory_BP
[2018.11.04-20.40.31:802][  0]LogUObjectGlobals: Destroyed PersistentFrame Addr=0x0000022e1ac68160, Size=32
[2018.11.04-20.40.31:802][  0]LogUObjectGlobals: Destroyed PersistentFrame Addr=0x0000022e1ac2e980, Size=336
[2018.11.04-20.40.31:802][  0]LogUObjectGlobals: Created PersistentFrame Addr=0x0000022e032b6dc0, Size=32, Default__Holdable_BP_C Function /Engine/Transient.REINST_Holdable_BP_C_15:ExecuteUbergraph_Holdable_BP
[2018.11.04-20.40.31:802][  0]LogUObjectGlobals: Created PersistentFrame Addr=0x0000022e03269600, Size=336, Default__Holdable_BP_C Function /Engine/Transient.REINST_Interactible_BP_C_10:ExecuteUbergraph_Interactible_BP
[2018.11.04-20.40.31:804][  0]LogUObjectGlobals: Destroyed PersistentFrame Addr=0x0000022e1b5e0bb0, Size=12
[2018.11.04-20.40.31:804][  0]LogUObjectGlobals: Created PersistentFrame Addr=0x0000022e033b1150, Size=12, Default__Action_Menu_Widget_C Function /Engine/Transient.REINST_Action_Menu_Widget_C_0:ExecuteUbergraph_Action_Menu_Widget
[2018.11.04-20.40.31:805][  0]LogUObjectGlobals: Destroyed PersistentFrame Addr=0x0000022e7a1cc740, Size=4
[2018.11.04-20.40.31:805][  0]LogUObjectGlobals: Created PersistentFrame Addr=0x0000022e02d96a70, Size=4, Default__Craftable_Item_Widget_C Function /Engine/Transient.REINST_Craftable_Item_Widget_C_1:ExecuteUbergraph_Craftable_Item_Widget
[2018.11.04-20.40.31:809][  0]LogUObjectGlobals: Destroyed PersistentFrame Addr=0x0000022e1b15bba0, Size=208
[2018.11.04-20.40.31:809][  0]LogUObjectGlobals: Created PersistentFrame Addr=0x0000022e0323fe40, Size=208, Default__Crafting_Menu_Widget_C Function /Engine/Transient.REINST_Crafting_Menu_Widget_C_2:ExecuteUbergraph_Crafting_Menu_Widget
[2018.11.04-20.40.31:810][  0]LogUObjectGlobals: Destroyed PersistentFrame Addr=0x0000022e7a1cc230, Size=4
[2018.11.04-20.40.31:810][  0]LogUObjectGlobals: Created PersistentFrame Addr=0x0000022e02d96a60, Size=4, Default__Detail_Widget_C Function /Engine/Transient.REINST_Detail_Widget_C_3:ExecuteUbergraph_Detail_Widget
[2018.11.04-20.40.31:811][  0]LogUObjectGlobals: Destroyed PersistentFrame Addr=0x0000022e1ae2b200, Size=432
[2018.11.04-20.40.31:811][  0]LogUObjectGlobals: Created PersistentFrame Addr=0x0000022e0324ee80, Size=432, Default__Discard_Widget_C Function /Engine/Transient.REINST_Discard_Widget_C_4:ExecuteUbergraph_Discard_Widget
[2018.11.04-20.40.31:812][  0]LogUObjectGlobals: Destroyed PersistentFrame Addr=0x0000022e1b216b60, Size=136
[2018.11.04-20.40.31:812][  0]LogUObjectGlobals: Created PersistentFrame Addr=0x0000022e03237060, Size=136, Default__Dragged_Item_Widget_C Function /Engine/Transient.REINST_Dragged_Item_Widget_C_5:ExecuteUbergraph_Dragged_Item_Widget
[2018.11.04-20.40.31:816][  0]LogUObjectGlobals: Destroyed PersistentFrame Addr=0x0000022e1b9a1600, Size=1552
[2018.11.04-20.40.31:816][  0]LogUObjectGlobals: Created PersistentFrame Addr=0x0000022e03222b00, Size=1552, Default__FP_Char_Test_BP_C Function /Engine/Transient.REINST_FP_Char_Test_BP_C_16:ExecuteUbergraph_FP_Char_Test_BP
[2018.11.04-20.40.31:818][  0]LogUObjectGlobals: Destroyed PersistentFrame Addr=0x0000022e1b2217c0, Size=400
[2018.11.04-20.40.31:818][  0]LogUObjectGlobals: Created PersistentFrame Addr=0x0000022e0324cf00, Size=400, Default__Hotkey_Slot_Widget_C Function /Engine/Transient.REINST_Hotkey_Slot_Widget_C_6:ExecuteUbergraph_Hotkey_Slot_Widget
[2018.11.04-20.40.31:819][  0]LogUObjectGlobals: Destroyed PersistentFrame Addr=0x0000022e1b1caa20, Size=136
[2018.11.04-20.40.31:819][  0]LogUObjectGlobals: Created PersistentFrame Addr=0x0000022e0321d620, Size=136, Default__Hotkey_Widget_C Function /Engine/Transient.REINST_Hotkey_Widget_C_7:ExecuteUbergraph_Hotkey_Widget
[2018.11.04-20.40.31:822][  0]LogUObjectGlobals: Destroyed PersistentFrame Addr=0x0000022e1b5bb9c0, Size=296
[2018.11.04-20.40.31:822][  0]LogUObjectGlobals: Created PersistentFrame Addr=0x0000022e032faac0, Size=296, Default__Inventory_Slot_Widget_C Function /Engine/Transient.REINST_Inventory_Slot_Widget_C_8:ExecuteUbergraph_Inventory_Slot_Widget
[2018.11.04-20.40.31:826][  0]LogUObjectGlobals: Destroyed PersistentFrame Addr=0x0000022e1bbd1780, Size=192
[2018.11.04-20.40.31:826][  0]LogUObjectGlobals: Created PersistentFrame Addr=0x0000022e032eef80, Size=192, Default__Inventory_Widget_C Function /Engine/Transient.REINST_Inventory_Widget_C_9:ExecuteUbergraph_Inventory_Widget
[2018.11.04-20.40.31:827][  0]LogUObjectGlobals: Destroyed PersistentFrame Addr=0x0000022e1ac33d00, Size=128
[2018.11.04-20.40.31:827][  0]LogUObjectGlobals: Destroyed PersistentFrame Addr=0x0000022e1ac1ffc0, Size=32
[2018.11.04-20.40.31:827][  0]LogUObjectGlobals: Destroyed PersistentFrame Addr=0x0000022e1ac18700, Size=336
[2018.11.04-20.40.31:827][  0]LogUObjectGlobals: Created PersistentFrame Addr=0x0000022e0326e900, Size=128, Default__Item_BP_C Function /Engine/Transient.REINST_Item_BP_C_17:ExecuteUbergraph_Item_BP
[2018.11.04-20.40.31:827][  0]LogUObjectGlobals: Created PersistentFrame Addr=0x0000022e032b6960, Size=32, Default__Item_BP_C Function /Engine/Transient.REINST_Holdable_BP_C_15:ExecuteUbergraph_Holdable_BP
[2018.11.04-20.40.31:827][  0]LogUObjectGlobals: Created PersistentFrame Addr=0x0000022e03211780, Size=336, Default__Item_BP_C Function /Engine/Transient.REINST_Interactible_BP_C_10:ExecuteUbergraph_Interactible_BP
[2018.11.04-20.40.31:829][  0]LogUObjectGlobals: Destroyed PersistentFrame Addr=0x0000022e7a1cd8c0, Size=4
[2018.11.04-20.40.31:829][  0]LogUObjectGlobals: Created PersistentFrame Addr=0x0000022e02d96a18, Size=4, Default__Main_Inventory_Widget_C Function /Engine/Transient.REINST_Main_Inventory_Widget_C_10:ExecuteUbergraph_Main_Inventory_Widget
[2018.11.04-20.40.31:830][  0]LogUObjectGlobals: Destroyed PersistentFrame Addr=0x0000022e1b9956c0, Size=192
[2018.11.04-20.40.31:830][  0]LogUObjectGlobals: Created PersistentFrame Addr=0x0000022e032ee740, Size=192, Default__Note_Widget_C Function /Engine/Transient.REINST_Note_Widget_C_11:ExecuteUbergraph_Note_Widget
[2018.11.04-20.40.31:831][  0]LogUObjectGlobals: Destroyed PersistentFrame Addr=0x0000022e1ae22340, Size=272
[2018.11.04-20.40.31:832][  0]LogUObjectGlobals: Created PersistentFrame Addr=0x0000022e032fa200, Size=272, Default__Obtained_Item_Widget_C Function /Engine/Transient.REINST_Obtained_Item_Widget_C_12:ExecuteUbergraph_Obtained_Item_Widget
[2018.11.04-20.40.31:832][  0]LogUObjectGlobals: Destroyed PersistentFrame Addr=0x0000022e1ac98da0, Size=16
[2018.11.04-20.40.31:832][  0]LogUObjectGlobals: Destroyed PersistentFrame Addr=0x0000022e1ac33b00, Size=128
[2018.11.04-20.40.31:832][  0]LogUObjectGlobals: Destroyed PersistentFrame Addr=0x0000022e1ac1ecc0, Size=32
[2018.11.04-20.40.31:832][  0]LogUObjectGlobals: Destroyed PersistentFrame Addr=0x0000022e1ac12e00, Size=336
[2018.11.04-20.40.31:832][  0]LogUObjectGlobals: Created PersistentFrame Addr=0x0000022e033b1090, Size=16, Default__Weapon_BP_C Function /Engine/Transient.REINST_Weapon_BP_C_18:ExecuteUbergraph_Weapon_BP
[2018.11.04-20.40.31:832][  0]LogUObjectGlobals: Created PersistentFrame Addr=0x0000022e0326df00, Size=128, Default__Weapon_BP_C Function /Engine/Transient.REINST_Item_BP_C_17:ExecuteUbergraph_Item_BP
[2018.11.04-20.40.31:832][  0]LogUObjectGlobals: Created PersistentFrame Addr=0x0000022e032b6620, Size=32, Default__Weapon_BP_C Function /Engine/Transient.REINST_Holdable_BP_C_15:ExecuteUbergraph_Holdable_BP
[2018.11.04-20.40.31:832][  0]LogUObjectGlobals: Created PersistentFrame Addr=0x0000022e031f1180, Size=336, Default__Weapon_BP_C Function /Engine/Transient.REINST_Interactible_BP_C_10:ExecuteUbergraph_Interactible_BP
[2018.11.04-20.40.32:227][  0]LogUObjectGlobals: Created PersistentFrame Addr=0x0000022e037d1300, Size=88, Default__Derek_AnimBP_C Function /Game/Characters/Derek/Derek_AnimBP.Derek_AnimBP_C:ExecuteUbergraph_Derek_AnimBP
[2018.11.04-20.40.32:229][  0]LogUObjectGlobals: Created PersistentFrame Addr=0x0000022e037a05e0, Size=72, Default__FirstPerson_AnimBP_C Function /Game/FirstPerson/Animations/FirstPerson_AnimBP.FirstPerson_AnimBP_C:ExecuteUbergraph_FirstPerson_AnimBP
[2018.11.04-20.40.32:231][  0]LogUObjectGlobals: Created PersistentFrame Addr=0x0000022e03743200, Size=256, Default__FirstPersonProjectile_C Function /Game/FirstPersonBP/Blueprints/FirstPersonProjectile.FirstPersonProjectile_C:ExecuteUbergraph_FirstPersonProjectile
[2018.11.04-20.40.32:234][  0]LogUObjectGlobals: Created PersistentFrame Addr=0x0000022e03782500, Size=336, Default__Interactible_BP_C Function /Game/BP/Interactible_BP.Interactible_BP_C:ExecuteUbergraph_Interactible_BP
[2018.11.04-20.40.32:280][  0]LogUObjectGlobals: Created PersistentFrame Addr=0x0000022e0377f600, Size=472, Default__Inventory_BP_C Function /Game/BP/Inventory_BP.Inventory_BP_C:ExecuteUbergraph_Inventory_BP
[2018.11.04-20.40.32:295][  0]LogUObjectGlobals: Created PersistentFrame Addr=0x0000022e03569e60, Size=32, Default__Holdable_BP_C Function /Game/BP/Holdable_BP.Holdable_BP_C:ExecuteUbergraph_Holdable_BP
[2018.11.04-20.40.32:295][  0]LogUObjectGlobals: Created PersistentFrame Addr=0x0000022e034e2c80, Size=336, Default__Holdable_BP_C Function /Game/BP/Interactible_BP.Interactible_BP_C:ExecuteUbergraph_Interactible_BP
[2018.11.04-20.40.32:297][  0]LogUObjectGlobals: Created PersistentFrame Addr=0x0000022e03587170, Size=12, Default__Action_Menu_Widget_C Function /Game/UI/Inventory/Widgets/Action_Menu_Widget.Action_Menu_Widget_C:ExecuteUbergraph_Action_Menu_Widget
[2018.11.04-20.40.32:299][  0]LogUObjectGlobals: Created PersistentFrame Addr=0x0000022e036f2458, Size=4, Default__Craftable_Item_Widget_C Function /Game/UI/Inventory/Widgets/Craftable_Item_Widget.Craftable_Item_Widget_C:ExecuteUbergraph_Craftable_Item_Widget
[2018.11.04-20.40.32:310][  0]LogUObjectGlobals: Created PersistentFrame Addr=0x0000022e037766a0, Size=208, Default__Crafting_Menu_Widget_C Function /Game/UI/Inventory/Widgets/Crafting_Menu_Widget.Crafting_Menu_Widget_C:ExecuteUbergraph_Crafting_Menu_Widget
[2018.11.04-20.40.32:316][  0]LogUObjectGlobals: Created PersistentFrame Addr=0x0000022e036f1be8, Size=4, Default__Detail_Widget_C Function /Game/UI/Inventory/Widgets/Detail_Widget.Detail_Widget_C:ExecuteUbergraph_Detail_Widget
[2018.11.04-20.40.32:326][  0]LogUObjectGlobals: Created PersistentFrame Addr=0x0000022e043db900, Size=432, Default__Discard_Widget_C Function /Game/UI/Inventory/Widgets/Discard_Widget.Discard_Widget_C:ExecuteUbergraph_Discard_Widget
[2018.11.04-20.40.32:329][  0]LogUObjectGlobals: Created PersistentFrame Addr=0x0000022e043f42c0, Size=136, Default__Dragged_Item_Widget_C Function /Game/UI/Inventory/Widgets/Dragged_Item_Widget.Dragged_Item_Widget_C:ExecuteUbergraph_Dragged_Item_Widget
[2018.11.04-20.40.32:350][  0]LogUObjectGlobals: Created PersistentFrame Addr=0x0000022e042ae400, Size=1552, Default__FP_Char_Test_BP_C Function /Game/FirstPersonBP/Blueprints/FP_Char_Test_BP.FP_Char_Test_BP_C:ExecuteUbergraph_FP_Char_Test_BP
[2018.11.04-20.40.32:363][  0]LogUObjectGlobals: Created PersistentFrame Addr=0x0000022e04292080, Size=400, Default__Hotkey_Slot_Widget_C Function /Game/UI/Inventory/Widgets/Hotkey_Slot_Widget.Hotkey_Slot_Widget_C:ExecuteUbergraph_Hotkey_Slot_Widget
[2018.11.04-20.40.32:367][  0]LogUObjectGlobals: Created PersistentFrame Addr=0x0000022e04285da0, Size=136, Default__Hotkey_Widget_C Function /Game/UI/Inventory/Widgets/Hotkey_Widget.Hotkey_Widget_C:ExecuteUbergraph_Hotkey_Widget
[2018.11.04-20.40.32:373][  0]LogUObjectGlobals: Created PersistentFrame Addr=0x0000022e037f7240, Size=296, Default__Inventory_Slot_Widget_C Function /Game/UI/Inventory/Widgets/Inventory_Slot_Widget.Inventory_Slot_Widget_C:ExecuteUbergraph_Inventory_Slot_Widget
[2018.11.04-20.40.32:380][  0]LogUObjectGlobals: Created PersistentFrame Addr=0x0000022e04217400, Size=192, Default__Inventory_Widget_C Function /Game/UI/Inventory/Widgets/Inventory_Widget.Inventory_Widget_C:ExecuteUbergraph_Inventory_Widget
[2018.11.04-20.40.32:385][  0]LogUObjectGlobals: Created PersistentFrame Addr=0x0000022e04239f80, Size=128, Default__Item_BP_C Function /Game/BP/Item_BP.Item_BP_C:ExecuteUbergraph_Item_BP
[2018.11.04-20.40.32:385][  0]LogUObjectGlobals: Created PersistentFrame Addr=0x0000022e041a7e00, Size=32, Default__Item_BP_C Function /Game/BP/Holdable_BP.Holdable_BP_C:ExecuteUbergraph_Holdable_BP
[2018.11.04-20.40.32:385][  0]LogUObjectGlobals: Created PersistentFrame Addr=0x0000022e041f3580, Size=336, Default__Item_BP_C Function /Game/BP/Interactible_BP.Interactible_BP_C:ExecuteUbergraph_Interactible_BP
[2018.11.04-20.40.32:393][  0]LogUObjectGlobals: Created PersistentFrame Addr=0x0000022e036f05b8, Size=4, Default__Main_Inventory_Widget_C Function /Game/UI/Inventory/Widgets/Main_Inventory_Widget.Main_Inventory_Widget_C:ExecuteUbergraph_Main_Inventory_Widget
[2018.11.04-20.40.32:395][  0]LogUObjectGlobals: Created PersistentFrame Addr=0x0000022e04172b00, Size=192, Default__Note_Widget_C Function /Game/UI/Inventory/Widgets/Note_Widget.Note_Widget_C:ExecuteUbergraph_Note_Widget
[2018.11.04-20.40.32:398][  0]LogUObjectGlobals: Created PersistentFrame Addr=0x0000022e037f6980, Size=272, Default__Obtained_Item_Widget_C Function /Game/UI/Inventory/Widgets/Obtained_Item_Widget.Obtained_Item_Widget_C:ExecuteUbergraph_Obtained_Item_Widget
[2018.11.04-20.40.32:400][  0]LogUObjectGlobals: Created PersistentFrame Addr=0x0000022e03585ac0, Size=16, Default__Weapon_BP_C Function /Game/BP/Weapon_BP.Weapon_BP_C:ExecuteUbergraph_Weapon_BP
[2018.11.04-20.40.32:400][  0]LogUObjectGlobals: Created PersistentFrame Addr=0x0000022e0413fb80, Size=128, Default__Weapon_BP_C Function /Game/BP/Item_BP.Item_BP_C:ExecuteUbergraph_Item_BP
[2018.11.04-20.40.32:400][  0]LogUObjectGlobals: Created PersistentFrame Addr=0x0000022e041a5840, Size=32, Default__Weapon_BP_C Function /Game/BP/Holdable_BP.Holdable_BP_C:ExecuteUbergraph_Holdable_BP
[2018.11.04-20.40.32:400][  0]LogUObjectGlobals: Created PersistentFrame Addr=0x0000022e041f0400, Size=336, Default__Weapon_BP_C Function /Game/BP/Interactible_BP.Interactible_BP_C:ExecuteUbergraph_Interactible_BP
[2018.11.04-20.40.32:671][  0]LogUObjectGlobals: Created PersistentFrame Addr=0x0000022e03481828, Size=40, Default__Speed_Test_BP_C Function /Game/BP/Speed_Test_BP.Speed_Test_BP_C:ExecuteUbergraph_Speed_Test_BP
[2018.11.04-20.40.32:671][  0]LogUObjectGlobals: Created PersistentFrame Addr=0x0000022e0413dc80, Size=128, Default__Speed_Test_BP_C Function /Game/BP/Item_BP.Item_BP_C:ExecuteUbergraph_Item_BP
[2018.11.04-20.40.32:671][  0]LogUObjectGlobals: Created PersistentFrame Addr=0x0000022e041a5920, Size=32, Default__Speed_Test_BP_C Function /Game/BP/Holdable_BP.Holdable_BP_C:ExecuteUbergraph_Holdable_BP
[2018.11.04-20.40.32:671][  0]LogUObjectGlobals: Created PersistentFrame Addr=0x0000022e04123a00, Size=336, Default__Speed_Test_BP_C Function /Game/BP/Interactible_BP.Interactible_BP_C:ExecuteUbergraph_Interactible_BP
[2018.11.04-20.40.32:679][  0]LogUObjectGlobals: Destroyed PersistentFrame Addr=0x0000022e03481828, Size=40
[2018.11.04-20.40.32:679][  0]LogUObjectGlobals: Destroyed PersistentFrame Addr=0x0000022e0413dc80, Size=128
[2018.11.04-20.40.32:679][  0]LogUObjectGlobals: Destroyed PersistentFrame Addr=0x0000022e041a5920, Size=32
[2018.11.04-20.40.32:679][  0]LogUObjectGlobals: Destroyed PersistentFrame Addr=0x0000022e04123a00, Size=336
[2018.11.04-20.40.32:679][  0]LogUObjectGlobals: Created PersistentFrame Addr=0x0000022e03481828, Size=40, Default__Speed_Test_BP_C Function /Engine/Transient.REINST_Speed_Test_BP_C_47:ExecuteUbergraph_Speed_Test_BP
[2018.11.04-20.40.32:680][  0]LogUObjectGlobals: Created PersistentFrame Addr=0x0000022e0413dc80, Size=128, Default__Speed_Test_BP_C Function /Game/BP/Item_BP.Item_BP_C:ExecuteUbergraph_Item_BP
[2018.11.04-20.40.32:680][  0]LogUObjectGlobals: Created PersistentFrame Addr=0x0000022e041a5920, Size=32, Default__Speed_Test_BP_C Function /Game/BP/Holdable_BP.Holdable_BP_C:ExecuteUbergraph_Holdable_BP
[2018.11.04-20.40.32:680][  0]LogUObjectGlobals: Created PersistentFrame Addr=0x0000022e1ada3700, Size=336, Default__Speed_Test_BP_C Function /Game/BP/Interactible_BP.Interactible_BP_C:ExecuteUbergraph_Interactible_BP
[2018.11.04-20.40.32:686][  0]LogUObjectGlobals: Created PersistentFrame Addr=0x0000022e03481cd8, Size=40, Default__Speed_Test_BP_C Function /Game/BP/Speed_Test_BP.Speed_Test_BP_C:ExecuteUbergraph_Speed_Test_BP
[2018.11.04-20.40.32:687][  0]LogUObjectGlobals: Created PersistentFrame Addr=0x0000022e0413e180, Size=128, Default__Speed_Test_BP_C Function /Game/BP/Item_BP.Item_BP_C:ExecuteUbergraph_Item_BP
[2018.11.04-20.40.32:687][  0]LogUObjectGlobals: Created PersistentFrame Addr=0x0000022e041a74e0, Size=32, Default__Speed_Test_BP_C Function /Game/BP/Holdable_BP.Holdable_BP_C:ExecuteUbergraph_Holdable_BP
[2018.11.04-20.40.32:687][  0]LogUObjectGlobals: Created PersistentFrame Addr=0x0000022e1b5d5900, Size=336, Default__Speed_Test_BP_C Function /Game/BP/Interactible_BP.Interactible_BP_C:ExecuteUbergraph_Interactible_BP
[2018.11.04-20.40.32:698][  0]LogUObjectGlobals: Created PersistentFrame Addr=0x0000022e041764e0, Size=52, Default__FirstPersonHUD_C Function /Game/FirstPersonBP/Blueprints/FirstPersonHUD.FirstPersonHUD_C:ExecuteUbergraph_FirstPersonHUD
[2018.11.04-20.40.32:705][  0]LogUObjectGlobals: Destroyed PersistentFrame Addr=0x0000022e041764e0, Size=52
[2018.11.04-20.40.32:705][  0]LogUObjectGlobals: Created PersistentFrame Addr=0x0000022e041764e0, Size=52, Default__FirstPersonHUD_C Function /Engine/Transient.REINST_FirstPersonHUD_C_49:ExecuteUbergraph_FirstPersonHUD
[2018.11.04-20.40.32:710][  0]LogUObjectGlobals: Created PersistentFrame Addr=0x0000022e04176d68, Size=52, Default__FirstPersonHUD_C Function /Game/FirstPersonBP/Blueprints/FirstPersonHUD.FirstPersonHUD_C:ExecuteUbergraph_FirstPersonHUD
[2018.11.04-20.40.32:757][  0]LogUObjectGlobals: Created PersistentFrame Addr=0x0000022e035860c0, Size=16, Default__FirstPersonExampleMap_C Function /Game/FirstPersonBP/Maps/FirstPersonExampleMap.FirstPersonExampleMap_C:ExecuteUbergraph_FirstPersonExampleMap
[2018.11.04-20.40.32:759][  0]LogUObjectGlobals: Destroyed PersistentFrame Addr=0x0000022e035860c0, Size=16
[2018.11.04-20.40.32:760][  0]LogUObjectGlobals: Created PersistentFrame Addr=0x0000022e035860c0, Size=16, Default__FirstPersonExampleMap_C Function /Engine/Transient.REINST_FirstPersonExampleMap_C_53:ExecuteUbergraph_FirstPersonExampleMap
[2018.11.04-20.40.32:762][  0]LogUObjectGlobals: Created PersistentFrame Addr=0x0000022e03586a40, Size=16, Default__FirstPersonExampleMap_C Function /Game/FirstPersonBP/Maps/FirstPersonExampleMap.FirstPersonExampleMap_C:ExecuteUbergraph_FirstPersonExampleMap
[2018.11.04-20.40.34:294][  0]LogSkeletalMesh: Skeletal Mesh found in DDC [8.298237ms] /Game/FirstPerson/Character/Mesh/SK_Mannequin_Arms.SK_Mannequin_Arms
[2018.11.04-20.40.34:392][  0]LogSkeletalMesh: Skeletal Mesh found in DDC [7.017384ms] /Game/FirstPerson/FPWeapon/Mesh/SK_FPGun.SK_FPGun
[2018.11.04-20.40.34:422][  0]LogSkeletalMesh: Skeletal Mesh found in DDC [16.799994ms] /Game/Characters/Derek/Derek.Derek
[2018.11.04-20.40.35:301][  0]LogAIModule: Creating AISystem for world FirstPersonExampleMap
[2018.11.04-20.40.35:318][  0]LogEditorServer: Finished looking for orphan Actors (0.000 secs)
[2018.11.04-20.40.35:368][  0]LogUObjectGlobals: Destroyed PersistentFrame Addr=0x0000022e0954f200, Size=1040
[2018.11.04-20.40.35:369][  0]LogUObjectGlobals: Destroyed PersistentFrame Addr=0x0000022e0328f580, Size=336
[2018.11.04-20.40.35:369][  0]LogUObjectGlobals: Destroyed PersistentFrame Addr=0x0000022e02d4ab60, Size=88
[2018.11.04-20.40.35:369][  0]LogUObjectGlobals: Destroyed PersistentFrame Addr=0x0000022e02dca250, Size=72
[2018.11.04-20.40.35:369][  0]LogUObjectGlobals: Destroyed PersistentFrame Addr=0x0000022e032b6dc0, Size=32
[2018.11.04-20.40.35:369][  0]LogUObjectGlobals: Destroyed PersistentFrame Addr=0x0000022e03269600, Size=336
[2018.11.04-20.40.35:369][  0]LogUObjectGlobals: Destroyed PersistentFrame Addr=0x0000022e03222b00, Size=1552
[2018.11.04-20.40.35:369][  0]LogUObjectGlobals: Destroyed PersistentFrame Addr=0x0000022e6ba95800, Size=472
[2018.11.04-20.40.35:369][  0]LogUObjectGlobals: Destroyed PersistentFrame Addr=0x0000022e0326e900, Size=128
[2018.11.04-20.40.35:370][  0]LogUObjectGlobals: Destroyed PersistentFrame Addr=0x0000022e032b6960, Size=32
[2018.11.04-20.40.35:370][  0]LogUObjectGlobals: Destroyed PersistentFrame Addr=0x0000022e03211780, Size=336
[2018.11.04-20.40.35:370][  0]LogUObjectGlobals: Destroyed PersistentFrame Addr=0x0000022e032ee740, Size=192
[2018.11.04-20.40.35:370][  0]LogUObjectGlobals: Destroyed PersistentFrame Addr=0x0000022e033b1090, Size=16
[2018.11.04-20.40.35:370][  0]LogUObjectGlobals: Destroyed PersistentFrame Addr=0x0000022e0326df00, Size=128
[2018.11.04-20.40.35:370][  0]LogUObjectGlobals: Destroyed PersistentFrame Addr=0x0000022e032b6620, Size=32
[2018.11.04-20.40.35:370][  0]LogUObjectGlobals: Destroyed PersistentFrame Addr=0x0000022e031f1180, Size=336
[2018.11.04-20.40.35:370][  0]LogUObjectGlobals: Destroyed PersistentFrame Addr=0x0000022e032faac0, Size=296
[2018.11.04-20.40.35:370][  0]LogUObjectGlobals: Destroyed PersistentFrame Addr=0x0000022e02d96a60, Size=4
[2018.11.04-20.40.35:370][  0]LogUObjectGlobals: Destroyed PersistentFrame Addr=0x0000022e03237060, Size=136
[2018.11.04-20.40.35:370][  0]LogUObjectGlobals: Destroyed PersistentFrame Addr=0x0000022e0324cf00, Size=400
[2018.11.04-20.40.35:370][  0]LogUObjectGlobals: Destroyed PersistentFrame Addr=0x0000022e0321d620, Size=136
[2018.11.04-20.40.35:370][  0]LogUObjectGlobals: Destroyed PersistentFrame Addr=0x0000022e032eef80, Size=192
[2018.11.04-20.40.35:370][  0]LogUObjectGlobals: Destroyed PersistentFrame Addr=0x0000022e033b1150, Size=12
[2018.11.04-20.40.35:370][  0]LogUObjectGlobals: Destroyed PersistentFrame Addr=0x0000022e02d96a18, Size=4
[2018.11.04-20.40.35:370][  0]LogUObjectGlobals: Destroyed PersistentFrame Addr=0x0000022e0323fe40, Size=208
[2018.11.04-20.40.35:370][  0]LogUObjectGlobals: Destroyed PersistentFrame Addr=0x0000022e02d96a70, Size=4
[2018.11.04-20.40.35:370][  0]LogUObjectGlobals: Destroyed PersistentFrame Addr=0x0000022e0324ee80, Size=432
[2018.11.04-20.40.35:371][  0]LogUObjectGlobals: Destroyed PersistentFrame Addr=0x0000022e032fa200, Size=272
[2018.11.04-20.40.35:371][  0]LogUObjectGlobals: Destroyed PersistentFrame Addr=0x0000022e1a768c00, Size=256
[2018.11.04-20.40.35:372][  0]LogUObjectGlobals: Destroyed PersistentFrame Addr=0x0000022e03481828, Size=40
[2018.11.04-20.40.35:372][  0]LogUObjectGlobals: Destroyed PersistentFrame Addr=0x0000022e0413dc80, Size=128
[2018.11.04-20.40.35:372][  0]LogUObjectGlobals: Destroyed PersistentFrame Addr=0x0000022e041a5920, Size=32
[2018.11.04-20.40.35:372][  0]LogUObjectGlobals: Destroyed PersistentFrame Addr=0x0000022e1ada3700, Size=336
[2018.11.04-20.40.35:372][  0]LogUObjectGlobals: Destroyed PersistentFrame Addr=0x0000022e041764e0, Size=52
[2018.11.04-20.40.35:373][  0]LogUObjectGlobals: Destroyed PersistentFrame Addr=0x0000022e035860c0, Size=16
[2018.11.04-20.40.35:386][  0]Cmd: MAP CHECKDEP NOCLEARLOG
[2018.11.04-20.40.35:580][  0]MapCheck: Map check complete: 0 Error(s), 0 Warning(s), took 193.151ms to complete.
[2018.11.04-20.40.35:580][  0]LogFileHelpers: Loading map 'FirstPersonExampleMap' took 6.749
[2018.11.04-20.40.35:735][  0]LogStats: Warning: MetaData mismatch. Did you assign a stat to two groups? New //STATGROUP_Threads//SplashScreenThread///Thread_1ad0_0///####STATCAT_Advanced#### old //STATGROUP_Threads//SplashScreenThread///Thread_1624_0///####STATCAT_Advanced####
[2018.11.04-20.40.35:735][  0]LogCollectionManager: Loaded 0 collections in 0.003524 seconds
[2018.11.04-20.40.35:795][  0]LogFileCache: Scanning file cache for directory 'C:/Users/wesda/Documents/Unreal Projects/fall-2018-cielo-karcero/CieloKarcero/Saved/Collections/' took 0.01s
[2018.11.04-20.40.35:795][  0]LogFileCache: Scanning file cache for directory 'C:/Users/wesda/Documents/Unreal Projects/fall-2018-cielo-karcero/CieloKarcero/Content/Developers/wesda/Collections/' took 0.01s
[2018.11.04-20.40.35:795][  0]LogFileCache: Scanning file cache for directory 'C:/Users/wesda/Documents/Unreal Projects/fall-2018-cielo-karcero/CieloKarcero/Content/Collections/' took 0.01s
[2018.11.04-20.40.35:795][  0]LogCollectionManager: Rebuilt the GUID cache for 0 collections in 0.000000 seconds
[2018.11.04-20.40.35:810][  0]LogContentBrowser: Native class hierarchy populated in 0.0152 seconds. Added 2452 classes and 558 folders.
[2018.11.04-20.40.35:833][  0]LogContentBrowser: Native class hierarchy updated for 'WidgetCarousel' in 0.0004 seconds. Added 0 classes and 0 folders.
[2018.11.04-20.40.35:916][  0]LogContentBrowser: Native class hierarchy updated for 'AddContentDialog' in 0.0002 seconds. Added 0 classes and 0 folders.
[2018.11.04-20.40.35:933][  0]LogContentBrowser: Native class hierarchy updated for 'SceneOutliner' in 0.0004 seconds. Added 1 classes and 2 folders.
[2018.11.04-20.40.36:157][  0]LogSlate: Took 0.000315 seconds to synchronously load lazily loaded font '../../../Engine/Content/Slate/Fonts/Roboto-Bold.ttf' (160K)
[2018.11.04-20.40.36:170][  0]LogSlate: Took 0.000357 seconds to synchronously load lazily loaded font '../../../Engine/Content/Editor/Slate/Fonts/FontAwesome.ttf' (139K)
[2018.11.04-20.40.36:408][  0]LogRenderer: Reallocating scene render targets to support 1116x496 Format 9 NumSamples 1 (Frame:1).
[2018.11.04-20.40.36:590][  0]LogUObjectGlobals: Warning: Failed to find object 'Class None.'
[2018.11.04-20.40.36:629][  0]LogContentBrowser: Native class hierarchy updated for 'HierarchicalLODOutliner' in 0.0003 seconds. Added 0 classes and 0 folders.
[2018.11.04-20.40.36:631][  0]LogLoad: (Engine Initialization) Total time: 52.71 seconds
[2018.11.04-20.40.36:631][  0]LogLoad: (Engine Initialization) Total Blueprint compile time: 0.00 seconds
[2018.11.04-20.40.36:690][  0]LogContentStreaming: Texture pool size now 800 MB
[2018.11.04-20.40.36:700][  0]LogSlate: FSceneViewport::OnFocusLost() reason 2
[2018.11.04-20.40.36:739][  0]LogSlate: Took 0.000221 seconds to synchronously load lazily loaded font '../../../Engine/Content/Slate/Fonts/Roboto-Light.ttf' (167K)
[2018.11.04-20.40.38:128][  3]LogAssetRegistry: Asset discovery search completed in 44.3932 seconds
[2018.11.04-20.40.38:133][  3]LogCollectionManager: Rebuilt the object cache for 0 collections in 0.000001 seconds (found 0 objects)
[2018.11.04-20.40.38:133][  3]LogCollectionManager: Fixed up redirectors for 0 collections in 0.000154 seconds (updated 0 objects)
[2018.11.04-20.40.38:670][  4]LogSlate: Took 0.000271 seconds to synchronously load lazily loaded font '../../../Engine/Content/Slate/Fonts/Roboto-Light.ttf' (167K)
[2018.11.04-20.40.39:862][ 36]LogSlate: Window 'Message Log' being destroyed
[2018.11.04-20.40.39:891][ 36]LogSlate: Window 'Message Log' being destroyed
[2018.11.04-20.40.41:852][ 80]LogSlate: FSceneViewport::OnFocusLost() reason 0
[2018.11.04-20.40.42:070][ 85]LogContentBrowser: Native class hierarchy updated for 'SkeletonEditor' in 0.0003 seconds. Added 1 classes and 2 folders.
[2018.11.04-20.40.42:462][ 85]LogActorComponent: RegisterComponentWithWorld: (/Engine/Transient.World_8:PersistentLevel.Actor_0.DebugSkelMeshComponent_0) Already registered. Aborting.
[2018.11.04-20.40.42:471][ 85]LogContentBrowser: Native class hierarchy updated for 'PinnedCommandList' in 0.0006 seconds. Added 1 classes and 0 folders.
[2018.11.04-20.40.42:998][ 85]LogUObjectGlobals: Created PersistentFrame Addr=0x0000022e9f986ec0, Size=24, Default__BP_Portal_C Function /Game/Portals/BP_Portal.BP_Portal_C:ExecuteUbergraph_BP_Portal
[2018.11.04-20.40.43:006][ 85]LogUObjectGlobals: Created PersistentFrame Addr=0x0000022e9f986f50, Size=24, Default__BP_Portal_C Function /Game/Portals/BP_Portal.BP_Portal_C:ExecuteUbergraph_BP_Portal
[2018.11.04-20.40.43:046][ 85]LogUObjectGlobals: Destroyed PersistentFrame Addr=0x0000022e9f986f50, Size=24
[2018.11.04-20.40.43:046][ 85]LogUObjectGlobals: Created PersistentFrame Addr=0x0000022e9f985df8, Size=24, Default__BP_Portal_C Function /Engine/Transient.REINST_BP_Portal_C_65:ExecuteUbergraph_BP_Portal
[2018.11.04-20.40.43:079][ 85]LogUObjectGlobals: Created PersistentFrame Addr=0x0000022e9f984100, Size=24, Default__BP_Portal_C Function /Game/Portals/BP_Portal.BP_Portal_C:ExecuteUbergraph_BP_Portal
[2018.11.04-20.40.43:253][ 85]LogContentBrowser: Native class hierarchy updated for 'BlueprintGraph' in 0.0011 seconds. Added 116 classes and 0 folders.
[2018.11.04-20.40.43:851][ 85]LogUObjectGlobals: Created PersistentFrame Addr=0x0000022ea0fdc540, Size=4, Default__SKEL_PROTO_BP_AnimBlueprint_0_C Function /Engine/Transient.SKEL_PROTO_BP_AnimBlueprint_0_C:ExecuteUbergraph_PROTO_BP_AnimBlueprint_0
[2018.11.04-20.40.43:854][ 85]LogUObjectGlobals: Created PersistentFrame Addr=0x0000022ea0fdc538, Size=4, Default__PROTO_BP_AnimBlueprint_0_C Function /Engine/Transient.PROTO_BP_AnimBlueprint_0_C:ExecuteUbergraph_PROTO_BP_AnimBlueprint_0
[2018.11.04-20.40.44:533][ 85]LogSkeletalMesh: USkeletalMeshComponent::InitArticulated : Bodies already created (/Engine/Transient.World_8:PersistentLevel.Actor_0.DebugSkelMeshComponent_0) - call TermArticulated first.
[2018.11.04-20.40.47:844][ 85]LogActorComponent: RegisterComponentWithWorld: (/Engine/Transient.World_17:PersistentLevel.Actor_1.DebugSkelMeshComponent_2) Already registered. Aborting.
[2018.11.04-20.40.47:912][ 85]LogSkeletalMesh: USkeletalMeshComponent::InitArticulated : Bodies already created (/Engine/Transient.World_17:PersistentLevel.Actor_1.DebugSkelMeshComponent_2) - call TermArticulated first.
[2018.11.04-20.40.48:348][ 85]LogActorComponent: RegisterComponentWithWorld: (/Engine/Transient.World_18:PersistentLevel.Actor_2.DebugSkelMeshComponent_3) Already registered. Aborting.
[2018.11.04-20.40.48:406][ 85]LogSkeletalMesh: USkeletalMeshComponent::InitArticulated : Bodies already created (/Engine/Transient.World_18:PersistentLevel.Actor_2.DebugSkelMeshComponent_3) - call TermArticulated first.
[2018.11.04-20.40.55:060][100]LogContentBrowser: Native class hierarchy updated for 'ClothingSystemEditorInterface' in 0.0008 seconds. Added 1 classes and 0 folders.
[2018.11.04-20.40.55:111][100]LogRenderer: Reallocating scene render targets to support 1144x548 Format 9 NumSamples 1 (Frame:1).
[2018.11.04-20.40.55:111][100]LogContentBrowser: Verbose: The majority of assets in the view are of type: AnimSequence
[2018.11.04-20.41.00:591][184]LogSlate: FSceneViewport::OnFocusLost() reason 0
[2018.11.04-20.41.08:112][318]LogUObjectGlobals: Destroyed PersistentFrame Addr=0x0000022e9f985df8, Size=24
[2018.11.04-20.41.13:905][406]LogRenderer: Reallocating scene render targets to support 1144x924 Format 9 NumSamples 1 (Frame:1).
[2018.11.04-20.41.57:084][808]LogSavePackage: Save=30.19ms
[2018.11.04-20.41.57:084][808]LogSavePackage: Moving '../../../../../../Users/wesda/Documents/Unreal Projects/fall-2018-cielo-karcero/CieloKarcero/Saved/Assault_Rifle_1C4261BFE4F2672E3505F79912146F719.tmp' to '../../../../../../Users/wesda/Documents/Unreal Projects/fall-2018-cielo-karcero/CieloKarcero/Content/Meshes/Assault_Rifle_1.uasset'
[2018.11.04-20.41.57:092][808]LogSavePackage: Display: Finished SavePackage ../../../../../../Users/wesda/Documents/Unreal Projects/fall-2018-cielo-karcero/CieloKarcero/Content/Meshes/Assault_Rifle_1.uasset
[2018.11.04-20.42.01:506][901]LogEditorFactories: Performing atomic reimport of [C:/Users/wesda/Documents/Unreal Projects/fall-2018-cielo-karcero/MeshExports/Assault_Rifle_1.FBX]
[2018.11.04-20.42.01:560][901]LogFbx: Loading FBX Scene from C:/Users/wesda/Documents/Unreal Projects/fall-2018-cielo-karcero/MeshExports/Assault_Rifle_1.FBX
[2018.11.04-20.42.01:641][901]LogFbx: FBX Scene Loaded Succesfully
[2018.11.04-20.42.01:794][901]LogStaticMesh: Building static mesh Assault_Rifle_1...
[2018.11.04-20.42.02:498][901]LogStaticMesh: Built static mesh [0.71s] /Game/Meshes/Assault_Rifle_1.Assault_Rifle_1
[2018.11.04-20.42.02:572][901]LogStaticMesh: Warning: Assault_Rifle_1 has degenerate tangent bases which will result in incorrect shading.  MikkTSpace relies on tangent bases and may result in mesh corruption, consider disabling this option.
[2018.11.04-20.42.02:574][901]LogStaticMesh: Warning: Assault_Rifle_1 has some nearly zero bi-normals which can create some issues. (Tolerance of 1E-4)
[2018.11.04-20.42.02:663][901]LogEditorFactories: -- imported successfully
[2018.11.04-20.42.02:676][901]FBXImport: Warning: Mesh [Geometry have no name] in the fbx file is not reference by any hierarchy node. 
[2018.11.04-20.42.02:676][901]FBXImport: Warning: Mesh [Geometry have no name] in the fbx file is not reference by any hierarchy node. 
[2018.11.04-20.42.02:676][901]FBXImport: Warning: Mesh [Geometry have no name] in the fbx file is not reference by any hierarchy node. 
[2018.11.04-20.42.02:676][901]FBXImport: Warning: Mesh [Geometry have no name] in the fbx file is not reference by any hierarchy node. 
[2018.11.04-20.42.02:676][901]FBXImport: Warning: Mesh [Geometry have no name] in the fbx file is not reference by any hierarchy node. 
[2018.11.04-20.42.02:676][901]FBXImport: Warning: Mesh [Geometry have no name] in the fbx file is not reference by any hierarchy node. 
[2018.11.04-20.42.02:676][901]FBXImport: Warning: Mesh [Geometry have no name] in the fbx file is not reference by any hierarchy node. 
[2018.11.04-20.42.02:676][901]FBXImport: Warning: Assault_Rifle_1 has degenerate tangent bases which will result in incorrect shading.  MikkTSpace relies on tangent bases and may result in mesh corruption, consider disabling this option. 
[2018.11.04-20.42.02:676][901]FBXImport: Warning: Assault_Rifle_1 has some nearly zero bi-normals which can create some issues. (Tolerance of 1E-4) 
[2018.11.04-20.42.15:790][ 45]LogSlate: FSceneViewport::OnFocusLost() reason 0
[2018.11.04-20.42.29:473][136]LogSlate: FSceneViewport::OnFocusLost() reason 0
[2018.11.04-20.42.33:563][159]LogSavePackage: Save=16.77ms
[2018.11.04-20.42.33:563][159]LogSavePackage: Moving '../../../../../../Users/wesda/Documents/Unreal Projects/fall-2018-cielo-karcero/CieloKarcero/Saved/Derek_Skeleton3F91CB4B4473D70580FCBA957BE232EE.tmp' to '../../../../../../Users/wesda/Documents/Unreal Projects/fall-2018-cielo-karcero/CieloKarcero/Content/Characters/Derek/Derek_Skeleton.uasset'
[2018.11.04-20.42.33:571][159]LogSavePackage: Display: Finished SavePackage ../../../../../../Users/wesda/Documents/Unreal Projects/fall-2018-cielo-karcero/CieloKarcero/Content/Characters/Derek/Derek_Skeleton.uasset
[2018.11.04-20.42.35:637][177]LogSavePackage: Save=31.80ms
[2018.11.04-20.42.35:637][177]LogSavePackage: Moving '../../../../../../Users/wesda/Documents/Unreal Projects/fall-2018-cielo-karcero/CieloKarcero/Saved/Assault_Rifle_1515F72D04F2163552700FB93C124EF1C.tmp' to '../../../../../../Users/wesda/Documents/Unreal Projects/fall-2018-cielo-karcero/CieloKarcero/Content/Meshes/Assault_Rifle_1.uasset'
[2018.11.04-20.42.35:642][177]LogSavePackage: Display: Finished SavePackage ../../../../../../Users/wesda/Documents/Unreal Projects/fall-2018-cielo-karcero/CieloKarcero/Content/Meshes/Assault_Rifle_1.uasset
[2018.11.04-20.42.51:924][304]LogSlate: FSceneViewport::OnFocusLost() reason 0
[2018.11.04-20.43.15:463][454]LogSlate: FSceneViewport::OnFocusLost() reason 0
[2018.11.04-20.43.42:450][622]Cmd: TRANSACTION UNDO
[2018.11.04-20.43.42:451][622]LogEditorTransaction: Undo Translate Socket
[2018.11.04-20.43.43:335][622]LogActorComponent: RegisterComponentWithWorld: (/Engine/Transient.World_8:PersistentLevel.Actor_0.DebugSkelMeshComponent_0) Already registered. Aborting.
[2018.11.04-20.43.43:368][622]LogActorComponent: RegisterComponentWithWorld: (/Engine/Transient.World_17:PersistentLevel.Actor_1.DebugSkelMeshComponent_2) Already registered. Aborting.
[2018.11.04-20.43.43:377][622]LogActorComponent: RegisterComponentWithWorld: (/Engine/Transient.World_18:PersistentLevel.Actor_2.DebugSkelMeshComponent_3) Already registered. Aborting.
[2018.11.04-20.44.02:514][730]LogD3D11RHI: Timed out while waiting for GPU to catch up. (0.5 s)
[2018.11.04-20.44.02:534][730]LogD3D11RHI: Error: Result failed 
 at D:\Build\++UE4+Release-4.19+Compile\Sync\Engine\Source\Runtime\Windows\D3D11RHI\Private\D3D11Viewport.cpp:303 
 with error DXGI_ERROR_DEVICE_REMOVED DXGI_ERROR_DEVICE_HUNG
[2018.11.04-20.44.02:534][730]LogWindows: Windows GetLastError: The operation completed successfully. (0)
[2018.11.04-20.44.05:062][730]LogWindows: Windows GetLastError: The operation completed successfully. (0)
[2018.11.04-20.44.05:063][730]LogWindows: Error: === Critical error: ===
[2018.11.04-20.44.05:063][730]LogWindows: Error: 
[2018.11.04-20.44.05:063][730]LogWindows: Error: Fatal error: [File:D:\Build\++UE4+Release-4.19+Compile\Sync\Engine\Source\Runtime\RenderCore\Private\RenderingThread.cpp] [Line: 819] 
[2018.11.04-20.44.05:063][730]LogWindows: Error: Rendering thread exception:
[2018.11.04-20.44.05:063][730]LogWindows: Error: Fatal error: [File:D:\Build\++UE4+Release-4.19+Compile\Sync\Engine\Source\Runtime\Windows\D3D11RHI\Private\D3D11Util.cpp] [Line: 182] 
[2018.11.04-20.44.05:063][730]LogWindows: Error: Unreal Engine is exiting due to D3D device being lost. (Error: 0x887A0006 - 'HUNG')
[2018.11.04-20.44.05:063][730]LogWindows: Error: 
[2018.11.04-20.44.05:063][730]LogWindows: Error: 
[2018.11.04-20.44.05:063][730]LogWindows: Error: [Callstack] 0x000000006C1FA388 KERNELBASE.dll!UnknownFunction []
[2018.11.04-20.44.05:063][730]LogWindows: Error: [Callstack] 0x000000004CE67884 UE4Editor-ApplicationCore.dll!UnknownFunction []
[2018.11.04-20.44.05:063][730]LogWindows: Error: [Callstack] 0x000000000B7D6D9B UE4Editor-Core.dll!UnknownFunction []
[2018.11.04-20.44.05:064][730]LogWindows: Error: [Callstack] 0x000000000B711949 UE4Editor-Core.dll!UnknownFunction []
[2018.11.04-20.44.05:064][730]LogWindows: Error: [Callstack] 0x0000000012ECA0CF UE4Editor-D3D11RHI.dll!UnknownFunction []
[2018.11.04-20.44.05:064][730]LogWindows: Error: [Callstack] 0x0000000012ECE5E0 UE4Editor-D3D11RHI.dll!UnknownFunction []
[2018.11.04-20.44.05:064][730]LogWindows: Error: [Callstack] 0x0000000012EAD62A UE4Editor-D3D11RHI.dll!UnknownFunction []
[2018.11.04-20.44.05:064][730]LogWindows: Error: [Callstack] 0x0000000012EAD58C UE4Editor-D3D11RHI.dll!UnknownFunction []
[2018.11.04-20.44.05:064][730]LogWindows: Error: [Callstack] 0x0000000012EBAADF UE4Editor-D3D11RHI.dll!UnknownFunction []
[2018.11.04-20.44.05:064][730]LogWindows: Error: [Callstack] 0x000000003AE4F0B6 UE4Editor-RHI.dll!UnknownFunction []
[2018.11.04-20.44.05:064][730]LogWindows: Error: [Callstack] 0x0000000013911FF8 UE4Editor-SlateRHIRenderer.dll!UnknownFunction []
[2018.11.04-20.44.05:064][730]LogWindows: Error: [Callstack] 0x0000000013917C4C UE4Editor-SlateRHIRenderer.dll!UnknownFunction []
[2018.11.04-20.44.05:064][730]LogWindows: Error: [Callstack] 0x000000000B5EB713 UE4Editor-Core.dll!UnknownFunction []
[2018.11.04-20.44.05:064][730]LogWindows: Error: [Callstack] 0x000000000B5EBD3A UE4Editor-Core.dll!UnknownFunction []
[2018.11.04-20.44.05:064][730]LogWindows: Error: [Callstack] 0x0000000050313CC9 UE4Editor-RenderCore.dll!UnknownFunction []
[2018.11.04-20.44.05:064][730]LogWindows: Error: [Callstack] 0x0000000050314CF6 UE4Editor-RenderCore.dll!UnknownFunction []
[2018.11.04-20.44.05:064][730]LogWindows: Error: [Callstack] 0x000000000B9B9FFC UE4Editor-Core.dll!UnknownFunction []
[2018.11.04-20.44.05:064][730]LogWindows: Error: [Callstack] 0x000000000B9AED63 UE4Editor-Core.dll!UnknownFunction []
[2018.11.04-20.44.05:064][730]LogWindows: Error: [Callstack] 0x000000006F4A3034 KERNEL32.DLL!UnknownFunction []
[2018.11.04-20.44.05:065][730]LogWindows: Error: [Callstack] 0x000000006FA21461 ntdll.dll!UnknownFunction []
[2018.11.04-20.44.05:065][730]LogWindows: Error: [Callstack] 0x000000006FA21461 ntdll.dll!UnknownFunction []
[2018.11.04-20.44.05:065][730]LogWindows: Error: 
[2018.11.04-20.44.05:065][730]LogWindows: Error: 
[2018.11.04-20.44.05:065][730]LogWindows: Error: 
[2018.11.04-20.44.05:065][730]LogWindows: Error: 
[2018.11.04-20.44.05:092][730]LogExit: Executing StaticShutdownAfterError
[2018.11.04-20.44.05:108][730]LogWindows: FPlatformMisc::RequestExit(1)
[2018.11.04-20.44.05:108][730]Log file closed, 11/04/18 15:44:05
